#
# A fatal error has been detected by the Java Runtime Environment:
#
#  Internal Error (javaClasses.cpp:129), pid=11992, tid=139769774159616
#  fatal error: Invalid layout of preloaded class
#
# JRE version: 7.0_25-b30
# Java VM: OpenJDK 64-Bit Server VM (23.7-b01 mixed mode linux-amd64 compressed oops)
# Failed to write core dump. Core dumps have been disabled. To enable core dumping, try "ulimit -c unlimited" before starting Java again
#
# If you would like to submit a bug report, please include
# instructions on how to reproduce the bug and visit:
#   https://bugs.launchpad.net/ubuntu/+source/openjdk-7/
#

---------------  T H R E A D  ---------------

Current thread (0x00007f1ea8009000):  JavaThread "Unknown thread" [_thread_in_vm, id=11999, stack(0x00007f1eafad3000,0x00007f1eafbd4000)]

Stack: [0x00007f1eafad3000,0x00007f1eafbd4000],  sp=0x00007f1eafbd29a0,  free space=1022k
Native frames: (J=compiled Java code, j=interpreted, Vv=VM code, C=native code)
V  [libjvm.so+0x84e92b]  VMError::report_and_die()+0x16b
V  [libjvm.so+0x3ebd57]  report_fatal(char const*, int, char const*)+0x57
V  [libjvm.so+0x528efa]  compute_offset(int&, klassOopDesc*, Symbol*, Symbol*, bool) [clone .constprop.123]+0x11a
V  [libjvm.so+0x529166]  java_lang_String::compute_offsets()+0x36
V  [libjvm.so+0x7dcf8d]  SystemDictionary::initialize_preloaded_classes(Thread*)+0x3d
V  [libjvm.so+0x829288]  Universe::genesis(Thread*)+0x468
V  [libjvm.so+0x82973f]  universe2_init()+0x1f
V  [libjvm.so+0x4dde1a]  init_globals()+0x9a
V  [libjvm.so+0x80d26c]  Threads::create_vm(JavaVMInitArgs*, bool*)+0x39c
V  [libjvm.so+0x545278]  JNI_CreateJavaVM+0x58
C  [libjli.so+0x2b34]  __strcat_chk+0x2b34


---------------  P R O C E S S  ---------------

Java Threads: ( => current thread )

Other Threads:

=>0x00007f1ea8009000 (exited) JavaThread "Unknown thread" [_thread_in_vm, id=11999, stack(0x00007f1eafad3000,0x00007f1eafbd4000)]

VM state:not at safepoint (not fully initialized)

VM Mutex/Monitor currently owned by a thread: None

GC Heap History (0 events):
No events

Deoptimization events (0 events):
No events

Internal exceptions (0 events):
No events

Events (10 events):
Event: 0.984 loading class 0x00007f1ea8027650 done
Event: 0.985 loading class 0x00007f1ea8026ef0 done
Event: 0.985 loading class 0x00007f1ea8026ec0
Event: 0.985 loading class 0x00007f1ea8051e00
Event: 0.985 loading class 0x00007f1ea8051e00 done
Event: 0.985 loading class 0x00007f1ea8051e40
Event: 0.985 loading class 0x00007f1ea8051e40 done
Event: 0.985 loading class 0x00007f1ea8051e80
Event: 0.985 loading class 0x00007f1ea8051e80 done
Event: 0.986 loading class 0x00007f1ea8026ec0 done


Dynamic libraries:
00400000-00401000 r-xp 00000000 08:01 6557308                            /usr/lib/jvm/java-7-openjdk-amd64/jre/bin/java
00600000-00601000 r--p 00000000 08:01 6557308                            /usr/lib/jvm/java-7-openjdk-amd64/jre/bin/java
00601000-00602000 rw-p 00001000 08:01 6557308                            /usr/lib/jvm/java-7-openjdk-amd64/jre/bin/java
01ab8000-01ad9000 rw-p 00000000 00:00 0                                  [heap]
be000000-bf4c0000 rw-p 00000000 00:00 0 
bf4c0000-c8600000 rw-p 00000000 00:00 0 
c8600000-cab20000 rw-p 00000000 00:00 0 
cab20000-ed760000 rw-p 00000000 00:00 0 
ed760000-ee9e0000 rw-p 00000000 00:00 0 
ee9e0000-100000000 rw-p 00000000 00:00 0 
7f1e94000000-7f1e94021000 rw-p 00000000 00:00 0 
7f1e94021000-7f1e98000000 ---p 00000000 00:00 0 
7f1e9c000000-7f1e9c021000 rw-p 00000000 00:00 0 
7f1e9c021000-7f1ea0000000 ---p 00000000 00:00 0 
7f1ea257c000-7f1ea5000000 rw-p 00000000 00:00 0 
7f1ea5000000-7f1ea5270000 rwxp 00000000 00:00 0 
7f1ea5270000-7f1ea805c000 rw-p 00000000 00:00 0 
7f1ea805c000-7f1eac000000 ---p 00000000 00:00 0 
7f1eac0f3000-7f1eac1ee000 rw-p 00000000 00:00 0 
7f1eac1ee000-7f1eac2ac000 r--s 00fac000 08:01 17698782                   /home/meddan/android-sdks/platforms/android-15/android.jar
7f1eac2ac000-7f1eac2d4000 rw-p 00000000 00:00 0 
7f1eac2d4000-7f1eac2d5000 ---p 00000000 00:00 0 
7f1eac2d5000-7f1eac3d5000 rw-p 00000000 00:00 0                          [stack:12001]
7f1eac3d5000-7f1eac3d6000 ---p 00000000 00:00 0 
7f1eac3d6000-7f1eac4e1000 rw-p 00000000 00:00 0                          [stack:12000]
7f1eac4e1000-7f1eac529000 rw-p 00000000 00:00 0 
7f1eac529000-7f1eac53c000 rw-p 00000000 00:00 0 
7f1eac53c000-7f1eac652000 rw-p 00000000 00:00 0 
7f1eac652000-7f1eac65d000 rw-p 00000000 00:00 0 
7f1eac65d000-7f1eac6a5000 rw-p 00000000 00:00 0 
7f1eac6a5000-7f1eac6b8000 rw-p 00000000 00:00 0 
7f1eac6b8000-7f1eac7cd000 rw-p 00000000 00:00 0 
7f1eac7cd000-7f1eac7d7000 rw-p 00000000 00:00 0 
7f1eac7d7000-7f1eac862000 rw-p 00000000 00:00 0 
7f1eac862000-7f1eac863000 rw-p 00000000 00:00 0 
7f1eac863000-7f1eac86b000 r-xp 00000000 08:01 6557307                    /usr/lib/jvm/java-7-openjdk-amd64/jre/lib/amd64/libzip.so
7f1eac86b000-7f1eaca6a000 ---p 00008000 08:01 6557307                    /usr/lib/jvm/java-7-openjdk-amd64/jre/lib/amd64/libzip.so
7f1eaca6a000-7f1eaca6b000 r--p 00007000 08:01 6557307                    /usr/lib/jvm/java-7-openjdk-amd64/jre/lib/amd64/libzip.so
7f1eaca6b000-7f1eaca6c000 rw-p 00008000 08:01 6557307                    /usr/lib/jvm/java-7-openjdk-amd64/jre/lib/amd64/libzip.so
7f1eaca6c000-7f1eaca78000 r-xp 00000000 08:01 7343805                    /lib/x86_64-linux-gnu/libnss_files-2.17.so
7f1eaca78000-7f1eacc77000 ---p 0000c000 08:01 7343805                    /lib/x86_64-linux-gnu/libnss_files-2.17.so
7f1eacc77000-7f1eacc78000 r--p 0000b000 08:01 7343805                    /lib/x86_64-linux-gnu/libnss_files-2.17.so
7f1eacc78000-7f1eacc79000 rw-p 0000c000 08:01 7343805                    /lib/x86_64-linux-gnu/libnss_files-2.17.so
7f1eacc79000-7f1eacc84000 r-xp 00000000 08:01 7343809                    /lib/x86_64-linux-gnu/libnss_nis-2.17.so
7f1eacc84000-7f1eace83000 ---p 0000b000 08:01 7343809                    /lib/x86_64-linux-gnu/libnss_nis-2.17.so
7f1eace83000-7f1eace84000 r--p 0000a000 08:01 7343809                    /lib/x86_64-linux-gnu/libnss_nis-2.17.so
7f1eace84000-7f1eace85000 rw-p 0000b000 08:01 7343809                    /lib/x86_64-linux-gnu/libnss_nis-2.17.so
7f1eace85000-7f1eace9c000 r-xp 00000000 08:01 7343799                    /lib/x86_64-linux-gnu/libnsl-2.17.so
7f1eace9c000-7f1ead09b000 ---p 00017000 08:01 7343799                    /lib/x86_64-linux-gnu/libnsl-2.17.so
7f1ead09b000-7f1ead09c000 r--p 00016000 08:01 7343799                    /lib/x86_64-linux-gnu/libnsl-2.17.so
7f1ead09c000-7f1ead09d000 rw-p 00017000 08:01 7343799                    /lib/x86_64-linux-gnu/libnsl-2.17.so
7f1ead09d000-7f1ead09f000 rw-p 00000000 00:00 0 
7f1ead09f000-7f1ead0a7000 r-xp 00000000 08:01 7343801                    /lib/x86_64-linux-gnu/libnss_compat-2.17.so
7f1ead0a7000-7f1ead2a6000 ---p 00008000 08:01 7343801                    /lib/x86_64-linux-gnu/libnss_compat-2.17.so
7f1ead2a6000-7f1ead2a7000 r--p 00007000 08:01 7343801                    /lib/x86_64-linux-gnu/libnss_compat-2.17.so
7f1ead2a7000-7f1ead2a8000 rw-p 00008000 08:01 7343801                    /lib/x86_64-linux-gnu/libnss_compat-2.17.so
7f1ead2a8000-7f1ead2d3000 r-xp 00000000 08:01 6557292                    /usr/lib/jvm/java-7-openjdk-amd64/jre/lib/amd64/libjava.so
7f1ead2d3000-7f1ead4d2000 ---p 0002b000 08:01 6557292                    /usr/lib/jvm/java-7-openjdk-amd64/jre/lib/amd64/libjava.so
7f1ead4d2000-7f1ead4d3000 r--p 0002a000 08:01 6557292                    /usr/lib/jvm/java-7-openjdk-amd64/jre/lib/amd64/libjava.so
7f1ead4d3000-7f1ead4d5000 rw-p 0002b000 08:01 6557292                    /usr/lib/jvm/java-7-openjdk-amd64/jre/lib/amd64/libjava.so
7f1ead4d5000-7f1ead4e4000 r-xp 00000000 08:01 6557291                    /usr/lib/jvm/java-7-openjdk-amd64/jre/lib/amd64/libverify.so
7f1ead4e4000-7f1ead6e3000 ---p 0000f000 08:01 6557291                    /usr/lib/jvm/java-7-openjdk-amd64/jre/lib/amd64/libverify.so
7f1ead6e3000-7f1ead6e5000 r--p 0000e000 08:01 6557291                    /usr/lib/jvm/java-7-openjdk-amd64/jre/lib/amd64/libverify.so
7f1ead6e5000-7f1ead6e6000 rw-p 00010000 08:01 6557291                    /usr/lib/jvm/java-7-openjdk-amd64/jre/lib/amd64/libverify.so
7f1ead6e6000-7f1ead6ed000 r-xp 00000000 08:01 7343852                    /lib/x86_64-linux-gnu/librt-2.17.so
7f1ead6ed000-7f1ead8ec000 ---p 00007000 08:01 7343852                    /lib/x86_64-linux-gnu/librt-2.17.so
7f1ead8ec000-7f1ead8ed000 r--p 00006000 08:01 7343852                    /lib/x86_64-linux-gnu/librt-2.17.so
7f1ead8ed000-7f1ead8ee000 rw-p 00007000 08:01 7343852                    /lib/x86_64-linux-gnu/librt-2.17.so
7f1ead8ee000-7f1ead902000 r-xp 00000000 08:01 7343757                    /lib/x86_64-linux-gnu/libgcc_s.so.1
7f1ead902000-7f1eadb02000 ---p 00014000 08:01 7343757                    /lib/x86_64-linux-gnu/libgcc_s.so.1
7f1eadb02000-7f1eadb03000 r--p 00014000 08:01 7343757                    /lib/x86_64-linux-gnu/libgcc_s.so.1
7f1eadb03000-7f1eadb04000 rw-p 00015000 08:01 7343757                    /lib/x86_64-linux-gnu/libgcc_s.so.1
7f1eadb04000-7f1eadc07000 r-xp 00000000 08:01 7343780                    /lib/x86_64-linux-gnu/libm-2.17.so
7f1eadc07000-7f1eade07000 ---p 00103000 08:01 7343780                    /lib/x86_64-linux-gnu/libm-2.17.so
7f1eade07000-7f1eade08000 r--p 00103000 08:01 7343780                    /lib/x86_64-linux-gnu/libm-2.17.so
7f1eade08000-7f1eade09000 rw-p 00104000 08:01 7343780                    /lib/x86_64-linux-gnu/libm-2.17.so
7f1eade09000-7f1eadeee000 r-xp 00000000 08:01 5774909                    /usr/lib/x86_64-linux-gnu/libstdc++.so.6.0.17
7f1eadeee000-7f1eae0ed000 ---p 000e5000 08:01 5774909                    /usr/lib/x86_64-linux-gnu/libstdc++.so.6.0.17
7f1eae0ed000-7f1eae0f5000 r--p 000e4000 08:01 5774909                    /usr/lib/x86_64-linux-gnu/libstdc++.so.6.0.17
7f1eae0f5000-7f1eae0f7000 rw-p 000ec000 08:01 5774909                    /usr/lib/x86_64-linux-gnu/libstdc++.so.6.0.17
7f1eae0f7000-7f1eae10c000 rw-p 00000000 00:00 0 
7f1eae10c000-7f1eaeafc000 r-xp 00000000 08:01 6557296                    /usr/lib/jvm/java-7-openjdk-amd64/jre/lib/amd64/server/libjvm.so
7f1eaeafc000-7f1eaecfb000 ---p 009f0000 08:01 6557296                    /usr/lib/jvm/java-7-openjdk-amd64/jre/lib/amd64/server/libjvm.so
7f1eaecfb000-7f1eaed7a000 r--p 009ef000 08:01 6557296                    /usr/lib/jvm/java-7-openjdk-amd64/jre/lib/amd64/server/libjvm.so
7f1eaed7a000-7f1eaed9d000 rw-p 00a6e000 08:01 6557296                    /usr/lib/jvm/java-7-openjdk-amd64/jre/lib/amd64/server/libjvm.so
7f1eaed9d000-7f1eaedc8000 rw-p 00000000 00:00 0 
7f1eaedc8000-7f1eaedde000 r-xp 00000000 08:01 7343885                    /lib/x86_64-linux-gnu/libz.so.1.2.7
7f1eaedde000-7f1eaefdd000 ---p 00016000 08:01 7343885                    /lib/x86_64-linux-gnu/libz.so.1.2.7
7f1eaefdd000-7f1eaefde000 r--p 00015000 08:01 7343885                    /lib/x86_64-linux-gnu/libz.so.1.2.7
7f1eaefde000-7f1eaefdf000 rw-p 00016000 08:01 7343885                    /lib/x86_64-linux-gnu/libz.so.1.2.7
7f1eaefdf000-7f1eaeff7000 r-xp 00000000 08:01 7343844                    /lib/x86_64-linux-gnu/libpthread-2.17.so
7f1eaeff7000-7f1eaf1f6000 ---p 00018000 08:01 7343844                    /lib/x86_64-linux-gnu/libpthread-2.17.so
7f1eaf1f6000-7f1eaf1f7000 r--p 00017000 08:01 7343844                    /lib/x86_64-linux-gnu/libpthread-2.17.so
7f1eaf1f7000-7f1eaf1f8000 rw-p 00018000 08:01 7343844                    /lib/x86_64-linux-gnu/libpthread-2.17.so
7f1eaf1f8000-7f1eaf1fc000 rw-p 00000000 00:00 0 
7f1eaf1fc000-7f1eaf1ff000 r-xp 00000000 08:01 7343747                    /lib/x86_64-linux-gnu/libdl-2.17.so
7f1eaf1ff000-7f1eaf3fe000 ---p 00003000 08:01 7343747                    /lib/x86_64-linux-gnu/libdl-2.17.so
7f1eaf3fe000-7f1eaf3ff000 r--p 00002000 08:01 7343747                    /lib/x86_64-linux-gnu/libdl-2.17.so
7f1eaf3ff000-7f1eaf400000 rw-p 00003000 08:01 7343747                    /lib/x86_64-linux-gnu/libdl-2.17.so
7f1eaf400000-7f1eaf5be000 r-xp 00000000 08:01 7343732                    /lib/x86_64-linux-gnu/libc-2.17.so
7f1eaf5be000-7f1eaf7bd000 ---p 001be000 08:01 7343732                    /lib/x86_64-linux-gnu/libc-2.17.so
7f1eaf7bd000-7f1eaf7c1000 r--p 001bd000 08:01 7343732                    /lib/x86_64-linux-gnu/libc-2.17.so
7f1eaf7c1000-7f1eaf7c3000 rw-p 001c1000 08:01 7343732                    /lib/x86_64-linux-gnu/libc-2.17.so
7f1eaf7c3000-7f1eaf7c8000 rw-p 00000000 00:00 0 
7f1eaf7c8000-7f1eaf7d5000 r-xp 00000000 08:01 6557275                    /usr/lib/jvm/java-7-openjdk-amd64/jre/lib/amd64/jli/libjli.so
7f1eaf7d5000-7f1eaf9d4000 ---p 0000d000 08:01 6557275                    /usr/lib/jvm/java-7-openjdk-amd64/jre/lib/amd64/jli/libjli.so
7f1eaf9d4000-7f1eaf9d5000 r--p 0000c000 08:01 6557275                    /usr/lib/jvm/java-7-openjdk-amd64/jre/lib/amd64/jli/libjli.so
7f1eaf9d5000-7f1eaf9d6000 rw-p 0000d000 08:01 6557275                    /usr/lib/jvm/java-7-openjdk-amd64/jre/lib/amd64/jli/libjli.so
7f1eaf9d6000-7f1eaf9f9000 r-xp 00000000 08:01 7343708                    /lib/x86_64-linux-gnu/ld-2.17.so
7f1eafa13000-7f1eafa1d000 rw-p 00000000 00:00 0 
7f1eafa1d000-7f1eafad3000 rw-p 00000000 00:00 0 
7f1eafad3000-7f1eafad6000 ---p 00000000 00:00 0 
7f1eafad6000-7f1eafbd9000 rw-p 00000000 00:00 0                          [stack:11999]
7f1eafbea000-7f1eafbec000 rw-p 00000000 00:00 0 
7f1eafbec000-7f1eafbf4000 rw-s 00000000 08:01 6036509                    /tmp/hsperfdata_meddan/11992
7f1eafbf4000-7f1eafbf5000 rw-p 00000000 00:00 0 
7f1eafbf5000-7f1eafbf6000 r--p 00000000 00:00 0 
7f1eafbf6000-7f1eafbf8000 rw-p 00000000 00:00 0 
7f1eafbf8000-7f1eafbf9000 r--p 00022000 08:01 7343708                    /lib/x86_64-linux-gnu/ld-2.17.so
7f1eafbf9000-7f1eafbfb000 rw-p 00023000 08:01 7343708                    /lib/x86_64-linux-gnu/ld-2.17.so
7ffff4d84000-7ffff4da6000 rw-p 00000000 00:00 0                          [stack]
7ffff4dfe000-7ffff4e00000 r-xp 00000000 00:00 0                          [vdso]
ffffffffff600000-ffffffffff601000 r-xp 00000000 00:00 0                  [vsyscall]

VM Arguments:
jvm_args: -Dfile.encoding=UTF-8 -Xbootclasspath:/home/meddan/android-sdks/platforms/android-15/android.jar 
java_command: org.eclipse.jdt.internal.junit.runner.RemoteTestRunner -version 3 -port 54493 -testLoaderClass org.eclipse.jdt.internal.junit.runner.junit3.JUnit3TestLoader -loaderpluginname org.eclipse.jdt.junit.runtime -classNames se.chalmers.segway.tests.UpgradesManagerTest
Launcher Type: SUN_STANDARD

Environment Variables:
PATH=/home/meddan/bin:/usr/lib/lightdm/lightdm:/usr/local/sbin:/usr/local/bin:/usr/sbin:/usr/bin:/sbin:/bin:/usr/games:/usr/local/games:/home/meddan/bin:/home/meddan/android-sdks/tools:/home/meddan/android-sdks/platform-tools
SHELL=/bin/bash
DISPLAY=:0.0

Signal Handlers:
SIGSEGV: [libjvm.so+0x84f410], sa_mask[0]=0x7ffbfeff, sa_flags=0x10000004
SIGBUS: [libjvm.so+0x84f410], sa_mask[0]=0x7ffbfeff, sa_flags=0x10000004
SIGFPE: [libjvm.so+0x6f19a0], sa_mask[0]=0x7ffbfeff, sa_flags=0x10000004
SIGPIPE: [libjvm.so+0x6f19a0], sa_mask[0]=0x7ffbfeff, sa_flags=0x10000004
SIGXFSZ: [libjvm.so+0x6f19a0], sa_mask[0]=0x7ffbfeff, sa_flags=0x10000004
SIGILL: [libjvm.so+0x6f19a0], sa_mask[0]=0x7ffbfeff, sa_flags=0x10000004
SIGUSR1: SIG_DFL, sa_mask[0]=0x00000000, sa_flags=0x00000000
SIGUSR2: [libjvm.so+0x6f1d70], sa_mask[0]=0x00000004, sa_flags=0x10000004
SIGHUP: SIG_DFL, sa_mask[0]=0x00000000, sa_flags=0x00000000
SIGINT: SIG_DFL, sa_mask[0]=0x00000000, sa_flags=0x00000000
SIGTERM: SIG_DFL, sa_mask[0]=0x00000000, sa_flags=0x00000000
SIGQUIT: SIG_DFL, sa_mask[0]=0x00000000, sa_flags=0x00000000


---------------  S Y S T E M  ---------------

OS:Ubuntu 13.04 (raring)
uname:Linux 3.8.0-30-generic #44-Ubuntu SMP Thu Aug 22 20:52:24 UTC 2013 x86_64
libc:glibc 2.17 NPTL 2.17 
rlimit: STACK 8192k, CORE 0k, NPROC 28309, NOFILE 4096, AS infinity
load average:0.66 0.63 0.88

/proc/meminfo:
MemTotal:        3642748 kB
MemFree:          589812 kB
Buffers:           77596 kB
Cached:           878776 kB
SwapCached:       197336 kB
Active:          1296988 kB
Inactive:        1465572 kB
Active(anon):    1009148 kB
Inactive(anon):   810332 kB
Active(file):     287840 kB
Inactive(file):   655240 kB
Unevictable:          48 kB
Mlocked:              48 kB
SwapTotal:       3779580 kB
SwapFree:        3488324 kB
Dirty:               128 kB
Writeback:             0 kB
AnonPages:       1706892 kB
Mapped:           115176 kB
Shmem:             13244 kB
Slab:              79904 kB
SReclaimable:      46532 kB
SUnreclaim:        33372 kB
KernelStack:        4512 kB
PageTables:        46776 kB
NFS_Unstable:          0 kB
Bounce:                0 kB
WritebackTmp:          0 kB
CommitLimit:     5600952 kB
Committed_AS:    5659900 kB
VmallocTotal:   34359738367 kB
VmallocUsed:      283928 kB
VmallocChunk:   34359404328 kB
HardwareCorrupted:     0 kB
AnonHugePages:         0 kB
HugePages_Total:       0
HugePages_Free:        0
HugePages_Rsvd:        0
HugePages_Surp:        0
Hugepagesize:       2048 kB
DirectMap4k:       48124 kB
DirectMap2M:     2686976 kB
DirectMap1G:     1048576 kB


CPU:total 2 (2 cores per cpu, 1 threads per core) family 20 model 2 stepping 0, cmov, cx8, fxsr, mmx, sse, sse2, sse3, ssse3, popcnt, mmxext, lzcnt, sse4a, tsc, tscinvbit, tscinv

/proc/cpuinfo:
processor	: 0
vendor_id	: AuthenticAMD
cpu family	: 20
model		: 2
model name	: AMD E-450 APU with Radeon(tm) HD Graphics
stepping	: 0
microcode	: 0x500010d
cpu MHz		: 825.000
cache size	: 512 KB
physical id	: 0
siblings	: 2
core id		: 0
cpu cores	: 2
apicid		: 0
initial apicid	: 0
fpu		: yes
fpu_exception	: yes
cpuid level	: 6
wp		: yes
flags		: fpu vme de pse tsc msr pae mce cx8 apic sep mtrr pge mca cmov pat pse36 clflush mmx fxsr sse sse2 ht syscall nx mmxext fxsr_opt pdpe1gb rdtscp lm constant_tsc rep_good nopl nonstop_tsc extd_apicid aperfmperf pni monitor ssse3 cx16 popcnt lahf_lm cmp_legacy svm extapic cr8_legacy abm sse4a misalignsse 3dnowprefetch ibs skinit wdt arat hw_pstate npt lbrv svm_lock nrip_save pausefilter
bogomips	: 3293.24
TLB size	: 1024 4K pages
clflush size	: 64
cache_alignment	: 64
address sizes	: 36 bits physical, 48 bits virtual
power management: ts ttp tm stc 100mhzsteps hwpstate

processor	: 1
vendor_id	: AuthenticAMD
cpu family	: 20
model		: 2
model name	: AMD E-450 APU with Radeon(tm) HD Graphics
stepping	: 0
microcode	: 0x500010d
cpu MHz		: 1650.000
cache size	: 512 KB
physical id	: 0
siblings	: 2
core id		: 1
cpu cores	: 2
apicid		: 1
initial apicid	: 1
fpu		: yes
fpu_exception	: yes
cpuid level	: 6
wp		: yes
flags		: fpu vme de pse tsc msr pae mce cx8 apic sep mtrr pge mca cmov pat pse36 clflush mmx fxsr sse sse2 ht syscall nx mmxext fxsr_opt pdpe1gb rdtscp lm constant_tsc rep_good nopl nonstop_tsc extd_apicid aperfmperf pni monitor ssse3 cx16 popcnt lahf_lm cmp_legacy svm extapic cr8_legacy abm sse4a misalignsse 3dnowprefetch ibs skinit wdt arat hw_pstate npt lbrv svm_lock nrip_save pausefilter
bogomips	: 3293.24
TLB size	: 1024 4K pages
clflush size	: 64
cache_alignment	: 64
address sizes	: 36 bits physical, 48 bits virtual
power management: ts ttp tm stc 100mhzsteps hwpstate



Memory: 4k page, physical 3642748k(589812k free), swap 3779580k(3488324k free)

vm_info: OpenJDK 64-Bit Server VM (23.7-b01) for linux-amd64 JRE (1.7.0_25-b30), built on Jul  3 2013 13:50:39 by "buildd" with gcc 4.7.3

time: Thu Oct  3 15:17:35 2013
elapsed time: 1 seconds

