#
# A fatal error has been detected by the Java Runtime Environment:
#
#  Internal Error (javaClasses.cpp:129), pid=12060, tid=139987290892032
#  fatal error: Invalid layout of preloaded class
#
# JRE version: 7.0_25-b30
# Java VM: OpenJDK 64-Bit Server VM (23.7-b01 mixed mode linux-amd64 compressed oops)
# Failed to write core dump. Core dumps have been disabled. To enable core dumping, try "ulimit -c unlimited" before starting Java again
#
# If you would like to submit a bug report, please include
# instructions on how to reproduce the bug and visit:
#   https://bugs.launchpad.net/ubuntu/+source/openjdk-7/
#

---------------  T H R E A D  ---------------

Current thread (0x00007f514c009000):  JavaThread "Unknown thread" [_thread_in_vm, id=12062, stack(0x00007f5154af2000,0x00007f5154bf3000)]

Stack: [0x00007f5154af2000,0x00007f5154bf3000],  sp=0x00007f5154bf19a0,  free space=1022k
Native frames: (J=compiled Java code, j=interpreted, Vv=VM code, C=native code)
V  [libjvm.so+0x84e92b]  VMError::report_and_die()+0x16b
V  [libjvm.so+0x3ebd57]  report_fatal(char const*, int, char const*)+0x57
V  [libjvm.so+0x528efa]  compute_offset(int&, klassOopDesc*, Symbol*, Symbol*, bool) [clone .constprop.123]+0x11a
V  [libjvm.so+0x529166]  java_lang_String::compute_offsets()+0x36
V  [libjvm.so+0x7dcf8d]  SystemDictionary::initialize_preloaded_classes(Thread*)+0x3d
V  [libjvm.so+0x829288]  Universe::genesis(Thread*)+0x468
V  [libjvm.so+0x82973f]  universe2_init()+0x1f
V  [libjvm.so+0x4dde1a]  init_globals()+0x9a
V  [libjvm.so+0x80d26c]  Threads::create_vm(JavaVMInitArgs*, bool*)+0x39c
V  [libjvm.so+0x545278]  JNI_CreateJavaVM+0x58
C  [libjli.so+0x2b34]  __strcat_chk+0x2b34


---------------  P R O C E S S  ---------------

Java Threads: ( => current thread )

Other Threads:

=>0x00007f514c009000 (exited) JavaThread "Unknown thread" [_thread_in_vm, id=12062, stack(0x00007f5154af2000,0x00007f5154bf3000)]

VM state:not at safepoint (not fully initialized)

VM Mutex/Monitor currently owned by a thread: None

GC Heap History (0 events):
No events

Deoptimization events (0 events):
No events

Internal exceptions (0 events):
No events

Events (10 events):
Event: 1.394 loading class 0x00007f514c027650 done
Event: 1.394 loading class 0x00007f514c026ef0 done
Event: 1.394 loading class 0x00007f514c026ec0
Event: 1.394 loading class 0x00007f514c051e00
Event: 1.395 loading class 0x00007f514c051e00 done
Event: 1.395 loading class 0x00007f514c051e40
Event: 1.395 loading class 0x00007f514c051e40 done
Event: 1.395 loading class 0x00007f514c051e80
Event: 1.395 loading class 0x00007f514c051e80 done
Event: 1.395 loading class 0x00007f514c026ec0 done


Dynamic libraries:
00400000-00401000 r-xp 00000000 08:01 6557308                            /usr/lib/jvm/java-7-openjdk-amd64/jre/bin/java
00600000-00601000 r--p 00000000 08:01 6557308                            /usr/lib/jvm/java-7-openjdk-amd64/jre/bin/java
00601000-00602000 rw-p 00001000 08:01 6557308                            /usr/lib/jvm/java-7-openjdk-amd64/jre/bin/java
00cf5000-00d16000 rw-p 00000000 00:00 0                                  [heap]
be000000-bf4c0000 rw-p 00000000 00:00 0 
bf4c0000-c8600000 rw-p 00000000 00:00 0 
c8600000-cab20000 rw-p 00000000 00:00 0 
cab20000-ed760000 rw-p 00000000 00:00 0 
ed760000-ee9e0000 rw-p 00000000 00:00 0 
ee9e0000-100000000 rw-p 00000000 00:00 0 
7f5138000000-7f5138021000 rw-p 00000000 00:00 0 
7f5138021000-7f513c000000 ---p 00000000 00:00 0 
7f5140000000-7f5140021000 rw-p 00000000 00:00 0 
7f5140021000-7f5144000000 ---p 00000000 00:00 0 
7f5146f00000-7f5149000000 rw-p 00000000 00:00 0 
7f5149000000-7f5149270000 rwxp 00000000 00:00 0 
7f5149270000-7f514c05c000 rw-p 00000000 00:00 0 
7f514c05c000-7f5150000000 ---p 00000000 00:00 0 
7f515078e000-7f51509cd000 rw-p 00000000 00:00 0 
7f51509cd000-7f5150a8b000 r--s 00fac000 08:01 17698782                   /home/meddan/android-sdks/platforms/android-15/android.jar
7f5150a8b000-7f51512f3000 rw-p 00000000 00:00 0 
7f51512f3000-7f51512f4000 ---p 00000000 00:00 0 
7f51512f4000-7f51513f4000 rw-p 00000000 00:00 0                          [stack:12070]
7f51513f4000-7f51513f5000 ---p 00000000 00:00 0 
7f51513f5000-7f5151500000 rw-p 00000000 00:00 0                          [stack:12069]
7f5151500000-7f5151548000 rw-p 00000000 00:00 0 
7f5151548000-7f515155b000 rw-p 00000000 00:00 0 
7f515155b000-7f5151671000 rw-p 00000000 00:00 0 
7f5151671000-7f515167c000 rw-p 00000000 00:00 0 
7f515167c000-7f51516c4000 rw-p 00000000 00:00 0 
7f51516c4000-7f51516d7000 rw-p 00000000 00:00 0 
7f51516d7000-7f51517ec000 rw-p 00000000 00:00 0 
7f51517ec000-7f51517f6000 rw-p 00000000 00:00 0 
7f51517f6000-7f5151881000 rw-p 00000000 00:00 0 
7f5151881000-7f5151882000 rw-p 00000000 00:00 0 
7f5151882000-7f515188a000 r-xp 00000000 08:01 6557307                    /usr/lib/jvm/java-7-openjdk-amd64/jre/lib/amd64/libzip.so
7f515188a000-7f5151a89000 ---p 00008000 08:01 6557307                    /usr/lib/jvm/java-7-openjdk-amd64/jre/lib/amd64/libzip.so
7f5151a89000-7f5151a8a000 r--p 00007000 08:01 6557307                    /usr/lib/jvm/java-7-openjdk-amd64/jre/lib/amd64/libzip.so
7f5151a8a000-7f5151a8b000 rw-p 00008000 08:01 6557307                    /usr/lib/jvm/java-7-openjdk-amd64/jre/lib/amd64/libzip.so
7f5151a8b000-7f5151a97000 r-xp 00000000 08:01 7343805                    /lib/x86_64-linux-gnu/libnss_files-2.17.so
7f5151a97000-7f5151c96000 ---p 0000c000 08:01 7343805                    /lib/x86_64-linux-gnu/libnss_files-2.17.so
7f5151c96000-7f5151c97000 r--p 0000b000 08:01 7343805                    /lib/x86_64-linux-gnu/libnss_files-2.17.so
7f5151c97000-7f5151c98000 rw-p 0000c000 08:01 7343805                    /lib/x86_64-linux-gnu/libnss_files-2.17.so
7f5151c98000-7f5151ca3000 r-xp 00000000 08:01 7343809                    /lib/x86_64-linux-gnu/libnss_nis-2.17.so
7f5151ca3000-7f5151ea2000 ---p 0000b000 08:01 7343809                    /lib/x86_64-linux-gnu/libnss_nis-2.17.so
7f5151ea2000-7f5151ea3000 r--p 0000a000 08:01 7343809                    /lib/x86_64-linux-gnu/libnss_nis-2.17.so
7f5151ea3000-7f5151ea4000 rw-p 0000b000 08:01 7343809                    /lib/x86_64-linux-gnu/libnss_nis-2.17.so
7f5151ea4000-7f5151ebb000 r-xp 00000000 08:01 7343799                    /lib/x86_64-linux-gnu/libnsl-2.17.so
7f5151ebb000-7f51520ba000 ---p 00017000 08:01 7343799                    /lib/x86_64-linux-gnu/libnsl-2.17.so
7f51520ba000-7f51520bb000 r--p 00016000 08:01 7343799                    /lib/x86_64-linux-gnu/libnsl-2.17.so
7f51520bb000-7f51520bc000 rw-p 00017000 08:01 7343799                    /lib/x86_64-linux-gnu/libnsl-2.17.so
7f51520bc000-7f51520be000 rw-p 00000000 00:00 0 
7f51520be000-7f51520c6000 r-xp 00000000 08:01 7343801                    /lib/x86_64-linux-gnu/libnss_compat-2.17.so
7f51520c6000-7f51522c5000 ---p 00008000 08:01 7343801                    /lib/x86_64-linux-gnu/libnss_compat-2.17.so
7f51522c5000-7f51522c6000 r--p 00007000 08:01 7343801                    /lib/x86_64-linux-gnu/libnss_compat-2.17.so
7f51522c6000-7f51522c7000 rw-p 00008000 08:01 7343801                    /lib/x86_64-linux-gnu/libnss_compat-2.17.so
7f51522c7000-7f51522f2000 r-xp 00000000 08:01 6557292                    /usr/lib/jvm/java-7-openjdk-amd64/jre/lib/amd64/libjava.so
7f51522f2000-7f51524f1000 ---p 0002b000 08:01 6557292                    /usr/lib/jvm/java-7-openjdk-amd64/jre/lib/amd64/libjava.so
7f51524f1000-7f51524f2000 r--p 0002a000 08:01 6557292                    /usr/lib/jvm/java-7-openjdk-amd64/jre/lib/amd64/libjava.so
7f51524f2000-7f51524f4000 rw-p 0002b000 08:01 6557292                    /usr/lib/jvm/java-7-openjdk-amd64/jre/lib/amd64/libjava.so
7f51524f4000-7f5152503000 r-xp 00000000 08:01 6557291                    /usr/lib/jvm/java-7-openjdk-amd64/jre/lib/amd64/libverify.so
7f5152503000-7f5152702000 ---p 0000f000 08:01 6557291                    /usr/lib/jvm/java-7-openjdk-amd64/jre/lib/amd64/libverify.so
7f5152702000-7f5152704000 r--p 0000e000 08:01 6557291                    /usr/lib/jvm/java-7-openjdk-amd64/jre/lib/amd64/libverify.so
7f5152704000-7f5152705000 rw-p 00010000 08:01 6557291                    /usr/lib/jvm/java-7-openjdk-amd64/jre/lib/amd64/libverify.so
7f5152705000-7f515270c000 r-xp 00000000 08:01 7343852                    /lib/x86_64-linux-gnu/librt-2.17.so
7f515270c000-7f515290b000 ---p 00007000 08:01 7343852                    /lib/x86_64-linux-gnu/librt-2.17.so
7f515290b000-7f515290c000 r--p 00006000 08:01 7343852                    /lib/x86_64-linux-gnu/librt-2.17.so
7f515290c000-7f515290d000 rw-p 00007000 08:01 7343852                    /lib/x86_64-linux-gnu/librt-2.17.so
7f515290d000-7f5152921000 r-xp 00000000 08:01 7343757                    /lib/x86_64-linux-gnu/libgcc_s.so.1
7f5152921000-7f5152b21000 ---p 00014000 08:01 7343757                    /lib/x86_64-linux-gnu/libgcc_s.so.1
7f5152b21000-7f5152b22000 r--p 00014000 08:01 7343757                    /lib/x86_64-linux-gnu/libgcc_s.so.1
7f5152b22000-7f5152b23000 rw-p 00015000 08:01 7343757                    /lib/x86_64-linux-gnu/libgcc_s.so.1
7f5152b23000-7f5152c26000 r-xp 00000000 08:01 7343780                    /lib/x86_64-linux-gnu/libm-2.17.so
7f5152c26000-7f5152e26000 ---p 00103000 08:01 7343780                    /lib/x86_64-linux-gnu/libm-2.17.so
7f5152e26000-7f5152e27000 r--p 00103000 08:01 7343780                    /lib/x86_64-linux-gnu/libm-2.17.so
7f5152e27000-7f5152e28000 rw-p 00104000 08:01 7343780                    /lib/x86_64-linux-gnu/libm-2.17.so
7f5152e28000-7f5152f0d000 r-xp 00000000 08:01 5774909                    /usr/lib/x86_64-linux-gnu/libstdc++.so.6.0.17
7f5152f0d000-7f515310c000 ---p 000e5000 08:01 5774909                    /usr/lib/x86_64-linux-gnu/libstdc++.so.6.0.17
7f515310c000-7f5153114000 r--p 000e4000 08:01 5774909                    /usr/lib/x86_64-linux-gnu/libstdc++.so.6.0.17
7f5153114000-7f5153116000 rw-p 000ec000 08:01 5774909                    /usr/lib/x86_64-linux-gnu/libstdc++.so.6.0.17
7f5153116000-7f515312b000 rw-p 00000000 00:00 0 
7f515312b000-7f5153b1b000 r-xp 00000000 08:01 6557296                    /usr/lib/jvm/java-7-openjdk-amd64/jre/lib/amd64/server/libjvm.so
7f5153b1b000-7f5153d1a000 ---p 009f0000 08:01 6557296                    /usr/lib/jvm/java-7-openjdk-amd64/jre/lib/amd64/server/libjvm.so
7f5153d1a000-7f5153d99000 r--p 009ef000 08:01 6557296                    /usr/lib/jvm/java-7-openjdk-amd64/jre/lib/amd64/server/libjvm.so
7f5153d99000-7f5153dbc000 rw-p 00a6e000 08:01 6557296                    /usr/lib/jvm/java-7-openjdk-amd64/jre/lib/amd64/server/libjvm.so
7f5153dbc000-7f5153de7000 rw-p 00000000 00:00 0 
7f5153de7000-7f5153dfd000 r-xp 00000000 08:01 7343885                    /lib/x86_64-linux-gnu/libz.so.1.2.7
7f5153dfd000-7f5153ffc000 ---p 00016000 08:01 7343885                    /lib/x86_64-linux-gnu/libz.so.1.2.7
7f5153ffc000-7f5153ffd000 r--p 00015000 08:01 7343885                    /lib/x86_64-linux-gnu/libz.so.1.2.7
7f5153ffd000-7f5153ffe000 rw-p 00016000 08:01 7343885                    /lib/x86_64-linux-gnu/libz.so.1.2.7
7f5153ffe000-7f5154016000 r-xp 00000000 08:01 7343844                    /lib/x86_64-linux-gnu/libpthread-2.17.so
7f5154016000-7f5154215000 ---p 00018000 08:01 7343844                    /lib/x86_64-linux-gnu/libpthread-2.17.so
7f5154215000-7f5154216000 r--p 00017000 08:01 7343844                    /lib/x86_64-linux-gnu/libpthread-2.17.so
7f5154216000-7f5154217000 rw-p 00018000 08:01 7343844                    /lib/x86_64-linux-gnu/libpthread-2.17.so
7f5154217000-7f515421b000 rw-p 00000000 00:00 0 
7f515421b000-7f515421e000 r-xp 00000000 08:01 7343747                    /lib/x86_64-linux-gnu/libdl-2.17.so
7f515421e000-7f515441d000 ---p 00003000 08:01 7343747                    /lib/x86_64-linux-gnu/libdl-2.17.so
7f515441d000-7f515441e000 r--p 00002000 08:01 7343747                    /lib/x86_64-linux-gnu/libdl-2.17.so
7f515441e000-7f515441f000 rw-p 00003000 08:01 7343747                    /lib/x86_64-linux-gnu/libdl-2.17.so
7f515441f000-7f51545dd000 r-xp 00000000 08:01 7343732                    /lib/x86_64-linux-gnu/libc-2.17.so
7f51545dd000-7f51547dc000 ---p 001be000 08:01 7343732                    /lib/x86_64-linux-gnu/libc-2.17.so
7f51547dc000-7f51547e0000 r--p 001bd000 08:01 7343732                    /lib/x86_64-linux-gnu/libc-2.17.so
7f51547e0000-7f51547e2000 rw-p 001c1000 08:01 7343732                    /lib/x86_64-linux-gnu/libc-2.17.so
7f51547e2000-7f51547e7000 rw-p 00000000 00:00 0 
7f51547e7000-7f51547f4000 r-xp 00000000 08:01 6557275                    /usr/lib/jvm/java-7-openjdk-amd64/jre/lib/amd64/jli/libjli.so
7f51547f4000-7f51549f3000 ---p 0000d000 08:01 6557275                    /usr/lib/jvm/java-7-openjdk-amd64/jre/lib/amd64/jli/libjli.so
7f51549f3000-7f51549f4000 r--p 0000c000 08:01 6557275                    /usr/lib/jvm/java-7-openjdk-amd64/jre/lib/amd64/jli/libjli.so
7f51549f4000-7f51549f5000 rw-p 0000d000 08:01 6557275                    /usr/lib/jvm/java-7-openjdk-amd64/jre/lib/amd64/jli/libjli.so
7f51549f5000-7f5154a18000 r-xp 00000000 08:01 7343708                    /lib/x86_64-linux-gnu/ld-2.17.so
7f5154a32000-7f5154a3c000 rw-p 00000000 00:00 0 
7f5154a3c000-7f5154af2000 rw-p 00000000 00:00 0 
7f5154af2000-7f5154af5000 ---p 00000000 00:00 0 
7f5154af5000-7f5154bf8000 rw-p 00000000 00:00 0                          [stack:12062]
7f5154c09000-7f5154c0b000 rw-p 00000000 00:00 0 
7f5154c0b000-7f5154c13000 rw-s 00000000 08:01 6036510                    /tmp/hsperfdata_meddan/12060
7f5154c13000-7f5154c14000 rw-p 00000000 00:00 0 
7f5154c14000-7f5154c15000 r--p 00000000 00:00 0 
7f5154c15000-7f5154c17000 rw-p 00000000 00:00 0 
7f5154c17000-7f5154c18000 r--p 00022000 08:01 7343708                    /lib/x86_64-linux-gnu/ld-2.17.so
7f5154c18000-7f5154c1a000 rw-p 00023000 08:01 7343708                    /lib/x86_64-linux-gnu/ld-2.17.so
7fffc3e10000-7fffc3e32000 rw-p 00000000 00:00 0                          [stack]
7fffc3eae000-7fffc3eb0000 r-xp 00000000 00:00 0                          [vdso]
ffffffffff600000-ffffffffff601000 r-xp 00000000 00:00 0                  [vsyscall]

VM Arguments:
jvm_args: -Dfile.encoding=UTF-8 -Xbootclasspath:/home/meddan/android-sdks/platforms/android-15/android.jar 
java_command: org.eclipse.jdt.internal.junit.runner.RemoteTestRunner -version 3 -port 41372 -testLoaderClass org.eclipse.jdt.internal.junit.runner.junit3.JUnit3TestLoader -loaderpluginname org.eclipse.jdt.junit.runtime -classNames se.chalmers.segway.tests.UpgradesManagerTest
Launcher Type: SUN_STANDARD

Environment Variables:
PATH=/home/meddan/bin:/usr/lib/lightdm/lightdm:/usr/local/sbin:/usr/local/bin:/usr/sbin:/usr/bin:/sbin:/bin:/usr/games:/usr/local/games:/home/meddan/bin:/home/meddan/android-sdks/tools:/home/meddan/android-sdks/platform-tools
SHELL=/bin/bash
DISPLAY=:0.0

Signal Handlers:
SIGSEGV: [libjvm.so+0x84f410], sa_mask[0]=0x7ffbfeff, sa_flags=0x10000004
SIGBUS: [libjvm.so+0x84f410], sa_mask[0]=0x7ffbfeff, sa_flags=0x10000004
SIGFPE: [libjvm.so+0x6f19a0], sa_mask[0]=0x7ffbfeff, sa_flags=0x10000004
SIGPIPE: [libjvm.so+0x6f19a0], sa_mask[0]=0x7ffbfeff, sa_flags=0x10000004
SIGXFSZ: [libjvm.so+0x6f19a0], sa_mask[0]=0x7ffbfeff, sa_flags=0x10000004
SIGILL: [libjvm.so+0x6f19a0], sa_mask[0]=0x7ffbfeff, sa_flags=0x10000004
SIGUSR1: SIG_DFL, sa_mask[0]=0x00000000, sa_flags=0x00000000
SIGUSR2: [libjvm.so+0x6f1d70], sa_mask[0]=0x00000004, sa_flags=0x10000004
SIGHUP: SIG_DFL, sa_mask[0]=0x00000000, sa_flags=0x00000000
SIGINT: SIG_DFL, sa_mask[0]=0x00000000, sa_flags=0x00000000
SIGTERM: SIG_DFL, sa_mask[0]=0x00000000, sa_flags=0x00000000
SIGQUIT: SIG_DFL, sa_mask[0]=0x00000000, sa_flags=0x00000000


---------------  S Y S T E M  ---------------

OS:Ubuntu 13.04 (raring)
uname:Linux 3.8.0-30-generic #44-Ubuntu SMP Thu Aug 22 20:52:24 UTC 2013 x86_64
libc:glibc 2.17 NPTL 2.17 
rlimit: STACK 8192k, CORE 0k, NPROC 28309, NOFILE 4096, AS infinity
load average:1.15 0.79 0.93

/proc/meminfo:
MemTotal:        3642748 kB
MemFree:          434100 kB
Buffers:           78100 kB
Cached:          1006568 kB
SwapCached:       197176 kB
Active:          1350700 kB
Inactive:        1562396 kB
Active(anon):    1031312 kB
Inactive(anon):   810392 kB
Active(file):     319388 kB
Inactive(file):   752004 kB
Unevictable:          48 kB
Mlocked:              48 kB
SwapTotal:       3779580 kB
SwapFree:        3488516 kB
Dirty:               200 kB
Writeback:             0 kB
AnonPages:       1729232 kB
Mapped:           120560 kB
Shmem:             13272 kB
Slab:              83684 kB
SReclaimable:      50152 kB
SUnreclaim:        33532 kB
KernelStack:        4568 kB
PageTables:        47764 kB
NFS_Unstable:          0 kB
Bounce:                0 kB
WritebackTmp:          0 kB
CommitLimit:     5600952 kB
Committed_AS:    5759916 kB
VmallocTotal:   34359738367 kB
VmallocUsed:      283928 kB
VmallocChunk:   34359404328 kB
HardwareCorrupted:     0 kB
AnonHugePages:         0 kB
HugePages_Total:       0
HugePages_Free:        0
HugePages_Rsvd:        0
HugePages_Surp:        0
Hugepagesize:       2048 kB
DirectMap4k:       48124 kB
DirectMap2M:     2686976 kB
DirectMap1G:     1048576 kB


CPU:total 2 (2 cores per cpu, 1 threads per core) family 20 model 2 stepping 0, cmov, cx8, fxsr, mmx, sse, sse2, sse3, ssse3, popcnt, mmxext, lzcnt, sse4a, tsc, tscinvbit, tscinv

/proc/cpuinfo:
processor	: 0
vendor_id	: AuthenticAMD
cpu family	: 20
model		: 2
model name	: AMD E-450 APU with Radeon(tm) HD Graphics
stepping	: 0
microcode	: 0x500010d
cpu MHz		: 1650.000
cache size	: 512 KB
physical id	: 0
siblings	: 2
core id		: 0
cpu cores	: 2
apicid		: 0
initial apicid	: 0
fpu		: yes
fpu_exception	: yes
cpuid level	: 6
wp		: yes
flags		: fpu vme de pse tsc msr pae mce cx8 apic sep mtrr pge mca cmov pat pse36 clflush mmx fxsr sse sse2 ht syscall nx mmxext fxsr_opt pdpe1gb rdtscp lm constant_tsc rep_good nopl nonstop_tsc extd_apicid aperfmperf pni monitor ssse3 cx16 popcnt lahf_lm cmp_legacy svm extapic cr8_legacy abm sse4a misalignsse 3dnowprefetch ibs skinit wdt arat hw_pstate npt lbrv svm_lock nrip_save pausefilter
bogomips	: 3293.24
TLB size	: 1024 4K pages
clflush size	: 64
cache_alignment	: 64
address sizes	: 36 bits physical, 48 bits virtual
power management: ts ttp tm stc 100mhzsteps hwpstate

processor	: 1
vendor_id	: AuthenticAMD
cpu family	: 20
model		: 2
model name	: AMD E-450 APU with Radeon(tm) HD Graphics
stepping	: 0
microcode	: 0x500010d
cpu MHz		: 1650.000
cache size	: 512 KB
physical id	: 0
siblings	: 2
core id		: 1
cpu cores	: 2
apicid		: 1
initial apicid	: 1
fpu		: yes
fpu_exception	: yes
cpuid level	: 6
wp		: yes
flags		: fpu vme de pse tsc msr pae mce cx8 apic sep mtrr pge mca cmov pat pse36 clflush mmx fxsr sse sse2 ht syscall nx mmxext fxsr_opt pdpe1gb rdtscp lm constant_tsc rep_good nopl nonstop_tsc extd_apicid aperfmperf pni monitor ssse3 cx16 popcnt lahf_lm cmp_legacy svm extapic cr8_legacy abm sse4a misalignsse 3dnowprefetch ibs skinit wdt arat hw_pstate npt lbrv svm_lock nrip_save pausefilter
bogomips	: 3293.24
TLB size	: 1024 4K pages
clflush size	: 64
cache_alignment	: 64
address sizes	: 36 bits physical, 48 bits virtual
power management: ts ttp tm stc 100mhzsteps hwpstate



Memory: 4k page, physical 3642748k(434188k free), swap 3779580k(3488516k free)

vm_info: OpenJDK 64-Bit Server VM (23.7-b01) for linux-amd64 JRE (1.7.0_25-b30), built on Jul  3 2013 13:50:39 by "buildd" with gcc 4.7.3

time: Thu Oct  3 15:18:17 2013
elapsed time: 1 seconds

