#
# A fatal error has been detected by the Java Runtime Environment:
#
#  Internal Error (javaClasses.cpp:129), pid=31831, tid=139835815581440
#  fatal error: Invalid layout of preloaded class
#
# JRE version: 7.0_25-b30
# Java VM: OpenJDK 64-Bit Server VM (23.7-b01 mixed mode linux-amd64 compressed oops)
# Failed to write core dump. Core dumps have been disabled. To enable core dumping, try "ulimit -c unlimited" before starting Java again
#
# If you would like to submit a bug report, please include
# instructions on how to reproduce the bug and visit:
#   https://bugs.launchpad.net/ubuntu/+source/openjdk-7/
#

---------------  T H R E A D  ---------------

Current thread (0x00007f2e08009000):  JavaThread "Unknown thread" [_thread_in_vm, id=31833, stack(0x00007f2e100d5000,0x00007f2e101d6000)]

Stack: [0x00007f2e100d5000,0x00007f2e101d6000],  sp=0x00007f2e101d49a0,  free space=1022k
Native frames: (J=compiled Java code, j=interpreted, Vv=VM code, C=native code)
V  [libjvm.so+0x84e92b]  VMError::report_and_die()+0x16b
V  [libjvm.so+0x3ebd57]  report_fatal(char const*, int, char const*)+0x57
V  [libjvm.so+0x528efa]  compute_offset(int&, klassOopDesc*, Symbol*, Symbol*, bool) [clone .constprop.123]+0x11a
V  [libjvm.so+0x529166]  java_lang_String::compute_offsets()+0x36
V  [libjvm.so+0x7dcf8d]  SystemDictionary::initialize_preloaded_classes(Thread*)+0x3d
V  [libjvm.so+0x829288]  Universe::genesis(Thread*)+0x468
V  [libjvm.so+0x82973f]  universe2_init()+0x1f
V  [libjvm.so+0x4dde1a]  init_globals()+0x9a
V  [libjvm.so+0x80d26c]  Threads::create_vm(JavaVMInitArgs*, bool*)+0x39c
V  [libjvm.so+0x545278]  JNI_CreateJavaVM+0x58
C  [libjli.so+0x2b34]  __strcat_chk+0x2b34


---------------  P R O C E S S  ---------------

Java Threads: ( => current thread )

Other Threads:

=>0x00007f2e08009000 (exited) JavaThread "Unknown thread" [_thread_in_vm, id=31833, stack(0x00007f2e100d5000,0x00007f2e101d6000)]

VM state:not at safepoint (not fully initialized)

VM Mutex/Monitor currently owned by a thread: None

GC Heap History (0 events):
No events

Deoptimization events (0 events):
No events

Internal exceptions (0 events):
No events

Events (10 events):
Event: 0.030 loading class 0x00007f2e08027630 done
Event: 0.031 loading class 0x00007f2e08026ed0 done
Event: 0.031 loading class 0x00007f2e08026ea0
Event: 0.031 loading class 0x00007f2e08051de0
Event: 0.031 loading class 0x00007f2e08051de0 done
Event: 0.031 loading class 0x00007f2e08051e20
Event: 0.031 loading class 0x00007f2e08051e20 done
Event: 0.031 loading class 0x00007f2e08051e60
Event: 0.031 loading class 0x00007f2e08051e60 done
Event: 0.032 loading class 0x00007f2e08026ea0 done


Dynamic libraries:
00400000-00401000 r-xp 00000000 08:01 6557308                            /usr/lib/jvm/java-7-openjdk-amd64/jre/bin/java
00600000-00601000 r--p 00000000 08:01 6557308                            /usr/lib/jvm/java-7-openjdk-amd64/jre/bin/java
00601000-00602000 rw-p 00001000 08:01 6557308                            /usr/lib/jvm/java-7-openjdk-amd64/jre/bin/java
0186f000-01890000 rw-p 00000000 00:00 0                                  [heap]
be000000-bf4c0000 rw-p 00000000 00:00 0 
bf4c0000-c8600000 rw-p 00000000 00:00 0 
c8600000-cab20000 rw-p 00000000 00:00 0 
cab20000-ed760000 rw-p 00000000 00:00 0 
ed760000-ee9e0000 rw-p 00000000 00:00 0 
ee9e0000-100000000 rw-p 00000000 00:00 0 
7f2df4000000-7f2df4021000 rw-p 00000000 00:00 0 
7f2df4021000-7f2df8000000 ---p 00000000 00:00 0 
7f2dfc000000-7f2dfc021000 rw-p 00000000 00:00 0 
7f2dfc021000-7f2e00000000 ---p 00000000 00:00 0 
7f2e02c36000-7f2e02e42000 rw-p 00000000 00:00 0 
7f2e02e42000-7f2e02f00000 r--s 00fac000 08:01 17698782                   /home/meddan/android-sdks/platforms/android-15/android.jar
7f2e02f00000-7f2e05000000 rw-p 00000000 00:00 0 
7f2e05000000-7f2e05270000 rwxp 00000000 00:00 0 
7f2e05270000-7f2e0805c000 rw-p 00000000 00:00 0 
7f2e0805c000-7f2e0c000000 ---p 00000000 00:00 0 
7f2e0c03a000-7f2e0c8d5000 rw-p 00000000 00:00 0 
7f2e0c8d5000-7f2e0c8d6000 ---p 00000000 00:00 0 
7f2e0c8d6000-7f2e0c9d6000 rw-p 00000000 00:00 0                          [stack:31836]
7f2e0c9d6000-7f2e0c9d7000 ---p 00000000 00:00 0 
7f2e0c9d7000-7f2e0cae2000 rw-p 00000000 00:00 0                          [stack:31835]
7f2e0cae2000-7f2e0cb2a000 rw-p 00000000 00:00 0 
7f2e0cb2a000-7f2e0cb3d000 rw-p 00000000 00:00 0 
7f2e0cb3d000-7f2e0cc53000 rw-p 00000000 00:00 0 
7f2e0cc53000-7f2e0cc5e000 rw-p 00000000 00:00 0 
7f2e0cc5e000-7f2e0cca6000 rw-p 00000000 00:00 0 
7f2e0cca6000-7f2e0ccb9000 rw-p 00000000 00:00 0 
7f2e0ccb9000-7f2e0cdce000 rw-p 00000000 00:00 0 
7f2e0cdce000-7f2e0cdd8000 rw-p 00000000 00:00 0 
7f2e0cdd8000-7f2e0ce63000 rw-p 00000000 00:00 0 
7f2e0ce63000-7f2e0ce64000 rw-p 00000000 00:00 0 
7f2e0ce64000-7f2e0ce6c000 r-xp 00000000 08:01 6557307                    /usr/lib/jvm/java-7-openjdk-amd64/jre/lib/amd64/libzip.so
7f2e0ce6c000-7f2e0d06b000 ---p 00008000 08:01 6557307                    /usr/lib/jvm/java-7-openjdk-amd64/jre/lib/amd64/libzip.so
7f2e0d06b000-7f2e0d06c000 r--p 00007000 08:01 6557307                    /usr/lib/jvm/java-7-openjdk-amd64/jre/lib/amd64/libzip.so
7f2e0d06c000-7f2e0d06d000 rw-p 00008000 08:01 6557307                    /usr/lib/jvm/java-7-openjdk-amd64/jre/lib/amd64/libzip.so
7f2e0d06d000-7f2e0d079000 r-xp 00000000 08:01 7343455                    /lib/x86_64-linux-gnu/libnss_files-2.17.so
7f2e0d079000-7f2e0d278000 ---p 0000c000 08:01 7343455                    /lib/x86_64-linux-gnu/libnss_files-2.17.so
7f2e0d278000-7f2e0d279000 r--p 0000b000 08:01 7343455                    /lib/x86_64-linux-gnu/libnss_files-2.17.so
7f2e0d279000-7f2e0d27a000 rw-p 0000c000 08:01 7343455                    /lib/x86_64-linux-gnu/libnss_files-2.17.so
7f2e0d27a000-7f2e0d285000 r-xp 00000000 08:01 7343468                    /lib/x86_64-linux-gnu/libnss_nis-2.17.so
7f2e0d285000-7f2e0d484000 ---p 0000b000 08:01 7343468                    /lib/x86_64-linux-gnu/libnss_nis-2.17.so
7f2e0d484000-7f2e0d485000 r--p 0000a000 08:01 7343468                    /lib/x86_64-linux-gnu/libnss_nis-2.17.so
7f2e0d485000-7f2e0d486000 rw-p 0000b000 08:01 7343468                    /lib/x86_64-linux-gnu/libnss_nis-2.17.so
7f2e0d486000-7f2e0d49d000 r-xp 00000000 08:01 7343448                    /lib/x86_64-linux-gnu/libnsl-2.17.so
7f2e0d49d000-7f2e0d69c000 ---p 00017000 08:01 7343448                    /lib/x86_64-linux-gnu/libnsl-2.17.so
7f2e0d69c000-7f2e0d69d000 r--p 00016000 08:01 7343448                    /lib/x86_64-linux-gnu/libnsl-2.17.so
7f2e0d69d000-7f2e0d69e000 rw-p 00017000 08:01 7343448                    /lib/x86_64-linux-gnu/libnsl-2.17.so
7f2e0d69e000-7f2e0d6a0000 rw-p 00000000 00:00 0 
7f2e0d6a0000-7f2e0d6a8000 r-xp 00000000 08:01 7343470                    /lib/x86_64-linux-gnu/libnss_compat-2.17.so
7f2e0d6a8000-7f2e0d8a7000 ---p 00008000 08:01 7343470                    /lib/x86_64-linux-gnu/libnss_compat-2.17.so
7f2e0d8a7000-7f2e0d8a8000 r--p 00007000 08:01 7343470                    /lib/x86_64-linux-gnu/libnss_compat-2.17.so
7f2e0d8a8000-7f2e0d8a9000 rw-p 00008000 08:01 7343470                    /lib/x86_64-linux-gnu/libnss_compat-2.17.so
7f2e0d8a9000-7f2e0d8d4000 r-xp 00000000 08:01 6557292                    /usr/lib/jvm/java-7-openjdk-amd64/jre/lib/amd64/libjava.so
7f2e0d8d4000-7f2e0dad3000 ---p 0002b000 08:01 6557292                    /usr/lib/jvm/java-7-openjdk-amd64/jre/lib/amd64/libjava.so
7f2e0dad3000-7f2e0dad4000 r--p 0002a000 08:01 6557292                    /usr/lib/jvm/java-7-openjdk-amd64/jre/lib/amd64/libjava.so
7f2e0dad4000-7f2e0dad6000 rw-p 0002b000 08:01 6557292                    /usr/lib/jvm/java-7-openjdk-amd64/jre/lib/amd64/libjava.so
7f2e0dad6000-7f2e0dae5000 r-xp 00000000 08:01 6557291                    /usr/lib/jvm/java-7-openjdk-amd64/jre/lib/amd64/libverify.so
7f2e0dae5000-7f2e0dce4000 ---p 0000f000 08:01 6557291                    /usr/lib/jvm/java-7-openjdk-amd64/jre/lib/amd64/libverify.so
7f2e0dce4000-7f2e0dce6000 r--p 0000e000 08:01 6557291                    /usr/lib/jvm/java-7-openjdk-amd64/jre/lib/amd64/libverify.so
7f2e0dce6000-7f2e0dce7000 rw-p 00010000 08:01 6557291                    /usr/lib/jvm/java-7-openjdk-amd64/jre/lib/amd64/libverify.so
7f2e0dce7000-7f2e0dcee000 r-xp 00000000 08:01 7343458                    /lib/x86_64-linux-gnu/librt-2.17.so
7f2e0dcee000-7f2e0deed000 ---p 00007000 08:01 7343458                    /lib/x86_64-linux-gnu/librt-2.17.so
7f2e0deed000-7f2e0deee000 r--p 00006000 08:01 7343458                    /lib/x86_64-linux-gnu/librt-2.17.so
7f2e0deee000-7f2e0deef000 rw-p 00007000 08:01 7343458                    /lib/x86_64-linux-gnu/librt-2.17.so
7f2e0deef000-7f2e0df03000 r-xp 00000000 08:01 7343757                    /lib/x86_64-linux-gnu/libgcc_s.so.1
7f2e0df03000-7f2e0e103000 ---p 00014000 08:01 7343757                    /lib/x86_64-linux-gnu/libgcc_s.so.1
7f2e0e103000-7f2e0e104000 r--p 00014000 08:01 7343757                    /lib/x86_64-linux-gnu/libgcc_s.so.1
7f2e0e104000-7f2e0e105000 rw-p 00015000 08:01 7343757                    /lib/x86_64-linux-gnu/libgcc_s.so.1
7f2e0e105000-7f2e0e208000 r-xp 00000000 08:01 7343469                    /lib/x86_64-linux-gnu/libm-2.17.so
7f2e0e208000-7f2e0e408000 ---p 00103000 08:01 7343469                    /lib/x86_64-linux-gnu/libm-2.17.so
7f2e0e408000-7f2e0e409000 r--p 00103000 08:01 7343469                    /lib/x86_64-linux-gnu/libm-2.17.so
7f2e0e409000-7f2e0e40a000 rw-p 00104000 08:01 7343469                    /lib/x86_64-linux-gnu/libm-2.17.so
7f2e0e40a000-7f2e0e4ef000 r-xp 00000000 08:01 5774909                    /usr/lib/x86_64-linux-gnu/libstdc++.so.6.0.17
7f2e0e4ef000-7f2e0e6ee000 ---p 000e5000 08:01 5774909                    /usr/lib/x86_64-linux-gnu/libstdc++.so.6.0.17
7f2e0e6ee000-7f2e0e6f6000 r--p 000e4000 08:01 5774909                    /usr/lib/x86_64-linux-gnu/libstdc++.so.6.0.17
7f2e0e6f6000-7f2e0e6f8000 rw-p 000ec000 08:01 5774909                    /usr/lib/x86_64-linux-gnu/libstdc++.so.6.0.17
7f2e0e6f8000-7f2e0e70d000 rw-p 00000000 00:00 0 
7f2e0e70d000-7f2e0f0fd000 r-xp 00000000 08:01 6557296                    /usr/lib/jvm/java-7-openjdk-amd64/jre/lib/amd64/server/libjvm.so
7f2e0f0fd000-7f2e0f2fc000 ---p 009f0000 08:01 6557296                    /usr/lib/jvm/java-7-openjdk-amd64/jre/lib/amd64/server/libjvm.so
7f2e0f2fc000-7f2e0f37b000 r--p 009ef000 08:01 6557296                    /usr/lib/jvm/java-7-openjdk-amd64/jre/lib/amd64/server/libjvm.so
7f2e0f37b000-7f2e0f39e000 rw-p 00a6e000 08:01 6557296                    /usr/lib/jvm/java-7-openjdk-amd64/jre/lib/amd64/server/libjvm.so
7f2e0f39e000-7f2e0f3c9000 rw-p 00000000 00:00 0 
7f2e0f3c9000-7f2e0f3df000 r-xp 00000000 08:01 7343885                    /lib/x86_64-linux-gnu/libz.so.1.2.7
7f2e0f3df000-7f2e0f5de000 ---p 00016000 08:01 7343885                    /lib/x86_64-linux-gnu/libz.so.1.2.7
7f2e0f5de000-7f2e0f5df000 r--p 00015000 08:01 7343885                    /lib/x86_64-linux-gnu/libz.so.1.2.7
7f2e0f5df000-7f2e0f5e0000 rw-p 00016000 08:01 7343885                    /lib/x86_64-linux-gnu/libz.so.1.2.7
7f2e0f5e0000-7f2e0f5f8000 r-xp 00000000 08:01 7343449                    /lib/x86_64-linux-gnu/libpthread-2.17.so
7f2e0f5f8000-7f2e0f7f7000 ---p 00018000 08:01 7343449                    /lib/x86_64-linux-gnu/libpthread-2.17.so
7f2e0f7f7000-7f2e0f7f8000 r--p 00017000 08:01 7343449                    /lib/x86_64-linux-gnu/libpthread-2.17.so
7f2e0f7f8000-7f2e0f7f9000 rw-p 00018000 08:01 7343449                    /lib/x86_64-linux-gnu/libpthread-2.17.so
7f2e0f7f9000-7f2e0f7fd000 rw-p 00000000 00:00 0 
7f2e0f7fd000-7f2e0f800000 r-xp 00000000 08:01 7343454                    /lib/x86_64-linux-gnu/libdl-2.17.so
7f2e0f800000-7f2e0f9ff000 ---p 00003000 08:01 7343454                    /lib/x86_64-linux-gnu/libdl-2.17.so
7f2e0f9ff000-7f2e0fa00000 r--p 00002000 08:01 7343454                    /lib/x86_64-linux-gnu/libdl-2.17.so
7f2e0fa00000-7f2e0fa01000 rw-p 00003000 08:01 7343454                    /lib/x86_64-linux-gnu/libdl-2.17.so
7f2e0fa01000-7f2e0fbc0000 r-xp 00000000 08:01 7343472                    /lib/x86_64-linux-gnu/libc-2.17.so
7f2e0fbc0000-7f2e0fdbf000 ---p 001bf000 08:01 7343472                    /lib/x86_64-linux-gnu/libc-2.17.so
7f2e0fdbf000-7f2e0fdc3000 r--p 001be000 08:01 7343472                    /lib/x86_64-linux-gnu/libc-2.17.so
7f2e0fdc3000-7f2e0fdc5000 rw-p 001c2000 08:01 7343472                    /lib/x86_64-linux-gnu/libc-2.17.so
7f2e0fdc5000-7f2e0fdca000 rw-p 00000000 00:00 0 
7f2e0fdca000-7f2e0fdd7000 r-xp 00000000 08:01 6557275                    /usr/lib/jvm/java-7-openjdk-amd64/jre/lib/amd64/jli/libjli.so
7f2e0fdd7000-7f2e0ffd6000 ---p 0000d000 08:01 6557275                    /usr/lib/jvm/java-7-openjdk-amd64/jre/lib/amd64/jli/libjli.so
7f2e0ffd6000-7f2e0ffd7000 r--p 0000c000 08:01 6557275                    /usr/lib/jvm/java-7-openjdk-amd64/jre/lib/amd64/jli/libjli.so
7f2e0ffd7000-7f2e0ffd8000 rw-p 0000d000 08:01 6557275                    /usr/lib/jvm/java-7-openjdk-amd64/jre/lib/amd64/jli/libjli.so
7f2e0ffd8000-7f2e0fffb000 r-xp 00000000 08:01 7342576                    /lib/x86_64-linux-gnu/ld-2.17.so
7f2e10015000-7f2e1001f000 rw-p 00000000 00:00 0 
7f2e1001f000-7f2e100d5000 rw-p 00000000 00:00 0 
7f2e100d5000-7f2e100d8000 ---p 00000000 00:00 0 
7f2e100d8000-7f2e101db000 rw-p 00000000 00:00 0                          [stack:31833]
7f2e101ec000-7f2e101ee000 rw-p 00000000 00:00 0 
7f2e101ee000-7f2e101f6000 rw-s 00000000 08:01 6030532                    /tmp/hsperfdata_meddan/31831
7f2e101f6000-7f2e101f7000 rw-p 00000000 00:00 0 
7f2e101f7000-7f2e101f8000 r--p 00000000 00:00 0 
7f2e101f8000-7f2e101fa000 rw-p 00000000 00:00 0 
7f2e101fa000-7f2e101fb000 r--p 00022000 08:01 7342576                    /lib/x86_64-linux-gnu/ld-2.17.so
7f2e101fb000-7f2e101fd000 rw-p 00023000 08:01 7342576                    /lib/x86_64-linux-gnu/ld-2.17.so
7fff10f03000-7fff10f25000 rw-p 00000000 00:00 0                          [stack]
7fff10ffe000-7fff11000000 r-xp 00000000 00:00 0                          [vdso]
ffffffffff600000-ffffffffff601000 r-xp 00000000 00:00 0                  [vsyscall]

VM Arguments:
jvm_args: -Dfile.encoding=UTF-8 -Xbootclasspath:/home/meddan/android-sdks/platforms/android-15/android.jar 
java_command: org.eclipse.jdt.internal.junit.runner.RemoteTestRunner -version 3 -port 58534 -testLoaderClass org.eclipse.jdt.internal.junit.runner.junit3.JUnit3TestLoader -loaderpluginname org.eclipse.jdt.junit.runtime -classNames tests.SaveManagerTest
Launcher Type: SUN_STANDARD

Environment Variables:
PATH=/home/meddan/bin:/usr/lib/lightdm/lightdm:/usr/local/sbin:/usr/local/bin:/usr/sbin:/usr/bin:/sbin:/bin:/usr/games:/usr/local/games:/home/meddan/bin:/home/meddan/android-sdks/tools:/home/meddan/android-sdks/platform-tools
SHELL=/bin/bash
DISPLAY=:0.0

Signal Handlers:
SIGSEGV: [libjvm.so+0x84f410], sa_mask[0]=0x7ffbfeff, sa_flags=0x10000004
SIGBUS: [libjvm.so+0x84f410], sa_mask[0]=0x7ffbfeff, sa_flags=0x10000004
SIGFPE: [libjvm.so+0x6f19a0], sa_mask[0]=0x7ffbfeff, sa_flags=0x10000004
SIGPIPE: [libjvm.so+0x6f19a0], sa_mask[0]=0x7ffbfeff, sa_flags=0x10000004
SIGXFSZ: [libjvm.so+0x6f19a0], sa_mask[0]=0x7ffbfeff, sa_flags=0x10000004
SIGILL: [libjvm.so+0x6f19a0], sa_mask[0]=0x7ffbfeff, sa_flags=0x10000004
SIGUSR1: SIG_DFL, sa_mask[0]=0x00000000, sa_flags=0x00000000
SIGUSR2: [libjvm.so+0x6f1d70], sa_mask[0]=0x00000004, sa_flags=0x10000004
SIGHUP: SIG_DFL, sa_mask[0]=0x00000000, sa_flags=0x00000000
SIGINT: SIG_DFL, sa_mask[0]=0x00000000, sa_flags=0x00000000
SIGTERM: SIG_DFL, sa_mask[0]=0x00000000, sa_flags=0x00000000
SIGQUIT: SIG_DFL, sa_mask[0]=0x00000000, sa_flags=0x00000000


---------------  S Y S T E M  ---------------

OS:Ubuntu 13.04 (raring)
uname:Linux 3.8.0-30-generic #44-Ubuntu SMP Thu Aug 22 20:52:24 UTC 2013 x86_64
libc:glibc 2.17 NPTL 2.17 
rlimit: STACK 8192k, CORE 0k, NPROC 28309, NOFILE 4096, AS infinity
load average:2.06 2.02 1.74

/proc/meminfo:
MemTotal:        3642740 kB
MemFree:          889520 kB
Buffers:          110296 kB
Cached:           922992 kB
SwapCached:        59196 kB
Active:          1626028 kB
Inactive:         699392 kB
Active(anon):    1106952 kB
Inactive(anon):   195232 kB
Active(file):     519076 kB
Inactive(file):   504160 kB
Unevictable:          48 kB
Mlocked:              48 kB
SwapTotal:       3779580 kB
SwapFree:        3530976 kB
Dirty:              2420 kB
Writeback:             0 kB
AnonPages:       1274508 kB
Mapped:           138656 kB
Shmem:             10052 kB
Slab:             184160 kB
SReclaimable:     118864 kB
SUnreclaim:        65296 kB
KernelStack:        4224 kB
PageTables:        38200 kB
NFS_Unstable:          0 kB
Bounce:                0 kB
WritebackTmp:          0 kB
CommitLimit:     5600948 kB
Committed_AS:    4831416 kB
VmallocTotal:   34359738367 kB
VmallocUsed:      284104 kB
VmallocChunk:   34359411572 kB
HardwareCorrupted:     0 kB
AnonHugePages:         0 kB
HugePages_Total:       0
HugePages_Free:        0
HugePages_Rsvd:        0
HugePages_Surp:        0
Hugepagesize:       2048 kB
DirectMap4k:       50172 kB
DirectMap2M:     2684928 kB
DirectMap1G:     1048576 kB


CPU:total 2 (2 cores per cpu, 1 threads per core) family 20 model 2 stepping 0, cmov, cx8, fxsr, mmx, sse, sse2, sse3, ssse3, popcnt, mmxext, lzcnt, sse4a, tsc, tscinvbit, tscinv

/proc/cpuinfo:
processor	: 0
vendor_id	: AuthenticAMD
cpu family	: 20
model		: 2
model name	: AMD E-450 APU with Radeon(tm) HD Graphics
stepping	: 0
microcode	: 0x500010d
cpu MHz		: 1650.000
cache size	: 512 KB
physical id	: 0
siblings	: 2
core id		: 0
cpu cores	: 2
apicid		: 0
initial apicid	: 0
fpu		: yes
fpu_exception	: yes
cpuid level	: 6
wp		: yes
flags		: fpu vme de pse tsc msr pae mce cx8 apic sep mtrr pge mca cmov pat pse36 clflush mmx fxsr sse sse2 ht syscall nx mmxext fxsr_opt pdpe1gb rdtscp lm constant_tsc rep_good nopl nonstop_tsc extd_apicid aperfmperf pni monitor ssse3 cx16 popcnt lahf_lm cmp_legacy svm extapic cr8_legacy abm sse4a misalignsse 3dnowprefetch ibs skinit wdt arat hw_pstate npt lbrv svm_lock nrip_save pausefilter
bogomips	: 3293.06
TLB size	: 1024 4K pages
clflush size	: 64
cache_alignment	: 64
address sizes	: 36 bits physical, 48 bits virtual
power management: ts ttp tm stc 100mhzsteps hwpstate

processor	: 1
vendor_id	: AuthenticAMD
cpu family	: 20
model		: 2
model name	: AMD E-450 APU with Radeon(tm) HD Graphics
stepping	: 0
microcode	: 0x500010d
cpu MHz		: 1650.000
cache size	: 512 KB
physical id	: 0
siblings	: 2
core id		: 1
cpu cores	: 2
apicid		: 1
initial apicid	: 1
fpu		: yes
fpu_exception	: yes
cpuid level	: 6
wp		: yes
flags		: fpu vme de pse tsc msr pae mce cx8 apic sep mtrr pge mca cmov pat pse36 clflush mmx fxsr sse sse2 ht syscall nx mmxext fxsr_opt pdpe1gb rdtscp lm constant_tsc rep_good nopl nonstop_tsc extd_apicid aperfmperf pni monitor ssse3 cx16 popcnt lahf_lm cmp_legacy svm extapic cr8_legacy abm sse4a misalignsse 3dnowprefetch ibs skinit wdt arat hw_pstate npt lbrv svm_lock nrip_save pausefilter
bogomips	: 3293.06
TLB size	: 1024 4K pages
clflush size	: 64
cache_alignment	: 64
address sizes	: 36 bits physical, 48 bits virtual
power management: ts ttp tm stc 100mhzsteps hwpstate



Memory: 4k page, physical 3642740k(889520k free), swap 3779580k(3530976k free)

vm_info: OpenJDK 64-Bit Server VM (23.7-b01) for linux-amd64 JRE (1.7.0_25-b30), built on Jul  3 2013 13:50:39 by "buildd" with gcc 4.7.3

time: Tue Oct 22 22:26:43 2013
elapsed time: 0 seconds

