#
# A fatal error has been detected by the Java Runtime Environment:
#
#  Internal Error (javaClasses.cpp:129), pid=12043, tid=139695382259456
#  fatal error: Invalid layout of preloaded class
#
# JRE version: 7.0_25-b30
# Java VM: OpenJDK 64-Bit Server VM (23.7-b01 mixed mode linux-amd64 compressed oops)
# Failed to write core dump. Core dumps have been disabled. To enable core dumping, try "ulimit -c unlimited" before starting Java again
#
# If you would like to submit a bug report, please include
# instructions on how to reproduce the bug and visit:
#   https://bugs.launchpad.net/ubuntu/+source/openjdk-7/
#

---------------  T H R E A D  ---------------

Current thread (0x00007f0d54009000):  JavaThread "Unknown thread" [_thread_in_vm, id=12047, stack(0x00007f0d5d92e000,0x00007f0d5da2f000)]

Stack: [0x00007f0d5d92e000,0x00007f0d5da2f000],  sp=0x00007f0d5da2d9a0,  free space=1022k
Native frames: (J=compiled Java code, j=interpreted, Vv=VM code, C=native code)
V  [libjvm.so+0x84e92b]  VMError::report_and_die()+0x16b
V  [libjvm.so+0x3ebd57]  report_fatal(char const*, int, char const*)+0x57
V  [libjvm.so+0x528efa]  compute_offset(int&, klassOopDesc*, Symbol*, Symbol*, bool) [clone .constprop.123]+0x11a
V  [libjvm.so+0x529166]  java_lang_String::compute_offsets()+0x36
V  [libjvm.so+0x7dcf8d]  SystemDictionary::initialize_preloaded_classes(Thread*)+0x3d
V  [libjvm.so+0x829288]  Universe::genesis(Thread*)+0x468
V  [libjvm.so+0x82973f]  universe2_init()+0x1f
V  [libjvm.so+0x4dde1a]  init_globals()+0x9a
V  [libjvm.so+0x80d26c]  Threads::create_vm(JavaVMInitArgs*, bool*)+0x39c
V  [libjvm.so+0x545278]  JNI_CreateJavaVM+0x58
C  [libjli.so+0x2b34]  __strcat_chk+0x2b34


---------------  P R O C E S S  ---------------

Java Threads: ( => current thread )

Other Threads:

=>0x00007f0d54009000 (exited) JavaThread "Unknown thread" [_thread_in_vm, id=12047, stack(0x00007f0d5d92e000,0x00007f0d5da2f000)]

VM state:not at safepoint (not fully initialized)

VM Mutex/Monitor currently owned by a thread: None

GC Heap History (0 events):
No events

Deoptimization events (0 events):
No events

Internal exceptions (0 events):
No events

Events (10 events):
Event: 0.045 loading class 0x00007f0d54027650 done
Event: 0.045 loading class 0x00007f0d54026ef0 done
Event: 0.045 loading class 0x00007f0d54026ec0
Event: 0.045 loading class 0x00007f0d54051e00
Event: 0.046 loading class 0x00007f0d54051e00 done
Event: 0.046 loading class 0x00007f0d54051e40
Event: 0.046 loading class 0x00007f0d54051e40 done
Event: 0.046 loading class 0x00007f0d54051e80
Event: 0.046 loading class 0x00007f0d54051e80 done
Event: 0.046 loading class 0x00007f0d54026ec0 done


Dynamic libraries:
00400000-00401000 r-xp 00000000 08:01 6557308                            /usr/lib/jvm/java-7-openjdk-amd64/jre/bin/java
00600000-00601000 r--p 00000000 08:01 6557308                            /usr/lib/jvm/java-7-openjdk-amd64/jre/bin/java
00601000-00602000 rw-p 00001000 08:01 6557308                            /usr/lib/jvm/java-7-openjdk-amd64/jre/bin/java
0114d000-0116e000 rw-p 00000000 00:00 0                                  [heap]
be000000-bf4c0000 rw-p 00000000 00:00 0 
bf4c0000-c8600000 rw-p 00000000 00:00 0 
c8600000-cab20000 rw-p 00000000 00:00 0 
cab20000-ed760000 rw-p 00000000 00:00 0 
ed760000-ee9e0000 rw-p 00000000 00:00 0 
ee9e0000-100000000 rw-p 00000000 00:00 0 
7f0d44000000-7f0d44021000 rw-p 00000000 00:00 0 
7f0d44021000-7f0d48000000 ---p 00000000 00:00 0 
7f0d4c000000-7f0d4c021000 rw-p 00000000 00:00 0 
7f0d4c021000-7f0d50000000 ---p 00000000 00:00 0 
7f0d504c3000-7f0d50702000 rw-p 00000000 00:00 0 
7f0d50702000-7f0d507c0000 r--s 00fac000 08:01 17698782                   /home/meddan/android-sdks/platforms/android-15/android.jar
7f0d507c0000-7f0d51000000 rw-p 00000000 00:00 0 
7f0d51000000-7f0d51270000 rwxp 00000000 00:00 0 
7f0d51270000-7f0d5405c000 rw-p 00000000 00:00 0 
7f0d5405c000-7f0d58000000 ---p 00000000 00:00 0 
7f0d58007000-7f0d5a12f000 rw-p 00000000 00:00 0 
7f0d5a12f000-7f0d5a130000 ---p 00000000 00:00 0 
7f0d5a130000-7f0d5a230000 rw-p 00000000 00:00 0                          [stack:12051]
7f0d5a230000-7f0d5a231000 ---p 00000000 00:00 0 
7f0d5a231000-7f0d5a33c000 rw-p 00000000 00:00 0                          [stack:12050]
7f0d5a33c000-7f0d5a384000 rw-p 00000000 00:00 0 
7f0d5a384000-7f0d5a397000 rw-p 00000000 00:00 0 
7f0d5a397000-7f0d5a4ad000 rw-p 00000000 00:00 0 
7f0d5a4ad000-7f0d5a4b8000 rw-p 00000000 00:00 0 
7f0d5a4b8000-7f0d5a500000 rw-p 00000000 00:00 0 
7f0d5a500000-7f0d5a513000 rw-p 00000000 00:00 0 
7f0d5a513000-7f0d5a628000 rw-p 00000000 00:00 0 
7f0d5a628000-7f0d5a632000 rw-p 00000000 00:00 0 
7f0d5a632000-7f0d5a6bd000 rw-p 00000000 00:00 0 
7f0d5a6bd000-7f0d5a6be000 rw-p 00000000 00:00 0 
7f0d5a6be000-7f0d5a6c6000 r-xp 00000000 08:01 6557307                    /usr/lib/jvm/java-7-openjdk-amd64/jre/lib/amd64/libzip.so
7f0d5a6c6000-7f0d5a8c5000 ---p 00008000 08:01 6557307                    /usr/lib/jvm/java-7-openjdk-amd64/jre/lib/amd64/libzip.so
7f0d5a8c5000-7f0d5a8c6000 r--p 00007000 08:01 6557307                    /usr/lib/jvm/java-7-openjdk-amd64/jre/lib/amd64/libzip.so
7f0d5a8c6000-7f0d5a8c7000 rw-p 00008000 08:01 6557307                    /usr/lib/jvm/java-7-openjdk-amd64/jre/lib/amd64/libzip.so
7f0d5a8c7000-7f0d5a8d3000 r-xp 00000000 08:01 7343805                    /lib/x86_64-linux-gnu/libnss_files-2.17.so
7f0d5a8d3000-7f0d5aad2000 ---p 0000c000 08:01 7343805                    /lib/x86_64-linux-gnu/libnss_files-2.17.so
7f0d5aad2000-7f0d5aad3000 r--p 0000b000 08:01 7343805                    /lib/x86_64-linux-gnu/libnss_files-2.17.so
7f0d5aad3000-7f0d5aad4000 rw-p 0000c000 08:01 7343805                    /lib/x86_64-linux-gnu/libnss_files-2.17.so
7f0d5aad4000-7f0d5aadf000 r-xp 00000000 08:01 7343809                    /lib/x86_64-linux-gnu/libnss_nis-2.17.so
7f0d5aadf000-7f0d5acde000 ---p 0000b000 08:01 7343809                    /lib/x86_64-linux-gnu/libnss_nis-2.17.so
7f0d5acde000-7f0d5acdf000 r--p 0000a000 08:01 7343809                    /lib/x86_64-linux-gnu/libnss_nis-2.17.so
7f0d5acdf000-7f0d5ace0000 rw-p 0000b000 08:01 7343809                    /lib/x86_64-linux-gnu/libnss_nis-2.17.so
7f0d5ace0000-7f0d5acf7000 r-xp 00000000 08:01 7343799                    /lib/x86_64-linux-gnu/libnsl-2.17.so
7f0d5acf7000-7f0d5aef6000 ---p 00017000 08:01 7343799                    /lib/x86_64-linux-gnu/libnsl-2.17.so
7f0d5aef6000-7f0d5aef7000 r--p 00016000 08:01 7343799                    /lib/x86_64-linux-gnu/libnsl-2.17.so
7f0d5aef7000-7f0d5aef8000 rw-p 00017000 08:01 7343799                    /lib/x86_64-linux-gnu/libnsl-2.17.so
7f0d5aef8000-7f0d5aefa000 rw-p 00000000 00:00 0 
7f0d5aefa000-7f0d5af02000 r-xp 00000000 08:01 7343801                    /lib/x86_64-linux-gnu/libnss_compat-2.17.so
7f0d5af02000-7f0d5b101000 ---p 00008000 08:01 7343801                    /lib/x86_64-linux-gnu/libnss_compat-2.17.so
7f0d5b101000-7f0d5b102000 r--p 00007000 08:01 7343801                    /lib/x86_64-linux-gnu/libnss_compat-2.17.so
7f0d5b102000-7f0d5b103000 rw-p 00008000 08:01 7343801                    /lib/x86_64-linux-gnu/libnss_compat-2.17.so
7f0d5b103000-7f0d5b12e000 r-xp 00000000 08:01 6557292                    /usr/lib/jvm/java-7-openjdk-amd64/jre/lib/amd64/libjava.so
7f0d5b12e000-7f0d5b32d000 ---p 0002b000 08:01 6557292                    /usr/lib/jvm/java-7-openjdk-amd64/jre/lib/amd64/libjava.so
7f0d5b32d000-7f0d5b32e000 r--p 0002a000 08:01 6557292                    /usr/lib/jvm/java-7-openjdk-amd64/jre/lib/amd64/libjava.so
7f0d5b32e000-7f0d5b330000 rw-p 0002b000 08:01 6557292                    /usr/lib/jvm/java-7-openjdk-amd64/jre/lib/amd64/libjava.so
7f0d5b330000-7f0d5b33f000 r-xp 00000000 08:01 6557291                    /usr/lib/jvm/java-7-openjdk-amd64/jre/lib/amd64/libverify.so
7f0d5b33f000-7f0d5b53e000 ---p 0000f000 08:01 6557291                    /usr/lib/jvm/java-7-openjdk-amd64/jre/lib/amd64/libverify.so
7f0d5b53e000-7f0d5b540000 r--p 0000e000 08:01 6557291                    /usr/lib/jvm/java-7-openjdk-amd64/jre/lib/amd64/libverify.so
7f0d5b540000-7f0d5b541000 rw-p 00010000 08:01 6557291                    /usr/lib/jvm/java-7-openjdk-amd64/jre/lib/amd64/libverify.so
7f0d5b541000-7f0d5b548000 r-xp 00000000 08:01 7343852                    /lib/x86_64-linux-gnu/librt-2.17.so
7f0d5b548000-7f0d5b747000 ---p 00007000 08:01 7343852                    /lib/x86_64-linux-gnu/librt-2.17.so
7f0d5b747000-7f0d5b748000 r--p 00006000 08:01 7343852                    /lib/x86_64-linux-gnu/librt-2.17.so
7f0d5b748000-7f0d5b749000 rw-p 00007000 08:01 7343852                    /lib/x86_64-linux-gnu/librt-2.17.so
7f0d5b749000-7f0d5b75d000 r-xp 00000000 08:01 7343757                    /lib/x86_64-linux-gnu/libgcc_s.so.1
7f0d5b75d000-7f0d5b95d000 ---p 00014000 08:01 7343757                    /lib/x86_64-linux-gnu/libgcc_s.so.1
7f0d5b95d000-7f0d5b95e000 r--p 00014000 08:01 7343757                    /lib/x86_64-linux-gnu/libgcc_s.so.1
7f0d5b95e000-7f0d5b95f000 rw-p 00015000 08:01 7343757                    /lib/x86_64-linux-gnu/libgcc_s.so.1
7f0d5b95f000-7f0d5ba62000 r-xp 00000000 08:01 7343780                    /lib/x86_64-linux-gnu/libm-2.17.so
7f0d5ba62000-7f0d5bc62000 ---p 00103000 08:01 7343780                    /lib/x86_64-linux-gnu/libm-2.17.so
7f0d5bc62000-7f0d5bc63000 r--p 00103000 08:01 7343780                    /lib/x86_64-linux-gnu/libm-2.17.so
7f0d5bc63000-7f0d5bc64000 rw-p 00104000 08:01 7343780                    /lib/x86_64-linux-gnu/libm-2.17.so
7f0d5bc64000-7f0d5bd49000 r-xp 00000000 08:01 5774909                    /usr/lib/x86_64-linux-gnu/libstdc++.so.6.0.17
7f0d5bd49000-7f0d5bf48000 ---p 000e5000 08:01 5774909                    /usr/lib/x86_64-linux-gnu/libstdc++.so.6.0.17
7f0d5bf48000-7f0d5bf50000 r--p 000e4000 08:01 5774909                    /usr/lib/x86_64-linux-gnu/libstdc++.so.6.0.17
7f0d5bf50000-7f0d5bf52000 rw-p 000ec000 08:01 5774909                    /usr/lib/x86_64-linux-gnu/libstdc++.so.6.0.17
7f0d5bf52000-7f0d5bf67000 rw-p 00000000 00:00 0 
7f0d5bf67000-7f0d5c957000 r-xp 00000000 08:01 6557296                    /usr/lib/jvm/java-7-openjdk-amd64/jre/lib/amd64/server/libjvm.so
7f0d5c957000-7f0d5cb56000 ---p 009f0000 08:01 6557296                    /usr/lib/jvm/java-7-openjdk-amd64/jre/lib/amd64/server/libjvm.so
7f0d5cb56000-7f0d5cbd5000 r--p 009ef000 08:01 6557296                    /usr/lib/jvm/java-7-openjdk-amd64/jre/lib/amd64/server/libjvm.so
7f0d5cbd5000-7f0d5cbf8000 rw-p 00a6e000 08:01 6557296                    /usr/lib/jvm/java-7-openjdk-amd64/jre/lib/amd64/server/libjvm.so
7f0d5cbf8000-7f0d5cc23000 rw-p 00000000 00:00 0 
7f0d5cc23000-7f0d5cc39000 r-xp 00000000 08:01 7343885                    /lib/x86_64-linux-gnu/libz.so.1.2.7
7f0d5cc39000-7f0d5ce38000 ---p 00016000 08:01 7343885                    /lib/x86_64-linux-gnu/libz.so.1.2.7
7f0d5ce38000-7f0d5ce39000 r--p 00015000 08:01 7343885                    /lib/x86_64-linux-gnu/libz.so.1.2.7
7f0d5ce39000-7f0d5ce3a000 rw-p 00016000 08:01 7343885                    /lib/x86_64-linux-gnu/libz.so.1.2.7
7f0d5ce3a000-7f0d5ce52000 r-xp 00000000 08:01 7343844                    /lib/x86_64-linux-gnu/libpthread-2.17.so
7f0d5ce52000-7f0d5d051000 ---p 00018000 08:01 7343844                    /lib/x86_64-linux-gnu/libpthread-2.17.so
7f0d5d051000-7f0d5d052000 r--p 00017000 08:01 7343844                    /lib/x86_64-linux-gnu/libpthread-2.17.so
7f0d5d052000-7f0d5d053000 rw-p 00018000 08:01 7343844                    /lib/x86_64-linux-gnu/libpthread-2.17.so
7f0d5d053000-7f0d5d057000 rw-p 00000000 00:00 0 
7f0d5d057000-7f0d5d05a000 r-xp 00000000 08:01 7343747                    /lib/x86_64-linux-gnu/libdl-2.17.so
7f0d5d05a000-7f0d5d259000 ---p 00003000 08:01 7343747                    /lib/x86_64-linux-gnu/libdl-2.17.so
7f0d5d259000-7f0d5d25a000 r--p 00002000 08:01 7343747                    /lib/x86_64-linux-gnu/libdl-2.17.so
7f0d5d25a000-7f0d5d25b000 rw-p 00003000 08:01 7343747                    /lib/x86_64-linux-gnu/libdl-2.17.so
7f0d5d25b000-7f0d5d419000 r-xp 00000000 08:01 7343732                    /lib/x86_64-linux-gnu/libc-2.17.so
7f0d5d419000-7f0d5d618000 ---p 001be000 08:01 7343732                    /lib/x86_64-linux-gnu/libc-2.17.so
7f0d5d618000-7f0d5d61c000 r--p 001bd000 08:01 7343732                    /lib/x86_64-linux-gnu/libc-2.17.so
7f0d5d61c000-7f0d5d61e000 rw-p 001c1000 08:01 7343732                    /lib/x86_64-linux-gnu/libc-2.17.so
7f0d5d61e000-7f0d5d623000 rw-p 00000000 00:00 0 
7f0d5d623000-7f0d5d630000 r-xp 00000000 08:01 6557275                    /usr/lib/jvm/java-7-openjdk-amd64/jre/lib/amd64/jli/libjli.so
7f0d5d630000-7f0d5d82f000 ---p 0000d000 08:01 6557275                    /usr/lib/jvm/java-7-openjdk-amd64/jre/lib/amd64/jli/libjli.so
7f0d5d82f000-7f0d5d830000 r--p 0000c000 08:01 6557275                    /usr/lib/jvm/java-7-openjdk-amd64/jre/lib/amd64/jli/libjli.so
7f0d5d830000-7f0d5d831000 rw-p 0000d000 08:01 6557275                    /usr/lib/jvm/java-7-openjdk-amd64/jre/lib/amd64/jli/libjli.so
7f0d5d831000-7f0d5d854000 r-xp 00000000 08:01 7343708                    /lib/x86_64-linux-gnu/ld-2.17.so
7f0d5d86e000-7f0d5d878000 rw-p 00000000 00:00 0 
7f0d5d878000-7f0d5d92e000 rw-p 00000000 00:00 0 
7f0d5d92e000-7f0d5d931000 ---p 00000000 00:00 0 
7f0d5d931000-7f0d5da34000 rw-p 00000000 00:00 0                          [stack:12047]
7f0d5da45000-7f0d5da47000 rw-p 00000000 00:00 0 
7f0d5da47000-7f0d5da4f000 rw-s 00000000 08:01 6036509                    /tmp/hsperfdata_meddan/12043
7f0d5da4f000-7f0d5da50000 rw-p 00000000 00:00 0 
7f0d5da50000-7f0d5da51000 r--p 00000000 00:00 0 
7f0d5da51000-7f0d5da53000 rw-p 00000000 00:00 0 
7f0d5da53000-7f0d5da54000 r--p 00022000 08:01 7343708                    /lib/x86_64-linux-gnu/ld-2.17.so
7f0d5da54000-7f0d5da56000 rw-p 00023000 08:01 7343708                    /lib/x86_64-linux-gnu/ld-2.17.so
7fff05642000-7fff05664000 rw-p 00000000 00:00 0                          [stack]
7fff057fe000-7fff05800000 r-xp 00000000 00:00 0                          [vdso]
ffffffffff600000-ffffffffff601000 r-xp 00000000 00:00 0                  [vsyscall]

VM Arguments:
jvm_args: -Dfile.encoding=UTF-8 -Xbootclasspath:/home/meddan/android-sdks/platforms/android-15/android.jar 
java_command: org.eclipse.jdt.internal.junit.runner.RemoteTestRunner -version 3 -port 38463 -testLoaderClass org.eclipse.jdt.internal.junit.runner.junit3.JUnit3TestLoader -loaderpluginname org.eclipse.jdt.junit.runtime -classNames se.chalmers.segway.tests.UpgradesManagerTest
Launcher Type: SUN_STANDARD

Environment Variables:
PATH=/home/meddan/bin:/usr/lib/lightdm/lightdm:/usr/local/sbin:/usr/local/bin:/usr/sbin:/usr/bin:/sbin:/bin:/usr/games:/usr/local/games:/home/meddan/bin:/home/meddan/android-sdks/tools:/home/meddan/android-sdks/platform-tools
SHELL=/bin/bash
DISPLAY=:0.0

Signal Handlers:
SIGSEGV: [libjvm.so+0x84f410], sa_mask[0]=0x7ffbfeff, sa_flags=0x10000004
SIGBUS: [libjvm.so+0x84f410], sa_mask[0]=0x7ffbfeff, sa_flags=0x10000004
SIGFPE: [libjvm.so+0x6f19a0], sa_mask[0]=0x7ffbfeff, sa_flags=0x10000004
SIGPIPE: [libjvm.so+0x6f19a0], sa_mask[0]=0x7ffbfeff, sa_flags=0x10000004
SIGXFSZ: [libjvm.so+0x6f19a0], sa_mask[0]=0x7ffbfeff, sa_flags=0x10000004
SIGILL: [libjvm.so+0x6f19a0], sa_mask[0]=0x7ffbfeff, sa_flags=0x10000004
SIGUSR1: SIG_DFL, sa_mask[0]=0x00000000, sa_flags=0x00000000
SIGUSR2: [libjvm.so+0x6f1d70], sa_mask[0]=0x00000004, sa_flags=0x10000004
SIGHUP: SIG_DFL, sa_mask[0]=0x00000000, sa_flags=0x00000000
SIGINT: SIG_DFL, sa_mask[0]=0x00000000, sa_flags=0x00000000
SIGTERM: SIG_DFL, sa_mask[0]=0x00000000, sa_flags=0x00000000
SIGQUIT: SIG_DFL, sa_mask[0]=0x00000000, sa_flags=0x00000000


---------------  S Y S T E M  ---------------

OS:Ubuntu 13.04 (raring)
uname:Linux 3.8.0-30-generic #44-Ubuntu SMP Thu Aug 22 20:52:24 UTC 2013 x86_64
libc:glibc 2.17 NPTL 2.17 
rlimit: STACK 8192k, CORE 0k, NPROC 28309, NOFILE 4096, AS infinity
load average:1.38 0.79 0.93

/proc/meminfo:
MemTotal:        3642748 kB
MemFree:          561352 kB
Buffers:           78044 kB
Cached:           885088 kB
SwapCached:       197340 kB
Active:          1346696 kB
Inactive:        1443480 kB
Active(anon):    1029928 kB
Inactive(anon):   810392 kB
Active(file):     316768 kB
Inactive(file):   633088 kB
Unevictable:          48 kB
Mlocked:              48 kB
SwapTotal:       3779580 kB
SwapFree:        3488352 kB
Dirty:              1900 kB
Writeback:             0 kB
AnonPages:       1727800 kB
Mapped:           120572 kB
Shmem:             13272 kB
Slab:              80060 kB
SReclaimable:      46680 kB
SUnreclaim:        33380 kB
KernelStack:        4480 kB
PageTables:        47340 kB
NFS_Unstable:          0 kB
Bounce:                0 kB
WritebackTmp:          0 kB
CommitLimit:     5600952 kB
Committed_AS:    5699484 kB
VmallocTotal:   34359738367 kB
VmallocUsed:      283928 kB
VmallocChunk:   34359404328 kB
HardwareCorrupted:     0 kB
AnonHugePages:         0 kB
HugePages_Total:       0
HugePages_Free:        0
HugePages_Rsvd:        0
HugePages_Surp:        0
Hugepagesize:       2048 kB
DirectMap4k:       48124 kB
DirectMap2M:     2686976 kB
DirectMap1G:     1048576 kB


CPU:total 2 (2 cores per cpu, 1 threads per core) family 20 model 2 stepping 0, cmov, cx8, fxsr, mmx, sse, sse2, sse3, ssse3, popcnt, mmxext, lzcnt, sse4a, tsc, tscinvbit, tscinv

/proc/cpuinfo:
processor	: 0
vendor_id	: AuthenticAMD
cpu family	: 20
model		: 2
model name	: AMD E-450 APU with Radeon(tm) HD Graphics
stepping	: 0
microcode	: 0x500010d
cpu MHz		: 1650.000
cache size	: 512 KB
physical id	: 0
siblings	: 2
core id		: 0
cpu cores	: 2
apicid		: 0
initial apicid	: 0
fpu		: yes
fpu_exception	: yes
cpuid level	: 6
wp		: yes
flags		: fpu vme de pse tsc msr pae mce cx8 apic sep mtrr pge mca cmov pat pse36 clflush mmx fxsr sse sse2 ht syscall nx mmxext fxsr_opt pdpe1gb rdtscp lm constant_tsc rep_good nopl nonstop_tsc extd_apicid aperfmperf pni monitor ssse3 cx16 popcnt lahf_lm cmp_legacy svm extapic cr8_legacy abm sse4a misalignsse 3dnowprefetch ibs skinit wdt arat hw_pstate npt lbrv svm_lock nrip_save pausefilter
bogomips	: 3293.24
TLB size	: 1024 4K pages
clflush size	: 64
cache_alignment	: 64
address sizes	: 36 bits physical, 48 bits virtual
power management: ts ttp tm stc 100mhzsteps hwpstate

processor	: 1
vendor_id	: AuthenticAMD
cpu family	: 20
model		: 2
model name	: AMD E-450 APU with Radeon(tm) HD Graphics
stepping	: 0
microcode	: 0x500010d
cpu MHz		: 1650.000
cache size	: 512 KB
physical id	: 0
siblings	: 2
core id		: 1
cpu cores	: 2
apicid		: 1
initial apicid	: 1
fpu		: yes
fpu_exception	: yes
cpuid level	: 6
wp		: yes
flags		: fpu vme de pse tsc msr pae mce cx8 apic sep mtrr pge mca cmov pat pse36 clflush mmx fxsr sse sse2 ht syscall nx mmxext fxsr_opt pdpe1gb rdtscp lm constant_tsc rep_good nopl nonstop_tsc extd_apicid aperfmperf pni monitor ssse3 cx16 popcnt lahf_lm cmp_legacy svm extapic cr8_legacy abm sse4a misalignsse 3dnowprefetch ibs skinit wdt arat hw_pstate npt lbrv svm_lock nrip_save pausefilter
bogomips	: 3293.24
TLB size	: 1024 4K pages
clflush size	: 64
cache_alignment	: 64
address sizes	: 36 bits physical, 48 bits virtual
power management: ts ttp tm stc 100mhzsteps hwpstate



Memory: 4k page, physical 3642748k(561352k free), swap 3779580k(3488352k free)

vm_info: OpenJDK 64-Bit Server VM (23.7-b01) for linux-amd64 JRE (1.7.0_25-b30), built on Jul  3 2013 13:50:39 by "buildd" with gcc 4.7.3

time: Thu Oct  3 15:17:49 2013
elapsed time: 0 seconds

