#
# A fatal error has been detected by the Java Runtime Environment:
#
#  Internal Error (javaClasses.cpp:129), pid=681, tid=140035250697984
#  fatal error: Invalid layout of preloaded class
#
# JRE version: 7.0_25-b30
# Java VM: OpenJDK 64-Bit Server VM (23.7-b01 mixed mode linux-amd64 compressed oops)
# Failed to write core dump. Core dumps have been disabled. To enable core dumping, try "ulimit -c unlimited" before starting Java again
#
# If you would like to submit a bug report, please include
# instructions on how to reproduce the bug and visit:
#   https://bugs.launchpad.net/ubuntu/+source/openjdk-7/
#

---------------  T H R E A D  ---------------

Current thread (0x00007f5c78009000):  JavaThread "Unknown thread" [_thread_in_vm, id=688, stack(0x00007f5c7f4fb000,0x00007f5c7f5fc000)]

Stack: [0x00007f5c7f4fb000,0x00007f5c7f5fc000],  sp=0x00007f5c7f5fa9a0,  free space=1022k
Native frames: (J=compiled Java code, j=interpreted, Vv=VM code, C=native code)
V  [libjvm.so+0x84e92b]  VMError::report_and_die()+0x16b
V  [libjvm.so+0x3ebd57]  report_fatal(char const*, int, char const*)+0x57
V  [libjvm.so+0x528efa]  compute_offset(int&, klassOopDesc*, Symbol*, Symbol*, bool) [clone .constprop.123]+0x11a
V  [libjvm.so+0x529166]  java_lang_String::compute_offsets()+0x36
V  [libjvm.so+0x7dcf8d]  SystemDictionary::initialize_preloaded_classes(Thread*)+0x3d
V  [libjvm.so+0x829288]  Universe::genesis(Thread*)+0x468
V  [libjvm.so+0x82973f]  universe2_init()+0x1f
V  [libjvm.so+0x4dde1a]  init_globals()+0x9a
V  [libjvm.so+0x80d26c]  Threads::create_vm(JavaVMInitArgs*, bool*)+0x39c
V  [libjvm.so+0x545278]  JNI_CreateJavaVM+0x58
C  [libjli.so+0x2b34]  __strcat_chk+0x2b34


---------------  P R O C E S S  ---------------

Java Threads: ( => current thread )

Other Threads:

=>0x00007f5c78009000 (exited) JavaThread "Unknown thread" [_thread_in_vm, id=688, stack(0x00007f5c7f4fb000,0x00007f5c7f5fc000)]

VM state:not at safepoint (not fully initialized)

VM Mutex/Monitor currently owned by a thread: None

GC Heap History (0 events):
No events

Deoptimization events (0 events):
No events

Internal exceptions (0 events):
No events

Events (10 events):
Event: 0.040 loading class 0x00007f5c78027630 done
Event: 0.044 loading class 0x00007f5c78026ed0 done
Event: 0.045 loading class 0x00007f5c78026ea0
Event: 0.045 loading class 0x00007f5c78051de0
Event: 0.045 loading class 0x00007f5c78051de0 done
Event: 0.045 loading class 0x00007f5c78051e20
Event: 0.046 loading class 0x00007f5c78051e20 done
Event: 0.046 loading class 0x00007f5c78051e60
Event: 0.046 loading class 0x00007f5c78051e60 done
Event: 0.046 loading class 0x00007f5c78026ea0 done


Dynamic libraries:
00400000-00401000 r-xp 00000000 08:01 6557308                            /usr/lib/jvm/java-7-openjdk-amd64/jre/bin/java
00600000-00601000 r--p 00000000 08:01 6557308                            /usr/lib/jvm/java-7-openjdk-amd64/jre/bin/java
00601000-00602000 rw-p 00001000 08:01 6557308                            /usr/lib/jvm/java-7-openjdk-amd64/jre/bin/java
01dda000-01dfb000 rw-p 00000000 00:00 0                                  [heap]
be000000-bf4c0000 rw-p 00000000 00:00 0 
bf4c0000-c8600000 rw-p 00000000 00:00 0 
c8600000-cab20000 rw-p 00000000 00:00 0 
cab20000-ed760000 rw-p 00000000 00:00 0 
ed760000-ee9e0000 rw-p 00000000 00:00 0 
ee9e0000-100000000 rw-p 00000000 00:00 0 
7f5c64000000-7f5c64021000 rw-p 00000000 00:00 0 
7f5c64021000-7f5c68000000 ---p 00000000 00:00 0 
7f5c6c000000-7f5c6c021000 rw-p 00000000 00:00 0 
7f5c6c021000-7f5c70000000 ---p 00000000 00:00 0 
7f5c72070000-7f5c722af000 rw-p 00000000 00:00 0 
7f5c722af000-7f5c7236d000 r--s 00fac000 08:01 17698782                   /home/meddan/android-sdks/platforms/android-15/android.jar
7f5c7236d000-7f5c74cd5000 rw-p 00000000 00:00 0 
7f5c74cd5000-7f5c74cd6000 ---p 00000000 00:00 0 
7f5c74cd6000-7f5c74dd6000 rw-p 00000000 00:00 0                          [stack:691]
7f5c74dd6000-7f5c74dd7000 ---p 00000000 00:00 0 
7f5c74dd7000-7f5c74eea000 rw-p 00000000 00:00 0                          [stack:690]
7f5c74eea000-7f5c75000000 rw-p 00000000 00:00 0 
7f5c75000000-7f5c75270000 rwxp 00000000 00:00 0 
7f5c75270000-7f5c7805c000 rw-p 00000000 00:00 0 
7f5c7805c000-7f5c7c000000 ---p 00000000 00:00 0 
7f5c7c026000-7f5c7c031000 rw-p 00000000 00:00 0 
7f5c7c031000-7f5c7c079000 rw-p 00000000 00:00 0 
7f5c7c079000-7f5c7c084000 rw-p 00000000 00:00 0 
7f5c7c084000-7f5c7c0cc000 rw-p 00000000 00:00 0 
7f5c7c0cc000-7f5c7c0df000 rw-p 00000000 00:00 0 
7f5c7c0df000-7f5c7c1f4000 rw-p 00000000 00:00 0 
7f5c7c1f4000-7f5c7c1fe000 rw-p 00000000 00:00 0 
7f5c7c1fe000-7f5c7c289000 rw-p 00000000 00:00 0 
7f5c7c289000-7f5c7c28a000 rw-p 00000000 00:00 0 
7f5c7c28a000-7f5c7c292000 r-xp 00000000 08:01 6557307                    /usr/lib/jvm/java-7-openjdk-amd64/jre/lib/amd64/libzip.so
7f5c7c292000-7f5c7c491000 ---p 00008000 08:01 6557307                    /usr/lib/jvm/java-7-openjdk-amd64/jre/lib/amd64/libzip.so
7f5c7c491000-7f5c7c492000 r--p 00007000 08:01 6557307                    /usr/lib/jvm/java-7-openjdk-amd64/jre/lib/amd64/libzip.so
7f5c7c492000-7f5c7c493000 rw-p 00008000 08:01 6557307                    /usr/lib/jvm/java-7-openjdk-amd64/jre/lib/amd64/libzip.so
7f5c7c493000-7f5c7c49f000 r-xp 00000000 08:01 7343455                    /lib/x86_64-linux-gnu/libnss_files-2.17.so
7f5c7c49f000-7f5c7c69e000 ---p 0000c000 08:01 7343455                    /lib/x86_64-linux-gnu/libnss_files-2.17.so
7f5c7c69e000-7f5c7c69f000 r--p 0000b000 08:01 7343455                    /lib/x86_64-linux-gnu/libnss_files-2.17.so
7f5c7c69f000-7f5c7c6a0000 rw-p 0000c000 08:01 7343455                    /lib/x86_64-linux-gnu/libnss_files-2.17.so
7f5c7c6a0000-7f5c7c6ab000 r-xp 00000000 08:01 7343468                    /lib/x86_64-linux-gnu/libnss_nis-2.17.so
7f5c7c6ab000-7f5c7c8aa000 ---p 0000b000 08:01 7343468                    /lib/x86_64-linux-gnu/libnss_nis-2.17.so
7f5c7c8aa000-7f5c7c8ab000 r--p 0000a000 08:01 7343468                    /lib/x86_64-linux-gnu/libnss_nis-2.17.so
7f5c7c8ab000-7f5c7c8ac000 rw-p 0000b000 08:01 7343468                    /lib/x86_64-linux-gnu/libnss_nis-2.17.so
7f5c7c8ac000-7f5c7c8c3000 r-xp 00000000 08:01 7343448                    /lib/x86_64-linux-gnu/libnsl-2.17.so
7f5c7c8c3000-7f5c7cac2000 ---p 00017000 08:01 7343448                    /lib/x86_64-linux-gnu/libnsl-2.17.so
7f5c7cac2000-7f5c7cac3000 r--p 00016000 08:01 7343448                    /lib/x86_64-linux-gnu/libnsl-2.17.so
7f5c7cac3000-7f5c7cac4000 rw-p 00017000 08:01 7343448                    /lib/x86_64-linux-gnu/libnsl-2.17.so
7f5c7cac4000-7f5c7cac6000 rw-p 00000000 00:00 0 
7f5c7cac6000-7f5c7cace000 r-xp 00000000 08:01 7343470                    /lib/x86_64-linux-gnu/libnss_compat-2.17.so
7f5c7cace000-7f5c7cccd000 ---p 00008000 08:01 7343470                    /lib/x86_64-linux-gnu/libnss_compat-2.17.so
7f5c7cccd000-7f5c7ccce000 r--p 00007000 08:01 7343470                    /lib/x86_64-linux-gnu/libnss_compat-2.17.so
7f5c7ccce000-7f5c7cccf000 rw-p 00008000 08:01 7343470                    /lib/x86_64-linux-gnu/libnss_compat-2.17.so
7f5c7cccf000-7f5c7ccfa000 r-xp 00000000 08:01 6557292                    /usr/lib/jvm/java-7-openjdk-amd64/jre/lib/amd64/libjava.so
7f5c7ccfa000-7f5c7cef9000 ---p 0002b000 08:01 6557292                    /usr/lib/jvm/java-7-openjdk-amd64/jre/lib/amd64/libjava.so
7f5c7cef9000-7f5c7cefa000 r--p 0002a000 08:01 6557292                    /usr/lib/jvm/java-7-openjdk-amd64/jre/lib/amd64/libjava.so
7f5c7cefa000-7f5c7cefc000 rw-p 0002b000 08:01 6557292                    /usr/lib/jvm/java-7-openjdk-amd64/jre/lib/amd64/libjava.so
7f5c7cefc000-7f5c7cf0b000 r-xp 00000000 08:01 6557291                    /usr/lib/jvm/java-7-openjdk-amd64/jre/lib/amd64/libverify.so
7f5c7cf0b000-7f5c7d10a000 ---p 0000f000 08:01 6557291                    /usr/lib/jvm/java-7-openjdk-amd64/jre/lib/amd64/libverify.so
7f5c7d10a000-7f5c7d10c000 r--p 0000e000 08:01 6557291                    /usr/lib/jvm/java-7-openjdk-amd64/jre/lib/amd64/libverify.so
7f5c7d10c000-7f5c7d10d000 rw-p 00010000 08:01 6557291                    /usr/lib/jvm/java-7-openjdk-amd64/jre/lib/amd64/libverify.so
7f5c7d10d000-7f5c7d114000 r-xp 00000000 08:01 7343458                    /lib/x86_64-linux-gnu/librt-2.17.so
7f5c7d114000-7f5c7d313000 ---p 00007000 08:01 7343458                    /lib/x86_64-linux-gnu/librt-2.17.so
7f5c7d313000-7f5c7d314000 r--p 00006000 08:01 7343458                    /lib/x86_64-linux-gnu/librt-2.17.so
7f5c7d314000-7f5c7d315000 rw-p 00007000 08:01 7343458                    /lib/x86_64-linux-gnu/librt-2.17.so
7f5c7d315000-7f5c7d329000 r-xp 00000000 08:01 7343757                    /lib/x86_64-linux-gnu/libgcc_s.so.1
7f5c7d329000-7f5c7d529000 ---p 00014000 08:01 7343757                    /lib/x86_64-linux-gnu/libgcc_s.so.1
7f5c7d529000-7f5c7d52a000 r--p 00014000 08:01 7343757                    /lib/x86_64-linux-gnu/libgcc_s.so.1
7f5c7d52a000-7f5c7d52b000 rw-p 00015000 08:01 7343757                    /lib/x86_64-linux-gnu/libgcc_s.so.1
7f5c7d52b000-7f5c7d62e000 r-xp 00000000 08:01 7343469                    /lib/x86_64-linux-gnu/libm-2.17.so
7f5c7d62e000-7f5c7d82e000 ---p 00103000 08:01 7343469                    /lib/x86_64-linux-gnu/libm-2.17.so
7f5c7d82e000-7f5c7d82f000 r--p 00103000 08:01 7343469                    /lib/x86_64-linux-gnu/libm-2.17.so
7f5c7d82f000-7f5c7d830000 rw-p 00104000 08:01 7343469                    /lib/x86_64-linux-gnu/libm-2.17.so
7f5c7d830000-7f5c7d915000 r-xp 00000000 08:01 5774909                    /usr/lib/x86_64-linux-gnu/libstdc++.so.6.0.17
7f5c7d915000-7f5c7db14000 ---p 000e5000 08:01 5774909                    /usr/lib/x86_64-linux-gnu/libstdc++.so.6.0.17
7f5c7db14000-7f5c7db1c000 r--p 000e4000 08:01 5774909                    /usr/lib/x86_64-linux-gnu/libstdc++.so.6.0.17
7f5c7db1c000-7f5c7db1e000 rw-p 000ec000 08:01 5774909                    /usr/lib/x86_64-linux-gnu/libstdc++.so.6.0.17
7f5c7db1e000-7f5c7db33000 rw-p 00000000 00:00 0 
7f5c7db33000-7f5c7e523000 r-xp 00000000 08:01 6557296                    /usr/lib/jvm/java-7-openjdk-amd64/jre/lib/amd64/server/libjvm.so
7f5c7e523000-7f5c7e722000 ---p 009f0000 08:01 6557296                    /usr/lib/jvm/java-7-openjdk-amd64/jre/lib/amd64/server/libjvm.so
7f5c7e722000-7f5c7e7a1000 r--p 009ef000 08:01 6557296                    /usr/lib/jvm/java-7-openjdk-amd64/jre/lib/amd64/server/libjvm.so
7f5c7e7a1000-7f5c7e7c4000 rw-p 00a6e000 08:01 6557296                    /usr/lib/jvm/java-7-openjdk-amd64/jre/lib/amd64/server/libjvm.so
7f5c7e7c4000-7f5c7e7ef000 rw-p 00000000 00:00 0 
7f5c7e7ef000-7f5c7e805000 r-xp 00000000 08:01 7343885                    /lib/x86_64-linux-gnu/libz.so.1.2.7
7f5c7e805000-7f5c7ea04000 ---p 00016000 08:01 7343885                    /lib/x86_64-linux-gnu/libz.so.1.2.7
7f5c7ea04000-7f5c7ea05000 r--p 00015000 08:01 7343885                    /lib/x86_64-linux-gnu/libz.so.1.2.7
7f5c7ea05000-7f5c7ea06000 rw-p 00016000 08:01 7343885                    /lib/x86_64-linux-gnu/libz.so.1.2.7
7f5c7ea06000-7f5c7ea1e000 r-xp 00000000 08:01 7343449                    /lib/x86_64-linux-gnu/libpthread-2.17.so
7f5c7ea1e000-7f5c7ec1d000 ---p 00018000 08:01 7343449                    /lib/x86_64-linux-gnu/libpthread-2.17.so
7f5c7ec1d000-7f5c7ec1e000 r--p 00017000 08:01 7343449                    /lib/x86_64-linux-gnu/libpthread-2.17.so
7f5c7ec1e000-7f5c7ec1f000 rw-p 00018000 08:01 7343449                    /lib/x86_64-linux-gnu/libpthread-2.17.so
7f5c7ec1f000-7f5c7ec23000 rw-p 00000000 00:00 0 
7f5c7ec23000-7f5c7ec26000 r-xp 00000000 08:01 7343454                    /lib/x86_64-linux-gnu/libdl-2.17.so
7f5c7ec26000-7f5c7ee25000 ---p 00003000 08:01 7343454                    /lib/x86_64-linux-gnu/libdl-2.17.so
7f5c7ee25000-7f5c7ee26000 r--p 00002000 08:01 7343454                    /lib/x86_64-linux-gnu/libdl-2.17.so
7f5c7ee26000-7f5c7ee27000 rw-p 00003000 08:01 7343454                    /lib/x86_64-linux-gnu/libdl-2.17.so
7f5c7ee27000-7f5c7efe6000 r-xp 00000000 08:01 7343472                    /lib/x86_64-linux-gnu/libc-2.17.so
7f5c7efe6000-7f5c7f1e5000 ---p 001bf000 08:01 7343472                    /lib/x86_64-linux-gnu/libc-2.17.so
7f5c7f1e5000-7f5c7f1e9000 r--p 001be000 08:01 7343472                    /lib/x86_64-linux-gnu/libc-2.17.so
7f5c7f1e9000-7f5c7f1eb000 rw-p 001c2000 08:01 7343472                    /lib/x86_64-linux-gnu/libc-2.17.so
7f5c7f1eb000-7f5c7f1f0000 rw-p 00000000 00:00 0 
7f5c7f1f0000-7f5c7f1fd000 r-xp 00000000 08:01 6557275                    /usr/lib/jvm/java-7-openjdk-amd64/jre/lib/amd64/jli/libjli.so
7f5c7f1fd000-7f5c7f3fc000 ---p 0000d000 08:01 6557275                    /usr/lib/jvm/java-7-openjdk-amd64/jre/lib/amd64/jli/libjli.so
7f5c7f3fc000-7f5c7f3fd000 r--p 0000c000 08:01 6557275                    /usr/lib/jvm/java-7-openjdk-amd64/jre/lib/amd64/jli/libjli.so
7f5c7f3fd000-7f5c7f3fe000 rw-p 0000d000 08:01 6557275                    /usr/lib/jvm/java-7-openjdk-amd64/jre/lib/amd64/jli/libjli.so
7f5c7f3fe000-7f5c7f421000 r-xp 00000000 08:01 7342576                    /lib/x86_64-linux-gnu/ld-2.17.so
7f5c7f43b000-7f5c7f445000 rw-p 00000000 00:00 0 
7f5c7f445000-7f5c7f4fb000 rw-p 00000000 00:00 0 
7f5c7f4fb000-7f5c7f4fe000 ---p 00000000 00:00 0 
7f5c7f4fe000-7f5c7f601000 rw-p 00000000 00:00 0                          [stack:688]
7f5c7f612000-7f5c7f614000 rw-p 00000000 00:00 0 
7f5c7f614000-7f5c7f61c000 rw-s 00000000 08:01 6030532                    /tmp/hsperfdata_meddan/681
7f5c7f61c000-7f5c7f61d000 rw-p 00000000 00:00 0 
7f5c7f61d000-7f5c7f61e000 r--p 00000000 00:00 0 
7f5c7f61e000-7f5c7f620000 rw-p 00000000 00:00 0 
7f5c7f620000-7f5c7f621000 r--p 00022000 08:01 7342576                    /lib/x86_64-linux-gnu/ld-2.17.so
7f5c7f621000-7f5c7f623000 rw-p 00023000 08:01 7342576                    /lib/x86_64-linux-gnu/ld-2.17.so
7fff0cf77000-7fff0cf99000 rw-p 00000000 00:00 0                          [stack]
7fff0cfb5000-7fff0cfb7000 r-xp 00000000 00:00 0                          [vdso]
ffffffffff600000-ffffffffff601000 r-xp 00000000 00:00 0                  [vsyscall]

VM Arguments:
jvm_args: -Dfile.encoding=UTF-8 -Xbootclasspath:/home/meddan/android-sdks/platforms/android-15/android.jar 
java_command: org.eclipse.jdt.internal.junit.runner.RemoteTestRunner -version 3 -port 59690 -testLoaderClass org.eclipse.jdt.internal.junit.runner.junit3.JUnit3TestLoader -loaderpluginname org.eclipse.jdt.junit.runtime -classNames tests.SaveManagerTest
Launcher Type: SUN_STANDARD

Environment Variables:
PATH=/home/meddan/bin:/usr/lib/lightdm/lightdm:/usr/local/sbin:/usr/local/bin:/usr/sbin:/usr/bin:/sbin:/bin:/usr/games:/usr/local/games:/home/meddan/bin:/home/meddan/android-sdks/tools:/home/meddan/android-sdks/platform-tools
SHELL=/bin/bash
DISPLAY=:0.0

Signal Handlers:
SIGSEGV: [libjvm.so+0x84f410], sa_mask[0]=0x7ffbfeff, sa_flags=0x10000004
SIGBUS: [libjvm.so+0x84f410], sa_mask[0]=0x7ffbfeff, sa_flags=0x10000004
SIGFPE: [libjvm.so+0x6f19a0], sa_mask[0]=0x7ffbfeff, sa_flags=0x10000004
SIGPIPE: [libjvm.so+0x6f19a0], sa_mask[0]=0x7ffbfeff, sa_flags=0x10000004
SIGXFSZ: [libjvm.so+0x6f19a0], sa_mask[0]=0x7ffbfeff, sa_flags=0x10000004
SIGILL: [libjvm.so+0x6f19a0], sa_mask[0]=0x7ffbfeff, sa_flags=0x10000004
SIGUSR1: SIG_DFL, sa_mask[0]=0x00000000, sa_flags=0x00000000
SIGUSR2: [libjvm.so+0x6f1d70], sa_mask[0]=0x00000004, sa_flags=0x10000004
SIGHUP: SIG_DFL, sa_mask[0]=0x00000000, sa_flags=0x00000000
SIGINT: SIG_DFL, sa_mask[0]=0x00000000, sa_flags=0x00000000
SIGTERM: SIG_DFL, sa_mask[0]=0x00000000, sa_flags=0x00000000
SIGQUIT: SIG_DFL, sa_mask[0]=0x00000000, sa_flags=0x00000000


---------------  S Y S T E M  ---------------

OS:Ubuntu 13.04 (raring)
uname:Linux 3.8.0-30-generic #44-Ubuntu SMP Thu Aug 22 20:52:24 UTC 2013 x86_64
libc:glibc 2.17 NPTL 2.17 
rlimit: STACK 8192k, CORE 0k, NPROC 28309, NOFILE 4096, AS infinity
load average:1.73 2.19 1.94

/proc/meminfo:
MemTotal:        3642740 kB
MemFree:          711032 kB
Buffers:          123208 kB
Cached:           959504 kB
SwapCached:        59180 kB
Active:          1789820 kB
Inactive:         706208 kB
Active(anon):    1228020 kB
Inactive(anon):   195932 kB
Active(file):     561800 kB
Inactive(file):   510276 kB
Unevictable:          48 kB
Mlocked:              48 kB
SwapTotal:       3779580 kB
SwapFree:        3531260 kB
Dirty:              5840 kB
Writeback:             0 kB
AnonPages:       1395892 kB
Mapped:           135052 kB
Shmem:             10636 kB
Slab:             189756 kB
SReclaimable:     124100 kB
SUnreclaim:        65656 kB
KernelStack:        4160 kB
PageTables:        40136 kB
NFS_Unstable:          0 kB
Bounce:                0 kB
WritebackTmp:          0 kB
CommitLimit:     5600948 kB
Committed_AS:    5062496 kB
VmallocTotal:   34359738367 kB
VmallocUsed:      284104 kB
VmallocChunk:   34359411572 kB
HardwareCorrupted:     0 kB
AnonHugePages:         0 kB
HugePages_Total:       0
HugePages_Free:        0
HugePages_Rsvd:        0
HugePages_Surp:        0
Hugepagesize:       2048 kB
DirectMap4k:       50172 kB
DirectMap2M:     2684928 kB
DirectMap1G:     1048576 kB


CPU:total 2 (2 cores per cpu, 1 threads per core) family 20 model 2 stepping 0, cmov, cx8, fxsr, mmx, sse, sse2, sse3, ssse3, popcnt, mmxext, lzcnt, sse4a, tsc, tscinvbit, tscinv

/proc/cpuinfo:
processor	: 0
vendor_id	: AuthenticAMD
cpu family	: 20
model		: 2
model name	: AMD E-450 APU with Radeon(tm) HD Graphics
stepping	: 0
microcode	: 0x500010d
cpu MHz		: 1650.000
cache size	: 512 KB
physical id	: 0
siblings	: 2
core id		: 0
cpu cores	: 2
apicid		: 0
initial apicid	: 0
fpu		: yes
fpu_exception	: yes
cpuid level	: 6
wp		: yes
flags		: fpu vme de pse tsc msr pae mce cx8 apic sep mtrr pge mca cmov pat pse36 clflush mmx fxsr sse sse2 ht syscall nx mmxext fxsr_opt pdpe1gb rdtscp lm constant_tsc rep_good nopl nonstop_tsc extd_apicid aperfmperf pni monitor ssse3 cx16 popcnt lahf_lm cmp_legacy svm extapic cr8_legacy abm sse4a misalignsse 3dnowprefetch ibs skinit wdt arat hw_pstate npt lbrv svm_lock nrip_save pausefilter
bogomips	: 3293.06
TLB size	: 1024 4K pages
clflush size	: 64
cache_alignment	: 64
address sizes	: 36 bits physical, 48 bits virtual
power management: ts ttp tm stc 100mhzsteps hwpstate

processor	: 1
vendor_id	: AuthenticAMD
cpu family	: 20
model		: 2
model name	: AMD E-450 APU with Radeon(tm) HD Graphics
stepping	: 0
microcode	: 0x500010d
cpu MHz		: 1650.000
cache size	: 512 KB
physical id	: 0
siblings	: 2
core id		: 1
cpu cores	: 2
apicid		: 1
initial apicid	: 1
fpu		: yes
fpu_exception	: yes
cpuid level	: 6
wp		: yes
flags		: fpu vme de pse tsc msr pae mce cx8 apic sep mtrr pge mca cmov pat pse36 clflush mmx fxsr sse sse2 ht syscall nx mmxext fxsr_opt pdpe1gb rdtscp lm constant_tsc rep_good nopl nonstop_tsc extd_apicid aperfmperf pni monitor ssse3 cx16 popcnt lahf_lm cmp_legacy svm extapic cr8_legacy abm sse4a misalignsse 3dnowprefetch ibs skinit wdt arat hw_pstate npt lbrv svm_lock nrip_save pausefilter
bogomips	: 3293.06
TLB size	: 1024 4K pages
clflush size	: 64
cache_alignment	: 64
address sizes	: 36 bits physical, 48 bits virtual
power management: ts ttp tm stc 100mhzsteps hwpstate



Memory: 4k page, physical 3642740k(711032k free), swap 3779580k(3531260k free)

vm_info: OpenJDK 64-Bit Server VM (23.7-b01) for linux-amd64 JRE (1.7.0_25-b30), built on Jul  3 2013 13:50:39 by "buildd" with gcc 4.7.3

time: Tue Oct 22 22:31:56 2013
elapsed time: 0 seconds

