#
# A fatal error has been detected by the Java Runtime Environment:
#
#  Internal Error (javaClasses.cpp:129), pid=546, tid=140681139513088
#  fatal error: Invalid layout of preloaded class
#
# JRE version: 7.0_25-b30
# Java VM: OpenJDK 64-Bit Server VM (23.7-b01 mixed mode linux-amd64 compressed oops)
# Failed to write core dump. Core dumps have been disabled. To enable core dumping, try "ulimit -c unlimited" before starting Java again
#
# If you would like to submit a bug report, please include
# instructions on how to reproduce the bug and visit:
#   https://bugs.launchpad.net/ubuntu/+source/openjdk-7/
#

---------------  T H R E A D  ---------------

Current thread (0x00007ff2d8009000):  JavaThread "Unknown thread" [_thread_in_vm, id=549, stack(0x00007ff2e148e000,0x00007ff2e158f000)]

Stack: [0x00007ff2e148e000,0x00007ff2e158f000],  sp=0x00007ff2e158d9a0,  free space=1022k
Native frames: (J=compiled Java code, j=interpreted, Vv=VM code, C=native code)
V  [libjvm.so+0x84e92b]  VMError::report_and_die()+0x16b
V  [libjvm.so+0x3ebd57]  report_fatal(char const*, int, char const*)+0x57
V  [libjvm.so+0x528efa]  compute_offset(int&, klassOopDesc*, Symbol*, Symbol*, bool) [clone .constprop.123]+0x11a
V  [libjvm.so+0x529166]  java_lang_String::compute_offsets()+0x36
V  [libjvm.so+0x7dcf8d]  SystemDictionary::initialize_preloaded_classes(Thread*)+0x3d
V  [libjvm.so+0x829288]  Universe::genesis(Thread*)+0x468
V  [libjvm.so+0x82973f]  universe2_init()+0x1f
V  [libjvm.so+0x4dde1a]  init_globals()+0x9a
V  [libjvm.so+0x80d26c]  Threads::create_vm(JavaVMInitArgs*, bool*)+0x39c
V  [libjvm.so+0x545278]  JNI_CreateJavaVM+0x58
C  [libjli.so+0x2b34]  __strcat_chk+0x2b34


---------------  P R O C E S S  ---------------

Java Threads: ( => current thread )

Other Threads:

=>0x00007ff2d8009000 (exited) JavaThread "Unknown thread" [_thread_in_vm, id=549, stack(0x00007ff2e148e000,0x00007ff2e158f000)]

VM state:not at safepoint (not fully initialized)

VM Mutex/Monitor currently owned by a thread: None

GC Heap History (0 events):
No events

Deoptimization events (0 events):
No events

Internal exceptions (0 events):
No events

Events (10 events):
Event: 0.022 loading class 0x00007ff2d8027630 done
Event: 0.025 loading class 0x00007ff2d8026ed0 done
Event: 0.025 loading class 0x00007ff2d8026ea0
Event: 0.026 loading class 0x00007ff2d8051de0
Event: 0.033 loading class 0x00007ff2d8051de0 done
Event: 0.033 loading class 0x00007ff2d8051e20
Event: 0.033 loading class 0x00007ff2d8051e20 done
Event: 0.033 loading class 0x00007ff2d8051e60
Event: 0.033 loading class 0x00007ff2d8051e60 done
Event: 0.034 loading class 0x00007ff2d8026ea0 done


Dynamic libraries:
00400000-00401000 r-xp 00000000 08:01 6557308                            /usr/lib/jvm/java-7-openjdk-amd64/jre/bin/java
00600000-00601000 r--p 00000000 08:01 6557308                            /usr/lib/jvm/java-7-openjdk-amd64/jre/bin/java
00601000-00602000 rw-p 00001000 08:01 6557308                            /usr/lib/jvm/java-7-openjdk-amd64/jre/bin/java
01456000-01477000 rw-p 00000000 00:00 0                                  [heap]
be000000-bf4c0000 rw-p 00000000 00:00 0 
bf4c0000-c8600000 rw-p 00000000 00:00 0 
c8600000-cab20000 rw-p 00000000 00:00 0 
cab20000-ed760000 rw-p 00000000 00:00 0 
ed760000-ee9e0000 rw-p 00000000 00:00 0 
ee9e0000-100000000 rw-p 00000000 00:00 0 
7ff2c4000000-7ff2c4021000 rw-p 00000000 00:00 0 
7ff2c4021000-7ff2c8000000 ---p 00000000 00:00 0 
7ff2cc000000-7ff2cc021000 rw-p 00000000 00:00 0 
7ff2cc021000-7ff2d0000000 ---p 00000000 00:00 0 
7ff2d2f00000-7ff2d5000000 rw-p 00000000 00:00 0 
7ff2d5000000-7ff2d5270000 rwxp 00000000 00:00 0 
7ff2d5270000-7ff2d805c000 rw-p 00000000 00:00 0 
7ff2d805c000-7ff2dc000000 ---p 00000000 00:00 0 
7ff2dd129000-7ff2dd368000 rw-p 00000000 00:00 0 
7ff2dd368000-7ff2dd426000 r--s 00fac000 08:01 17698782                   /home/meddan/android-sdks/platforms/android-15/android.jar
7ff2dd426000-7ff2ddc8e000 rw-p 00000000 00:00 0 
7ff2ddc8e000-7ff2ddc8f000 ---p 00000000 00:00 0 
7ff2ddc8f000-7ff2ddd8f000 rw-p 00000000 00:00 0                          [stack:555]
7ff2ddd8f000-7ff2ddd90000 ---p 00000000 00:00 0 
7ff2ddd90000-7ff2dde9b000 rw-p 00000000 00:00 0                          [stack:554]
7ff2dde9b000-7ff2ddee3000 rw-p 00000000 00:00 0 
7ff2ddee3000-7ff2ddef6000 rw-p 00000000 00:00 0 
7ff2ddef6000-7ff2de00c000 rw-p 00000000 00:00 0 
7ff2de00c000-7ff2de017000 rw-p 00000000 00:00 0 
7ff2de017000-7ff2de05f000 rw-p 00000000 00:00 0 
7ff2de05f000-7ff2de072000 rw-p 00000000 00:00 0 
7ff2de072000-7ff2de187000 rw-p 00000000 00:00 0 
7ff2de187000-7ff2de191000 rw-p 00000000 00:00 0 
7ff2de191000-7ff2de21c000 rw-p 00000000 00:00 0 
7ff2de21c000-7ff2de21d000 rw-p 00000000 00:00 0 
7ff2de21d000-7ff2de225000 r-xp 00000000 08:01 6557307                    /usr/lib/jvm/java-7-openjdk-amd64/jre/lib/amd64/libzip.so
7ff2de225000-7ff2de424000 ---p 00008000 08:01 6557307                    /usr/lib/jvm/java-7-openjdk-amd64/jre/lib/amd64/libzip.so
7ff2de424000-7ff2de425000 r--p 00007000 08:01 6557307                    /usr/lib/jvm/java-7-openjdk-amd64/jre/lib/amd64/libzip.so
7ff2de425000-7ff2de426000 rw-p 00008000 08:01 6557307                    /usr/lib/jvm/java-7-openjdk-amd64/jre/lib/amd64/libzip.so
7ff2de426000-7ff2de432000 r-xp 00000000 08:01 7343455                    /lib/x86_64-linux-gnu/libnss_files-2.17.so
7ff2de432000-7ff2de631000 ---p 0000c000 08:01 7343455                    /lib/x86_64-linux-gnu/libnss_files-2.17.so
7ff2de631000-7ff2de632000 r--p 0000b000 08:01 7343455                    /lib/x86_64-linux-gnu/libnss_files-2.17.so
7ff2de632000-7ff2de633000 rw-p 0000c000 08:01 7343455                    /lib/x86_64-linux-gnu/libnss_files-2.17.so
7ff2de633000-7ff2de63e000 r-xp 00000000 08:01 7343468                    /lib/x86_64-linux-gnu/libnss_nis-2.17.so
7ff2de63e000-7ff2de83d000 ---p 0000b000 08:01 7343468                    /lib/x86_64-linux-gnu/libnss_nis-2.17.so
7ff2de83d000-7ff2de83e000 r--p 0000a000 08:01 7343468                    /lib/x86_64-linux-gnu/libnss_nis-2.17.so
7ff2de83e000-7ff2de83f000 rw-p 0000b000 08:01 7343468                    /lib/x86_64-linux-gnu/libnss_nis-2.17.so
7ff2de83f000-7ff2de856000 r-xp 00000000 08:01 7343448                    /lib/x86_64-linux-gnu/libnsl-2.17.so
7ff2de856000-7ff2dea55000 ---p 00017000 08:01 7343448                    /lib/x86_64-linux-gnu/libnsl-2.17.so
7ff2dea55000-7ff2dea56000 r--p 00016000 08:01 7343448                    /lib/x86_64-linux-gnu/libnsl-2.17.so
7ff2dea56000-7ff2dea57000 rw-p 00017000 08:01 7343448                    /lib/x86_64-linux-gnu/libnsl-2.17.so
7ff2dea57000-7ff2dea59000 rw-p 00000000 00:00 0 
7ff2dea59000-7ff2dea61000 r-xp 00000000 08:01 7343470                    /lib/x86_64-linux-gnu/libnss_compat-2.17.so
7ff2dea61000-7ff2dec60000 ---p 00008000 08:01 7343470                    /lib/x86_64-linux-gnu/libnss_compat-2.17.so
7ff2dec60000-7ff2dec61000 r--p 00007000 08:01 7343470                    /lib/x86_64-linux-gnu/libnss_compat-2.17.so
7ff2dec61000-7ff2dec62000 rw-p 00008000 08:01 7343470                    /lib/x86_64-linux-gnu/libnss_compat-2.17.so
7ff2dec62000-7ff2dec8d000 r-xp 00000000 08:01 6557292                    /usr/lib/jvm/java-7-openjdk-amd64/jre/lib/amd64/libjava.so
7ff2dec8d000-7ff2dee8c000 ---p 0002b000 08:01 6557292                    /usr/lib/jvm/java-7-openjdk-amd64/jre/lib/amd64/libjava.so
7ff2dee8c000-7ff2dee8d000 r--p 0002a000 08:01 6557292                    /usr/lib/jvm/java-7-openjdk-amd64/jre/lib/amd64/libjava.so
7ff2dee8d000-7ff2dee8f000 rw-p 0002b000 08:01 6557292                    /usr/lib/jvm/java-7-openjdk-amd64/jre/lib/amd64/libjava.so
7ff2dee8f000-7ff2dee9e000 r-xp 00000000 08:01 6557291                    /usr/lib/jvm/java-7-openjdk-amd64/jre/lib/amd64/libverify.so
7ff2dee9e000-7ff2df09d000 ---p 0000f000 08:01 6557291                    /usr/lib/jvm/java-7-openjdk-amd64/jre/lib/amd64/libverify.so
7ff2df09d000-7ff2df09f000 r--p 0000e000 08:01 6557291                    /usr/lib/jvm/java-7-openjdk-amd64/jre/lib/amd64/libverify.so
7ff2df09f000-7ff2df0a0000 rw-p 00010000 08:01 6557291                    /usr/lib/jvm/java-7-openjdk-amd64/jre/lib/amd64/libverify.so
7ff2df0a0000-7ff2df0a7000 r-xp 00000000 08:01 7343458                    /lib/x86_64-linux-gnu/librt-2.17.so
7ff2df0a7000-7ff2df2a6000 ---p 00007000 08:01 7343458                    /lib/x86_64-linux-gnu/librt-2.17.so
7ff2df2a6000-7ff2df2a7000 r--p 00006000 08:01 7343458                    /lib/x86_64-linux-gnu/librt-2.17.so
7ff2df2a7000-7ff2df2a8000 rw-p 00007000 08:01 7343458                    /lib/x86_64-linux-gnu/librt-2.17.so
7ff2df2a8000-7ff2df2bc000 r-xp 00000000 08:01 7343757                    /lib/x86_64-linux-gnu/libgcc_s.so.1
7ff2df2bc000-7ff2df4bc000 ---p 00014000 08:01 7343757                    /lib/x86_64-linux-gnu/libgcc_s.so.1
7ff2df4bc000-7ff2df4bd000 r--p 00014000 08:01 7343757                    /lib/x86_64-linux-gnu/libgcc_s.so.1
7ff2df4bd000-7ff2df4be000 rw-p 00015000 08:01 7343757                    /lib/x86_64-linux-gnu/libgcc_s.so.1
7ff2df4be000-7ff2df5c1000 r-xp 00000000 08:01 7343469                    /lib/x86_64-linux-gnu/libm-2.17.so
7ff2df5c1000-7ff2df7c1000 ---p 00103000 08:01 7343469                    /lib/x86_64-linux-gnu/libm-2.17.so
7ff2df7c1000-7ff2df7c2000 r--p 00103000 08:01 7343469                    /lib/x86_64-linux-gnu/libm-2.17.so
7ff2df7c2000-7ff2df7c3000 rw-p 00104000 08:01 7343469                    /lib/x86_64-linux-gnu/libm-2.17.so
7ff2df7c3000-7ff2df8a8000 r-xp 00000000 08:01 5774909                    /usr/lib/x86_64-linux-gnu/libstdc++.so.6.0.17
7ff2df8a8000-7ff2dfaa7000 ---p 000e5000 08:01 5774909                    /usr/lib/x86_64-linux-gnu/libstdc++.so.6.0.17
7ff2dfaa7000-7ff2dfaaf000 r--p 000e4000 08:01 5774909                    /usr/lib/x86_64-linux-gnu/libstdc++.so.6.0.17
7ff2dfaaf000-7ff2dfab1000 rw-p 000ec000 08:01 5774909                    /usr/lib/x86_64-linux-gnu/libstdc++.so.6.0.17
7ff2dfab1000-7ff2dfac6000 rw-p 00000000 00:00 0 
7ff2dfac6000-7ff2e04b6000 r-xp 00000000 08:01 6557296                    /usr/lib/jvm/java-7-openjdk-amd64/jre/lib/amd64/server/libjvm.so
7ff2e04b6000-7ff2e06b5000 ---p 009f0000 08:01 6557296                    /usr/lib/jvm/java-7-openjdk-amd64/jre/lib/amd64/server/libjvm.so
7ff2e06b5000-7ff2e0734000 r--p 009ef000 08:01 6557296                    /usr/lib/jvm/java-7-openjdk-amd64/jre/lib/amd64/server/libjvm.so
7ff2e0734000-7ff2e0757000 rw-p 00a6e000 08:01 6557296                    /usr/lib/jvm/java-7-openjdk-amd64/jre/lib/amd64/server/libjvm.so
7ff2e0757000-7ff2e0782000 rw-p 00000000 00:00 0 
7ff2e0782000-7ff2e0798000 r-xp 00000000 08:01 7343885                    /lib/x86_64-linux-gnu/libz.so.1.2.7
7ff2e0798000-7ff2e0997000 ---p 00016000 08:01 7343885                    /lib/x86_64-linux-gnu/libz.so.1.2.7
7ff2e0997000-7ff2e0998000 r--p 00015000 08:01 7343885                    /lib/x86_64-linux-gnu/libz.so.1.2.7
7ff2e0998000-7ff2e0999000 rw-p 00016000 08:01 7343885                    /lib/x86_64-linux-gnu/libz.so.1.2.7
7ff2e0999000-7ff2e09b1000 r-xp 00000000 08:01 7343449                    /lib/x86_64-linux-gnu/libpthread-2.17.so
7ff2e09b1000-7ff2e0bb0000 ---p 00018000 08:01 7343449                    /lib/x86_64-linux-gnu/libpthread-2.17.so
7ff2e0bb0000-7ff2e0bb1000 r--p 00017000 08:01 7343449                    /lib/x86_64-linux-gnu/libpthread-2.17.so
7ff2e0bb1000-7ff2e0bb2000 rw-p 00018000 08:01 7343449                    /lib/x86_64-linux-gnu/libpthread-2.17.so
7ff2e0bb2000-7ff2e0bb6000 rw-p 00000000 00:00 0 
7ff2e0bb6000-7ff2e0bb9000 r-xp 00000000 08:01 7343454                    /lib/x86_64-linux-gnu/libdl-2.17.so
7ff2e0bb9000-7ff2e0db8000 ---p 00003000 08:01 7343454                    /lib/x86_64-linux-gnu/libdl-2.17.so
7ff2e0db8000-7ff2e0db9000 r--p 00002000 08:01 7343454                    /lib/x86_64-linux-gnu/libdl-2.17.so
7ff2e0db9000-7ff2e0dba000 rw-p 00003000 08:01 7343454                    /lib/x86_64-linux-gnu/libdl-2.17.so
7ff2e0dba000-7ff2e0f79000 r-xp 00000000 08:01 7343472                    /lib/x86_64-linux-gnu/libc-2.17.so
7ff2e0f79000-7ff2e1178000 ---p 001bf000 08:01 7343472                    /lib/x86_64-linux-gnu/libc-2.17.so
7ff2e1178000-7ff2e117c000 r--p 001be000 08:01 7343472                    /lib/x86_64-linux-gnu/libc-2.17.so
7ff2e117c000-7ff2e117e000 rw-p 001c2000 08:01 7343472                    /lib/x86_64-linux-gnu/libc-2.17.so
7ff2e117e000-7ff2e1183000 rw-p 00000000 00:00 0 
7ff2e1183000-7ff2e1190000 r-xp 00000000 08:01 6557275                    /usr/lib/jvm/java-7-openjdk-amd64/jre/lib/amd64/jli/libjli.so
7ff2e1190000-7ff2e138f000 ---p 0000d000 08:01 6557275                    /usr/lib/jvm/java-7-openjdk-amd64/jre/lib/amd64/jli/libjli.so
7ff2e138f000-7ff2e1390000 r--p 0000c000 08:01 6557275                    /usr/lib/jvm/java-7-openjdk-amd64/jre/lib/amd64/jli/libjli.so
7ff2e1390000-7ff2e1391000 rw-p 0000d000 08:01 6557275                    /usr/lib/jvm/java-7-openjdk-amd64/jre/lib/amd64/jli/libjli.so
7ff2e1391000-7ff2e13b4000 r-xp 00000000 08:01 7342576                    /lib/x86_64-linux-gnu/ld-2.17.so
7ff2e13ce000-7ff2e13d8000 rw-p 00000000 00:00 0 
7ff2e13d8000-7ff2e148e000 rw-p 00000000 00:00 0 
7ff2e148e000-7ff2e1491000 ---p 00000000 00:00 0 
7ff2e1491000-7ff2e1594000 rw-p 00000000 00:00 0                          [stack:549]
7ff2e15a5000-7ff2e15a7000 rw-p 00000000 00:00 0 
7ff2e15a7000-7ff2e15af000 rw-s 00000000 08:01 6030532                    /tmp/hsperfdata_meddan/546
7ff2e15af000-7ff2e15b0000 rw-p 00000000 00:00 0 
7ff2e15b0000-7ff2e15b1000 r--p 00000000 00:00 0 
7ff2e15b1000-7ff2e15b3000 rw-p 00000000 00:00 0 
7ff2e15b3000-7ff2e15b4000 r--p 00022000 08:01 7342576                    /lib/x86_64-linux-gnu/ld-2.17.so
7ff2e15b4000-7ff2e15b6000 rw-p 00023000 08:01 7342576                    /lib/x86_64-linux-gnu/ld-2.17.so
7fffde6e9000-7fffde70b000 rw-p 00000000 00:00 0                          [stack]
7fffde774000-7fffde776000 r-xp 00000000 00:00 0                          [vdso]
ffffffffff600000-ffffffffff601000 r-xp 00000000 00:00 0                  [vsyscall]

VM Arguments:
jvm_args: -Dfile.encoding=UTF-8 -Xbootclasspath:/home/meddan/android-sdks/platforms/android-15/android.jar 
java_command: org.eclipse.jdt.internal.junit.runner.RemoteTestRunner -version 3 -port 50424 -testLoaderClass org.eclipse.jdt.internal.junit.runner.junit3.JUnit3TestLoader -loaderpluginname org.eclipse.jdt.junit.runtime -classNames tests.SaveManagerTest
Launcher Type: SUN_STANDARD

Environment Variables:
PATH=/home/meddan/bin:/usr/lib/lightdm/lightdm:/usr/local/sbin:/usr/local/bin:/usr/sbin:/usr/bin:/sbin:/bin:/usr/games:/usr/local/games:/home/meddan/bin:/home/meddan/android-sdks/tools:/home/meddan/android-sdks/platform-tools
SHELL=/bin/bash
DISPLAY=:0.0

Signal Handlers:
SIGSEGV: [libjvm.so+0x84f410], sa_mask[0]=0x7ffbfeff, sa_flags=0x10000004
SIGBUS: [libjvm.so+0x84f410], sa_mask[0]=0x7ffbfeff, sa_flags=0x10000004
SIGFPE: [libjvm.so+0x6f19a0], sa_mask[0]=0x7ffbfeff, sa_flags=0x10000004
SIGPIPE: [libjvm.so+0x6f19a0], sa_mask[0]=0x7ffbfeff, sa_flags=0x10000004
SIGXFSZ: [libjvm.so+0x6f19a0], sa_mask[0]=0x7ffbfeff, sa_flags=0x10000004
SIGILL: [libjvm.so+0x6f19a0], sa_mask[0]=0x7ffbfeff, sa_flags=0x10000004
SIGUSR1: SIG_DFL, sa_mask[0]=0x00000000, sa_flags=0x00000000
SIGUSR2: [libjvm.so+0x6f1d70], sa_mask[0]=0x00000004, sa_flags=0x10000004
SIGHUP: SIG_DFL, sa_mask[0]=0x00000000, sa_flags=0x00000000
SIGINT: SIG_DFL, sa_mask[0]=0x00000000, sa_flags=0x00000000
SIGTERM: SIG_DFL, sa_mask[0]=0x00000000, sa_flags=0x00000000
SIGQUIT: SIG_DFL, sa_mask[0]=0x00000000, sa_flags=0x00000000


---------------  S Y S T E M  ---------------

OS:Ubuntu 13.04 (raring)
uname:Linux 3.8.0-30-generic #44-Ubuntu SMP Thu Aug 22 20:52:24 UTC 2013 x86_64
libc:glibc 2.17 NPTL 2.17 
rlimit: STACK 8192k, CORE 0k, NPROC 28309, NOFILE 4096, AS infinity
load average:3.55 2.67 2.02

/proc/meminfo:
MemTotal:        3642740 kB
MemFree:          726392 kB
Buffers:          121936 kB
Cached:           952004 kB
SwapCached:        59196 kB
Active:          1779036 kB
Inactive:         701784 kB
Active(anon):    1221788 kB
Inactive(anon):   195596 kB
Active(file):     557248 kB
Inactive(file):   506188 kB
Unevictable:          48 kB
Mlocked:              48 kB
SwapTotal:       3779580 kB
SwapFree:        3530980 kB
Dirty:              5336 kB
Writeback:             0 kB
AnonPages:       1389156 kB
Mapped:           137192 kB
Shmem:             10504 kB
Slab:             189652 kB
SReclaimable:     123852 kB
SUnreclaim:        65800 kB
KernelStack:        4216 kB
PageTables:        39996 kB
NFS_Unstable:          0 kB
Bounce:                0 kB
WritebackTmp:          0 kB
CommitLimit:     5600948 kB
Committed_AS:    5066656 kB
VmallocTotal:   34359738367 kB
VmallocUsed:      284104 kB
VmallocChunk:   34359411572 kB
HardwareCorrupted:     0 kB
AnonHugePages:         0 kB
HugePages_Total:       0
HugePages_Free:        0
HugePages_Rsvd:        0
HugePages_Surp:        0
Hugepagesize:       2048 kB
DirectMap4k:       50172 kB
DirectMap2M:     2684928 kB
DirectMap1G:     1048576 kB


CPU:total 2 (2 cores per cpu, 1 threads per core) family 20 model 2 stepping 0, cmov, cx8, fxsr, mmx, sse, sse2, sse3, ssse3, popcnt, mmxext, lzcnt, sse4a, tsc, tscinvbit, tscinv

/proc/cpuinfo:
processor	: 0
vendor_id	: AuthenticAMD
cpu family	: 20
model		: 2
model name	: AMD E-450 APU with Radeon(tm) HD Graphics
stepping	: 0
microcode	: 0x500010d
cpu MHz		: 1650.000
cache size	: 512 KB
physical id	: 0
siblings	: 2
core id		: 0
cpu cores	: 2
apicid		: 0
initial apicid	: 0
fpu		: yes
fpu_exception	: yes
cpuid level	: 6
wp		: yes
flags		: fpu vme de pse tsc msr pae mce cx8 apic sep mtrr pge mca cmov pat pse36 clflush mmx fxsr sse sse2 ht syscall nx mmxext fxsr_opt pdpe1gb rdtscp lm constant_tsc rep_good nopl nonstop_tsc extd_apicid aperfmperf pni monitor ssse3 cx16 popcnt lahf_lm cmp_legacy svm extapic cr8_legacy abm sse4a misalignsse 3dnowprefetch ibs skinit wdt arat hw_pstate npt lbrv svm_lock nrip_save pausefilter
bogomips	: 3293.06
TLB size	: 1024 4K pages
clflush size	: 64
cache_alignment	: 64
address sizes	: 36 bits physical, 48 bits virtual
power management: ts ttp tm stc 100mhzsteps hwpstate

processor	: 1
vendor_id	: AuthenticAMD
cpu family	: 20
model		: 2
model name	: AMD E-450 APU with Radeon(tm) HD Graphics
stepping	: 0
microcode	: 0x500010d
cpu MHz		: 1650.000
cache size	: 512 KB
physical id	: 0
siblings	: 2
core id		: 1
cpu cores	: 2
apicid		: 1
initial apicid	: 1
fpu		: yes
fpu_exception	: yes
cpuid level	: 6
wp		: yes
flags		: fpu vme de pse tsc msr pae mce cx8 apic sep mtrr pge mca cmov pat pse36 clflush mmx fxsr sse sse2 ht syscall nx mmxext fxsr_opt pdpe1gb rdtscp lm constant_tsc rep_good nopl nonstop_tsc extd_apicid aperfmperf pni monitor ssse3 cx16 popcnt lahf_lm cmp_legacy svm extapic cr8_legacy abm sse4a misalignsse 3dnowprefetch ibs skinit wdt arat hw_pstate npt lbrv svm_lock nrip_save pausefilter
bogomips	: 3293.06
TLB size	: 1024 4K pages
clflush size	: 64
cache_alignment	: 64
address sizes	: 36 bits physical, 48 bits virtual
power management: ts ttp tm stc 100mhzsteps hwpstate



Memory: 4k page, physical 3642740k(726392k free), swap 3779580k(3530980k free)

vm_info: OpenJDK 64-Bit Server VM (23.7-b01) for linux-amd64 JRE (1.7.0_25-b30), built on Jul  3 2013 13:50:39 by "buildd" with gcc 4.7.3

time: Tue Oct 22 22:29:05 2013
elapsed time: 0 seconds

