#
# A fatal error has been detected by the Java Runtime Environment:
#
#  Internal Error (javaClasses.cpp:129), pid=772, tid=140525604632320
#  fatal error: Invalid layout of preloaded class
#
# JRE version: 7.0_25-b30
# Java VM: OpenJDK 64-Bit Server VM (23.7-b01 mixed mode linux-amd64 compressed oops)
# Failed to write core dump. Core dumps have been disabled. To enable core dumping, try "ulimit -c unlimited" before starting Java again
#
# If you would like to submit a bug report, please include
# instructions on how to reproduce the bug and visit:
#   https://bugs.launchpad.net/ubuntu/+source/openjdk-7/
#

---------------  T H R E A D  ---------------

Current thread (0x00007fcea4009000):  JavaThread "Unknown thread" [_thread_in_vm, id=777, stack(0x00007fceaaaef000,0x00007fceaabf0000)]

Stack: [0x00007fceaaaef000,0x00007fceaabf0000],  sp=0x00007fceaabee9a0,  free space=1022k
Native frames: (J=compiled Java code, j=interpreted, Vv=VM code, C=native code)
V  [libjvm.so+0x84e92b]  VMError::report_and_die()+0x16b
V  [libjvm.so+0x3ebd57]  report_fatal(char const*, int, char const*)+0x57
V  [libjvm.so+0x528efa]  compute_offset(int&, klassOopDesc*, Symbol*, Symbol*, bool) [clone .constprop.123]+0x11a
V  [libjvm.so+0x529166]  java_lang_String::compute_offsets()+0x36
V  [libjvm.so+0x7dcf8d]  SystemDictionary::initialize_preloaded_classes(Thread*)+0x3d
V  [libjvm.so+0x829288]  Universe::genesis(Thread*)+0x468
V  [libjvm.so+0x82973f]  universe2_init()+0x1f
V  [libjvm.so+0x4dde1a]  init_globals()+0x9a
V  [libjvm.so+0x80d26c]  Threads::create_vm(JavaVMInitArgs*, bool*)+0x39c
V  [libjvm.so+0x545278]  JNI_CreateJavaVM+0x58
C  [libjli.so+0x2b34]  __strcat_chk+0x2b34


---------------  P R O C E S S  ---------------

Java Threads: ( => current thread )

Other Threads:

=>0x00007fcea4009000 (exited) JavaThread "Unknown thread" [_thread_in_vm, id=777, stack(0x00007fceaaaef000,0x00007fceaabf0000)]

VM state:not at safepoint (not fully initialized)

VM Mutex/Monitor currently owned by a thread: None

GC Heap History (0 events):
No events

Deoptimization events (0 events):
No events

Internal exceptions (0 events):
No events

Events (10 events):
Event: 0.028 loading class 0x00007fcea4027650 done
Event: 0.029 loading class 0x00007fcea4026ef0 done
Event: 0.029 loading class 0x00007fcea4026ec0
Event: 0.029 loading class 0x00007fcea4051e00
Event: 0.029 loading class 0x00007fcea4051e00 done
Event: 0.029 loading class 0x00007fcea4051e40
Event: 0.029 loading class 0x00007fcea4051e40 done
Event: 0.029 loading class 0x00007fcea4051e80
Event: 0.029 loading class 0x00007fcea4051e80 done
Event: 0.030 loading class 0x00007fcea4026ec0 done


Dynamic libraries:
00400000-00401000 r-xp 00000000 08:01 6557308                            /usr/lib/jvm/java-7-openjdk-amd64/jre/bin/java
00600000-00601000 r--p 00000000 08:01 6557308                            /usr/lib/jvm/java-7-openjdk-amd64/jre/bin/java
00601000-00602000 rw-p 00001000 08:01 6557308                            /usr/lib/jvm/java-7-openjdk-amd64/jre/bin/java
02515000-02536000 rw-p 00000000 00:00 0                                  [heap]
be000000-bf4c0000 rw-p 00000000 00:00 0 
bf4c0000-c8600000 rw-p 00000000 00:00 0 
c8600000-cab20000 rw-p 00000000 00:00 0 
cab20000-ed760000 rw-p 00000000 00:00 0 
ed760000-ee9e0000 rw-p 00000000 00:00 0 
ee9e0000-100000000 rw-p 00000000 00:00 0 
7fce90000000-7fce90021000 rw-p 00000000 00:00 0 
7fce90021000-7fce94000000 ---p 00000000 00:00 0 
7fce98000000-7fce98021000 rw-p 00000000 00:00 0 
7fce98021000-7fce9c000000 ---p 00000000 00:00 0 
7fce9d67e000-7fce9d88a000 rw-p 00000000 00:00 0 
7fce9d88a000-7fce9d948000 r--s 00fac000 08:01 17698782                   /home/meddan/android-sdks/platforms/android-15/android.jar
7fce9d948000-7fcea0288000 rw-p 00000000 00:00 0 
7fcea0288000-7fcea0289000 ---p 00000000 00:00 0 
7fcea0289000-7fcea0389000 rw-p 00000000 00:00 0                          [stack:783]
7fcea0389000-7fcea038a000 ---p 00000000 00:00 0 
7fcea038a000-7fcea049d000 rw-p 00000000 00:00 0                          [stack:782]
7fcea049d000-7fcea05b3000 rw-p 00000000 00:00 0 
7fcea05b3000-7fcea05be000 rw-p 00000000 00:00 0 
7fcea05be000-7fcea0606000 rw-p 00000000 00:00 0 
7fcea0606000-7fcea0619000 rw-p 00000000 00:00 0 
7fcea0619000-7fcea072e000 rw-p 00000000 00:00 0 
7fcea072e000-7fcea0738000 rw-p 00000000 00:00 0 
7fcea0738000-7fcea07c3000 rw-p 00000000 00:00 0 
7fcea07c3000-7fcea07c4000 rw-p 00000000 00:00 0 
7fcea07c4000-7fcea0a34000 rwxp 00000000 00:00 0 
7fcea0a34000-7fcea37c4000 rw-p 00000000 00:00 0 
7fcea37c4000-7fcea37cc000 r-xp 00000000 08:01 6557307                    /usr/lib/jvm/java-7-openjdk-amd64/jre/lib/amd64/libzip.so
7fcea37cc000-7fcea39cb000 ---p 00008000 08:01 6557307                    /usr/lib/jvm/java-7-openjdk-amd64/jre/lib/amd64/libzip.so
7fcea39cb000-7fcea39cc000 r--p 00007000 08:01 6557307                    /usr/lib/jvm/java-7-openjdk-amd64/jre/lib/amd64/libzip.so
7fcea39cc000-7fcea39cd000 rw-p 00008000 08:01 6557307                    /usr/lib/jvm/java-7-openjdk-amd64/jre/lib/amd64/libzip.so
7fcea39cd000-7fcea39d9000 r-xp 00000000 08:01 7343455                    /lib/x86_64-linux-gnu/libnss_files-2.17.so
7fcea39d9000-7fcea3bd8000 ---p 0000c000 08:01 7343455                    /lib/x86_64-linux-gnu/libnss_files-2.17.so
7fcea3bd8000-7fcea3bd9000 r--p 0000b000 08:01 7343455                    /lib/x86_64-linux-gnu/libnss_files-2.17.so
7fcea3bd9000-7fcea3bda000 rw-p 0000c000 08:01 7343455                    /lib/x86_64-linux-gnu/libnss_files-2.17.so
7fcea3bda000-7fcea3be5000 r-xp 00000000 08:01 7343468                    /lib/x86_64-linux-gnu/libnss_nis-2.17.so
7fcea3be5000-7fcea3de4000 ---p 0000b000 08:01 7343468                    /lib/x86_64-linux-gnu/libnss_nis-2.17.so
7fcea3de4000-7fcea3de5000 r--p 0000a000 08:01 7343468                    /lib/x86_64-linux-gnu/libnss_nis-2.17.so
7fcea3de5000-7fcea3de6000 rw-p 0000b000 08:01 7343468                    /lib/x86_64-linux-gnu/libnss_nis-2.17.so
7fcea3de6000-7fcea3dfd000 r-xp 00000000 08:01 7343448                    /lib/x86_64-linux-gnu/libnsl-2.17.so
7fcea3dfd000-7fcea3ffc000 ---p 00017000 08:01 7343448                    /lib/x86_64-linux-gnu/libnsl-2.17.so
7fcea3ffc000-7fcea3ffd000 r--p 00016000 08:01 7343448                    /lib/x86_64-linux-gnu/libnsl-2.17.so
7fcea3ffd000-7fcea3ffe000 rw-p 00017000 08:01 7343448                    /lib/x86_64-linux-gnu/libnsl-2.17.so
7fcea3ffe000-7fcea4000000 rw-p 00000000 00:00 0 
7fcea4000000-7fcea405c000 rw-p 00000000 00:00 0 
7fcea405c000-7fcea8000000 ---p 00000000 00:00 0 
7fcea800c000-7fcea8072000 rw-p 00000000 00:00 0 
7fcea8072000-7fcea80ba000 rw-p 00000000 00:00 0 
7fcea80ba000-7fcea80c2000 r-xp 00000000 08:01 7343470                    /lib/x86_64-linux-gnu/libnss_compat-2.17.so
7fcea80c2000-7fcea82c1000 ---p 00008000 08:01 7343470                    /lib/x86_64-linux-gnu/libnss_compat-2.17.so
7fcea82c1000-7fcea82c2000 r--p 00007000 08:01 7343470                    /lib/x86_64-linux-gnu/libnss_compat-2.17.so
7fcea82c2000-7fcea82c3000 rw-p 00008000 08:01 7343470                    /lib/x86_64-linux-gnu/libnss_compat-2.17.so
7fcea82c3000-7fcea82ee000 r-xp 00000000 08:01 6557292                    /usr/lib/jvm/java-7-openjdk-amd64/jre/lib/amd64/libjava.so
7fcea82ee000-7fcea84ed000 ---p 0002b000 08:01 6557292                    /usr/lib/jvm/java-7-openjdk-amd64/jre/lib/amd64/libjava.so
7fcea84ed000-7fcea84ee000 r--p 0002a000 08:01 6557292                    /usr/lib/jvm/java-7-openjdk-amd64/jre/lib/amd64/libjava.so
7fcea84ee000-7fcea84f0000 rw-p 0002b000 08:01 6557292                    /usr/lib/jvm/java-7-openjdk-amd64/jre/lib/amd64/libjava.so
7fcea84f0000-7fcea84ff000 r-xp 00000000 08:01 6557291                    /usr/lib/jvm/java-7-openjdk-amd64/jre/lib/amd64/libverify.so
7fcea84ff000-7fcea86fe000 ---p 0000f000 08:01 6557291                    /usr/lib/jvm/java-7-openjdk-amd64/jre/lib/amd64/libverify.so
7fcea86fe000-7fcea8700000 r--p 0000e000 08:01 6557291                    /usr/lib/jvm/java-7-openjdk-amd64/jre/lib/amd64/libverify.so
7fcea8700000-7fcea8701000 rw-p 00010000 08:01 6557291                    /usr/lib/jvm/java-7-openjdk-amd64/jre/lib/amd64/libverify.so
7fcea8701000-7fcea8708000 r-xp 00000000 08:01 7343458                    /lib/x86_64-linux-gnu/librt-2.17.so
7fcea8708000-7fcea8907000 ---p 00007000 08:01 7343458                    /lib/x86_64-linux-gnu/librt-2.17.so
7fcea8907000-7fcea8908000 r--p 00006000 08:01 7343458                    /lib/x86_64-linux-gnu/librt-2.17.so
7fcea8908000-7fcea8909000 rw-p 00007000 08:01 7343458                    /lib/x86_64-linux-gnu/librt-2.17.so
7fcea8909000-7fcea891d000 r-xp 00000000 08:01 7343757                    /lib/x86_64-linux-gnu/libgcc_s.so.1
7fcea891d000-7fcea8b1d000 ---p 00014000 08:01 7343757                    /lib/x86_64-linux-gnu/libgcc_s.so.1
7fcea8b1d000-7fcea8b1e000 r--p 00014000 08:01 7343757                    /lib/x86_64-linux-gnu/libgcc_s.so.1
7fcea8b1e000-7fcea8b1f000 rw-p 00015000 08:01 7343757                    /lib/x86_64-linux-gnu/libgcc_s.so.1
7fcea8b1f000-7fcea8c22000 r-xp 00000000 08:01 7343469                    /lib/x86_64-linux-gnu/libm-2.17.so
7fcea8c22000-7fcea8e22000 ---p 00103000 08:01 7343469                    /lib/x86_64-linux-gnu/libm-2.17.so
7fcea8e22000-7fcea8e23000 r--p 00103000 08:01 7343469                    /lib/x86_64-linux-gnu/libm-2.17.so
7fcea8e23000-7fcea8e24000 rw-p 00104000 08:01 7343469                    /lib/x86_64-linux-gnu/libm-2.17.so
7fcea8e24000-7fcea8f09000 r-xp 00000000 08:01 5774909                    /usr/lib/x86_64-linux-gnu/libstdc++.so.6.0.17
7fcea8f09000-7fcea9108000 ---p 000e5000 08:01 5774909                    /usr/lib/x86_64-linux-gnu/libstdc++.so.6.0.17
7fcea9108000-7fcea9110000 r--p 000e4000 08:01 5774909                    /usr/lib/x86_64-linux-gnu/libstdc++.so.6.0.17
7fcea9110000-7fcea9112000 rw-p 000ec000 08:01 5774909                    /usr/lib/x86_64-linux-gnu/libstdc++.so.6.0.17
7fcea9112000-7fcea9127000 rw-p 00000000 00:00 0 
7fcea9127000-7fcea9b17000 r-xp 00000000 08:01 6557296                    /usr/lib/jvm/java-7-openjdk-amd64/jre/lib/amd64/server/libjvm.so
7fcea9b17000-7fcea9d16000 ---p 009f0000 08:01 6557296                    /usr/lib/jvm/java-7-openjdk-amd64/jre/lib/amd64/server/libjvm.so
7fcea9d16000-7fcea9d95000 r--p 009ef000 08:01 6557296                    /usr/lib/jvm/java-7-openjdk-amd64/jre/lib/amd64/server/libjvm.so
7fcea9d95000-7fcea9db8000 rw-p 00a6e000 08:01 6557296                    /usr/lib/jvm/java-7-openjdk-amd64/jre/lib/amd64/server/libjvm.so
7fcea9db8000-7fcea9de3000 rw-p 00000000 00:00 0 
7fcea9de3000-7fcea9df9000 r-xp 00000000 08:01 7343885                    /lib/x86_64-linux-gnu/libz.so.1.2.7
7fcea9df9000-7fcea9ff8000 ---p 00016000 08:01 7343885                    /lib/x86_64-linux-gnu/libz.so.1.2.7
7fcea9ff8000-7fcea9ff9000 r--p 00015000 08:01 7343885                    /lib/x86_64-linux-gnu/libz.so.1.2.7
7fcea9ff9000-7fcea9ffa000 rw-p 00016000 08:01 7343885                    /lib/x86_64-linux-gnu/libz.so.1.2.7
7fcea9ffa000-7fceaa012000 r-xp 00000000 08:01 7343449                    /lib/x86_64-linux-gnu/libpthread-2.17.so
7fceaa012000-7fceaa211000 ---p 00018000 08:01 7343449                    /lib/x86_64-linux-gnu/libpthread-2.17.so
7fceaa211000-7fceaa212000 r--p 00017000 08:01 7343449                    /lib/x86_64-linux-gnu/libpthread-2.17.so
7fceaa212000-7fceaa213000 rw-p 00018000 08:01 7343449                    /lib/x86_64-linux-gnu/libpthread-2.17.so
7fceaa213000-7fceaa217000 rw-p 00000000 00:00 0 
7fceaa217000-7fceaa21a000 r-xp 00000000 08:01 7343454                    /lib/x86_64-linux-gnu/libdl-2.17.so
7fceaa21a000-7fceaa419000 ---p 00003000 08:01 7343454                    /lib/x86_64-linux-gnu/libdl-2.17.so
7fceaa419000-7fceaa41a000 r--p 00002000 08:01 7343454                    /lib/x86_64-linux-gnu/libdl-2.17.so
7fceaa41a000-7fceaa41b000 rw-p 00003000 08:01 7343454                    /lib/x86_64-linux-gnu/libdl-2.17.so
7fceaa41b000-7fceaa5da000 r-xp 00000000 08:01 7343472                    /lib/x86_64-linux-gnu/libc-2.17.so
7fceaa5da000-7fceaa7d9000 ---p 001bf000 08:01 7343472                    /lib/x86_64-linux-gnu/libc-2.17.so
7fceaa7d9000-7fceaa7dd000 r--p 001be000 08:01 7343472                    /lib/x86_64-linux-gnu/libc-2.17.so
7fceaa7dd000-7fceaa7df000 rw-p 001c2000 08:01 7343472                    /lib/x86_64-linux-gnu/libc-2.17.so
7fceaa7df000-7fceaa7e4000 rw-p 00000000 00:00 0 
7fceaa7e4000-7fceaa7f1000 r-xp 00000000 08:01 6557275                    /usr/lib/jvm/java-7-openjdk-amd64/jre/lib/amd64/jli/libjli.so
7fceaa7f1000-7fceaa9f0000 ---p 0000d000 08:01 6557275                    /usr/lib/jvm/java-7-openjdk-amd64/jre/lib/amd64/jli/libjli.so
7fceaa9f0000-7fceaa9f1000 r--p 0000c000 08:01 6557275                    /usr/lib/jvm/java-7-openjdk-amd64/jre/lib/amd64/jli/libjli.so
7fceaa9f1000-7fceaa9f2000 rw-p 0000d000 08:01 6557275                    /usr/lib/jvm/java-7-openjdk-amd64/jre/lib/amd64/jli/libjli.so
7fceaa9f2000-7fceaaa15000 r-xp 00000000 08:01 7342576                    /lib/x86_64-linux-gnu/ld-2.17.so
7fceaaa2f000-7fceaaa39000 rw-p 00000000 00:00 0 
7fceaaa39000-7fceaaaef000 rw-p 00000000 00:00 0 
7fceaaaef000-7fceaaaf2000 ---p 00000000 00:00 0 
7fceaaaf2000-7fceaabf5000 rw-p 00000000 00:00 0                          [stack:777]
7fceaac06000-7fceaac08000 rw-p 00000000 00:00 0 
7fceaac08000-7fceaac10000 rw-s 00000000 08:01 6030532                    /tmp/hsperfdata_meddan/772
7fceaac10000-7fceaac11000 rw-p 00000000 00:00 0 
7fceaac11000-7fceaac12000 r--p 00000000 00:00 0 
7fceaac12000-7fceaac14000 rw-p 00000000 00:00 0 
7fceaac14000-7fceaac15000 r--p 00022000 08:01 7342576                    /lib/x86_64-linux-gnu/ld-2.17.so
7fceaac15000-7fceaac17000 rw-p 00023000 08:01 7342576                    /lib/x86_64-linux-gnu/ld-2.17.so
7fffc6b91000-7fffc6bb3000 rw-p 00000000 00:00 0                          [stack]
7fffc6bfe000-7fffc6c00000 r-xp 00000000 00:00 0                          [vdso]
ffffffffff600000-ffffffffff601000 r-xp 00000000 00:00 0                  [vsyscall]

VM Arguments:
jvm_args: -Dfile.encoding=UTF-8 -Xbootclasspath:/home/meddan/android-sdks/platforms/android-15/android.jar 
java_command: org.eclipse.jdt.internal.junit.runner.RemoteTestRunner -version 3 -port 59808 -testLoaderClass org.eclipse.jdt.internal.junit.runner.junit3.JUnit3TestLoader -loaderpluginname org.eclipse.jdt.junit.runtime -classNames se.chalmers.segway.tests.UpgradesTest
Launcher Type: SUN_STANDARD

Environment Variables:
PATH=/home/meddan/bin:/usr/lib/lightdm/lightdm:/usr/local/sbin:/usr/local/bin:/usr/sbin:/usr/bin:/sbin:/bin:/usr/games:/usr/local/games:/home/meddan/bin:/home/meddan/android-sdks/tools:/home/meddan/android-sdks/platform-tools
SHELL=/bin/bash
DISPLAY=:0.0

Signal Handlers:
SIGSEGV: [libjvm.so+0x84f410], sa_mask[0]=0x7ffbfeff, sa_flags=0x10000004
SIGBUS: [libjvm.so+0x84f410], sa_mask[0]=0x7ffbfeff, sa_flags=0x10000004
SIGFPE: [libjvm.so+0x6f19a0], sa_mask[0]=0x7ffbfeff, sa_flags=0x10000004
SIGPIPE: [libjvm.so+0x6f19a0], sa_mask[0]=0x7ffbfeff, sa_flags=0x10000004
SIGXFSZ: [libjvm.so+0x6f19a0], sa_mask[0]=0x7ffbfeff, sa_flags=0x10000004
SIGILL: [libjvm.so+0x6f19a0], sa_mask[0]=0x7ffbfeff, sa_flags=0x10000004
SIGUSR1: SIG_DFL, sa_mask[0]=0x00000000, sa_flags=0x00000000
SIGUSR2: [libjvm.so+0x6f1d70], sa_mask[0]=0x00000004, sa_flags=0x10000004
SIGHUP: SIG_DFL, sa_mask[0]=0x00000000, sa_flags=0x00000000
SIGINT: SIG_DFL, sa_mask[0]=0x00000000, sa_flags=0x00000000
SIGTERM: SIG_DFL, sa_mask[0]=0x00000000, sa_flags=0x00000000
SIGQUIT: SIG_DFL, sa_mask[0]=0x00000000, sa_flags=0x00000000


---------------  S Y S T E M  ---------------

OS:Ubuntu 13.04 (raring)
uname:Linux 3.8.0-30-generic #44-Ubuntu SMP Thu Aug 22 20:52:24 UTC 2013 x86_64
libc:glibc 2.17 NPTL 2.17 
rlimit: STACK 8192k, CORE 0k, NPROC 28309, NOFILE 4096, AS infinity
load average:1.51 1.83 1.85

/proc/meminfo:
MemTotal:        3642740 kB
MemFree:          756960 kB
Buffers:          123652 kB
Cached:           960024 kB
SwapCached:        59176 kB
Active:          1745744 kB
Inactive:         705872 kB
Active(anon):    1182648 kB
Inactive(anon):   196136 kB
Active(file):     563096 kB
Inactive(file):   509736 kB
Unevictable:          48 kB
Mlocked:              48 kB
SwapTotal:       3779580 kB
SwapFree:        3531264 kB
Dirty:               748 kB
Writeback:             0 kB
AnonPages:       1350332 kB
Mapped:           135176 kB
Shmem:             10840 kB
Slab:             189676 kB
SReclaimable:     124068 kB
SUnreclaim:        65608 kB
KernelStack:        4168 kB
PageTables:        39392 kB
NFS_Unstable:          0 kB
Bounce:                0 kB
WritebackTmp:          0 kB
CommitLimit:     5600948 kB
Committed_AS:    4962164 kB
VmallocTotal:   34359738367 kB
VmallocUsed:      284104 kB
VmallocChunk:   34359411572 kB
HardwareCorrupted:     0 kB
AnonHugePages:         0 kB
HugePages_Total:       0
HugePages_Free:        0
HugePages_Rsvd:        0
HugePages_Surp:        0
Hugepagesize:       2048 kB
DirectMap4k:       50172 kB
DirectMap2M:     2684928 kB
DirectMap1G:     1048576 kB


CPU:total 2 (2 cores per cpu, 1 threads per core) family 20 model 2 stepping 0, cmov, cx8, fxsr, mmx, sse, sse2, sse3, ssse3, popcnt, mmxext, lzcnt, sse4a, tsc, tscinvbit, tscinv

/proc/cpuinfo:
processor	: 0
vendor_id	: AuthenticAMD
cpu family	: 20
model		: 2
model name	: AMD E-450 APU with Radeon(tm) HD Graphics
stepping	: 0
microcode	: 0x500010d
cpu MHz		: 1650.000
cache size	: 512 KB
physical id	: 0
siblings	: 2
core id		: 0
cpu cores	: 2
apicid		: 0
initial apicid	: 0
fpu		: yes
fpu_exception	: yes
cpuid level	: 6
wp		: yes
flags		: fpu vme de pse tsc msr pae mce cx8 apic sep mtrr pge mca cmov pat pse36 clflush mmx fxsr sse sse2 ht syscall nx mmxext fxsr_opt pdpe1gb rdtscp lm constant_tsc rep_good nopl nonstop_tsc extd_apicid aperfmperf pni monitor ssse3 cx16 popcnt lahf_lm cmp_legacy svm extapic cr8_legacy abm sse4a misalignsse 3dnowprefetch ibs skinit wdt arat hw_pstate npt lbrv svm_lock nrip_save pausefilter
bogomips	: 3293.06
TLB size	: 1024 4K pages
clflush size	: 64
cache_alignment	: 64
address sizes	: 36 bits physical, 48 bits virtual
power management: ts ttp tm stc 100mhzsteps hwpstate

processor	: 1
vendor_id	: AuthenticAMD
cpu family	: 20
model		: 2
model name	: AMD E-450 APU with Radeon(tm) HD Graphics
stepping	: 0
microcode	: 0x500010d
cpu MHz		: 1650.000
cache size	: 512 KB
physical id	: 0
siblings	: 2
core id		: 1
cpu cores	: 2
apicid		: 1
initial apicid	: 1
fpu		: yes
fpu_exception	: yes
cpuid level	: 6
wp		: yes
flags		: fpu vme de pse tsc msr pae mce cx8 apic sep mtrr pge mca cmov pat pse36 clflush mmx fxsr sse sse2 ht syscall nx mmxext fxsr_opt pdpe1gb rdtscp lm constant_tsc rep_good nopl nonstop_tsc extd_apicid aperfmperf pni monitor ssse3 cx16 popcnt lahf_lm cmp_legacy svm extapic cr8_legacy abm sse4a misalignsse 3dnowprefetch ibs skinit wdt arat hw_pstate npt lbrv svm_lock nrip_save pausefilter
bogomips	: 3293.06
TLB size	: 1024 4K pages
clflush size	: 64
cache_alignment	: 64
address sizes	: 36 bits physical, 48 bits virtual
power management: ts ttp tm stc 100mhzsteps hwpstate



Memory: 4k page, physical 3642740k(756960k free), swap 3779580k(3531264k free)

vm_info: OpenJDK 64-Bit Server VM (23.7-b01) for linux-amd64 JRE (1.7.0_25-b30), built on Jul  3 2013 13:50:39 by "buildd" with gcc 4.7.3

time: Tue Oct 22 22:36:43 2013
elapsed time: 0 seconds

