#
# A fatal error has been detected by the Java Runtime Environment:
#
#  Internal Error (javaClasses.cpp:129), pid=576, tid=140127138313984
#  fatal error: Invalid layout of preloaded class
#
# JRE version: 7.0_25-b30
# Java VM: OpenJDK 64-Bit Server VM (23.7-b01 mixed mode linux-amd64 compressed oops)
# Failed to write core dump. Core dumps have been disabled. To enable core dumping, try "ulimit -c unlimited" before starting Java again
#
# If you would like to submit a bug report, please include
# instructions on how to reproduce the bug and visit:
#   https://bugs.launchpad.net/ubuntu/+source/openjdk-7/
#

---------------  T H R E A D  ---------------

Current thread (0x00007f71dc009000):  JavaThread "Unknown thread" [_thread_in_vm, id=580, stack(0x00007f71e43d7000,0x00007f71e44d8000)]

Stack: [0x00007f71e43d7000,0x00007f71e44d8000],  sp=0x00007f71e44d69a0,  free space=1022k
Native frames: (J=compiled Java code, j=interpreted, Vv=VM code, C=native code)
V  [libjvm.so+0x84e92b]  VMError::report_and_die()+0x16b
V  [libjvm.so+0x3ebd57]  report_fatal(char const*, int, char const*)+0x57
V  [libjvm.so+0x528efa]  compute_offset(int&, klassOopDesc*, Symbol*, Symbol*, bool) [clone .constprop.123]+0x11a
V  [libjvm.so+0x529166]  java_lang_String::compute_offsets()+0x36
V  [libjvm.so+0x7dcf8d]  SystemDictionary::initialize_preloaded_classes(Thread*)+0x3d
V  [libjvm.so+0x829288]  Universe::genesis(Thread*)+0x468
V  [libjvm.so+0x82973f]  universe2_init()+0x1f
V  [libjvm.so+0x4dde1a]  init_globals()+0x9a
V  [libjvm.so+0x80d26c]  Threads::create_vm(JavaVMInitArgs*, bool*)+0x39c
V  [libjvm.so+0x545278]  JNI_CreateJavaVM+0x58
C  [libjli.so+0x2b34]  __strcat_chk+0x2b34


---------------  P R O C E S S  ---------------

Java Threads: ( => current thread )

Other Threads:

=>0x00007f71dc009000 (exited) JavaThread "Unknown thread" [_thread_in_vm, id=580, stack(0x00007f71e43d7000,0x00007f71e44d8000)]

VM state:not at safepoint (not fully initialized)

VM Mutex/Monitor currently owned by a thread: None

GC Heap History (0 events):
No events

Deoptimization events (0 events):
No events

Internal exceptions (0 events):
No events

Events (10 events):
Event: 0.043 loading class 0x00007f71dc027630 done
Event: 0.045 loading class 0x00007f71dc026ed0 done
Event: 0.045 loading class 0x00007f71dc026ea0
Event: 0.046 loading class 0x00007f71dc051de0
Event: 0.046 loading class 0x00007f71dc051de0 done
Event: 0.046 loading class 0x00007f71dc051e20
Event: 0.046 loading class 0x00007f71dc051e20 done
Event: 0.046 loading class 0x00007f71dc051e60
Event: 0.046 loading class 0x00007f71dc051e60 done
Event: 0.048 loading class 0x00007f71dc026ea0 done


Dynamic libraries:
00400000-00401000 r-xp 00000000 08:01 6557308                            /usr/lib/jvm/java-7-openjdk-amd64/jre/bin/java
00600000-00601000 r--p 00000000 08:01 6557308                            /usr/lib/jvm/java-7-openjdk-amd64/jre/bin/java
00601000-00602000 rw-p 00001000 08:01 6557308                            /usr/lib/jvm/java-7-openjdk-amd64/jre/bin/java
0112c000-0114d000 rw-p 00000000 00:00 0                                  [heap]
be000000-bf4c0000 rw-p 00000000 00:00 0 
bf4c0000-c8600000 rw-p 00000000 00:00 0 
c8600000-cab20000 rw-p 00000000 00:00 0 
cab20000-ed760000 rw-p 00000000 00:00 0 
ed760000-ee9e0000 rw-p 00000000 00:00 0 
ee9e0000-100000000 rw-p 00000000 00:00 0 
7f71c8000000-7f71c8021000 rw-p 00000000 00:00 0 
7f71c8021000-7f71cc000000 ---p 00000000 00:00 0 
7f71d0000000-7f71d0021000 rw-p 00000000 00:00 0 
7f71d0021000-7f71d4000000 ---p 00000000 00:00 0 
7f71d6f00000-7f71d9000000 rw-p 00000000 00:00 0 
7f71d9000000-7f71d9270000 rwxp 00000000 00:00 0 
7f71d9270000-7f71dc05c000 rw-p 00000000 00:00 0 
7f71dc05c000-7f71e0000000 ---p 00000000 00:00 0 
7f71e0072000-7f71e02b1000 rw-p 00000000 00:00 0 
7f71e02b1000-7f71e036f000 r--s 00fac000 08:01 17698782                   /home/meddan/android-sdks/platforms/android-15/android.jar
7f71e036f000-7f71e0bd7000 rw-p 00000000 00:00 0 
7f71e0bd7000-7f71e0bd8000 ---p 00000000 00:00 0 
7f71e0bd8000-7f71e0cd8000 rw-p 00000000 00:00 0                          [stack:583]
7f71e0cd8000-7f71e0cd9000 ---p 00000000 00:00 0 
7f71e0cd9000-7f71e0de4000 rw-p 00000000 00:00 0                          [stack:582]
7f71e0de4000-7f71e0e2c000 rw-p 00000000 00:00 0 
7f71e0e2c000-7f71e0e3f000 rw-p 00000000 00:00 0 
7f71e0e3f000-7f71e0f55000 rw-p 00000000 00:00 0 
7f71e0f55000-7f71e0f60000 rw-p 00000000 00:00 0 
7f71e0f60000-7f71e0fa8000 rw-p 00000000 00:00 0 
7f71e0fa8000-7f71e0fbb000 rw-p 00000000 00:00 0 
7f71e0fbb000-7f71e10d0000 rw-p 00000000 00:00 0 
7f71e10d0000-7f71e10da000 rw-p 00000000 00:00 0 
7f71e10da000-7f71e1165000 rw-p 00000000 00:00 0 
7f71e1165000-7f71e1166000 rw-p 00000000 00:00 0 
7f71e1166000-7f71e116e000 r-xp 00000000 08:01 6557307                    /usr/lib/jvm/java-7-openjdk-amd64/jre/lib/amd64/libzip.so
7f71e116e000-7f71e136d000 ---p 00008000 08:01 6557307                    /usr/lib/jvm/java-7-openjdk-amd64/jre/lib/amd64/libzip.so
7f71e136d000-7f71e136e000 r--p 00007000 08:01 6557307                    /usr/lib/jvm/java-7-openjdk-amd64/jre/lib/amd64/libzip.so
7f71e136e000-7f71e136f000 rw-p 00008000 08:01 6557307                    /usr/lib/jvm/java-7-openjdk-amd64/jre/lib/amd64/libzip.so
7f71e136f000-7f71e137b000 r-xp 00000000 08:01 7343455                    /lib/x86_64-linux-gnu/libnss_files-2.17.so
7f71e137b000-7f71e157a000 ---p 0000c000 08:01 7343455                    /lib/x86_64-linux-gnu/libnss_files-2.17.so
7f71e157a000-7f71e157b000 r--p 0000b000 08:01 7343455                    /lib/x86_64-linux-gnu/libnss_files-2.17.so
7f71e157b000-7f71e157c000 rw-p 0000c000 08:01 7343455                    /lib/x86_64-linux-gnu/libnss_files-2.17.so
7f71e157c000-7f71e1587000 r-xp 00000000 08:01 7343468                    /lib/x86_64-linux-gnu/libnss_nis-2.17.so
7f71e1587000-7f71e1786000 ---p 0000b000 08:01 7343468                    /lib/x86_64-linux-gnu/libnss_nis-2.17.so
7f71e1786000-7f71e1787000 r--p 0000a000 08:01 7343468                    /lib/x86_64-linux-gnu/libnss_nis-2.17.so
7f71e1787000-7f71e1788000 rw-p 0000b000 08:01 7343468                    /lib/x86_64-linux-gnu/libnss_nis-2.17.so
7f71e1788000-7f71e179f000 r-xp 00000000 08:01 7343448                    /lib/x86_64-linux-gnu/libnsl-2.17.so
7f71e179f000-7f71e199e000 ---p 00017000 08:01 7343448                    /lib/x86_64-linux-gnu/libnsl-2.17.so
7f71e199e000-7f71e199f000 r--p 00016000 08:01 7343448                    /lib/x86_64-linux-gnu/libnsl-2.17.so
7f71e199f000-7f71e19a0000 rw-p 00017000 08:01 7343448                    /lib/x86_64-linux-gnu/libnsl-2.17.so
7f71e19a0000-7f71e19a2000 rw-p 00000000 00:00 0 
7f71e19a2000-7f71e19aa000 r-xp 00000000 08:01 7343470                    /lib/x86_64-linux-gnu/libnss_compat-2.17.so
7f71e19aa000-7f71e1ba9000 ---p 00008000 08:01 7343470                    /lib/x86_64-linux-gnu/libnss_compat-2.17.so
7f71e1ba9000-7f71e1baa000 r--p 00007000 08:01 7343470                    /lib/x86_64-linux-gnu/libnss_compat-2.17.so
7f71e1baa000-7f71e1bab000 rw-p 00008000 08:01 7343470                    /lib/x86_64-linux-gnu/libnss_compat-2.17.so
7f71e1bab000-7f71e1bd6000 r-xp 00000000 08:01 6557292                    /usr/lib/jvm/java-7-openjdk-amd64/jre/lib/amd64/libjava.so
7f71e1bd6000-7f71e1dd5000 ---p 0002b000 08:01 6557292                    /usr/lib/jvm/java-7-openjdk-amd64/jre/lib/amd64/libjava.so
7f71e1dd5000-7f71e1dd6000 r--p 0002a000 08:01 6557292                    /usr/lib/jvm/java-7-openjdk-amd64/jre/lib/amd64/libjava.so
7f71e1dd6000-7f71e1dd8000 rw-p 0002b000 08:01 6557292                    /usr/lib/jvm/java-7-openjdk-amd64/jre/lib/amd64/libjava.so
7f71e1dd8000-7f71e1de7000 r-xp 00000000 08:01 6557291                    /usr/lib/jvm/java-7-openjdk-amd64/jre/lib/amd64/libverify.so
7f71e1de7000-7f71e1fe6000 ---p 0000f000 08:01 6557291                    /usr/lib/jvm/java-7-openjdk-amd64/jre/lib/amd64/libverify.so
7f71e1fe6000-7f71e1fe8000 r--p 0000e000 08:01 6557291                    /usr/lib/jvm/java-7-openjdk-amd64/jre/lib/amd64/libverify.so
7f71e1fe8000-7f71e1fe9000 rw-p 00010000 08:01 6557291                    /usr/lib/jvm/java-7-openjdk-amd64/jre/lib/amd64/libverify.so
7f71e1fe9000-7f71e1ff0000 r-xp 00000000 08:01 7343458                    /lib/x86_64-linux-gnu/librt-2.17.so
7f71e1ff0000-7f71e21ef000 ---p 00007000 08:01 7343458                    /lib/x86_64-linux-gnu/librt-2.17.so
7f71e21ef000-7f71e21f0000 r--p 00006000 08:01 7343458                    /lib/x86_64-linux-gnu/librt-2.17.so
7f71e21f0000-7f71e21f1000 rw-p 00007000 08:01 7343458                    /lib/x86_64-linux-gnu/librt-2.17.so
7f71e21f1000-7f71e2205000 r-xp 00000000 08:01 7343757                    /lib/x86_64-linux-gnu/libgcc_s.so.1
7f71e2205000-7f71e2405000 ---p 00014000 08:01 7343757                    /lib/x86_64-linux-gnu/libgcc_s.so.1
7f71e2405000-7f71e2406000 r--p 00014000 08:01 7343757                    /lib/x86_64-linux-gnu/libgcc_s.so.1
7f71e2406000-7f71e2407000 rw-p 00015000 08:01 7343757                    /lib/x86_64-linux-gnu/libgcc_s.so.1
7f71e2407000-7f71e250a000 r-xp 00000000 08:01 7343469                    /lib/x86_64-linux-gnu/libm-2.17.so
7f71e250a000-7f71e270a000 ---p 00103000 08:01 7343469                    /lib/x86_64-linux-gnu/libm-2.17.so
7f71e270a000-7f71e270b000 r--p 00103000 08:01 7343469                    /lib/x86_64-linux-gnu/libm-2.17.so
7f71e270b000-7f71e270c000 rw-p 00104000 08:01 7343469                    /lib/x86_64-linux-gnu/libm-2.17.so
7f71e270c000-7f71e27f1000 r-xp 00000000 08:01 5774909                    /usr/lib/x86_64-linux-gnu/libstdc++.so.6.0.17
7f71e27f1000-7f71e29f0000 ---p 000e5000 08:01 5774909                    /usr/lib/x86_64-linux-gnu/libstdc++.so.6.0.17
7f71e29f0000-7f71e29f8000 r--p 000e4000 08:01 5774909                    /usr/lib/x86_64-linux-gnu/libstdc++.so.6.0.17
7f71e29f8000-7f71e29fa000 rw-p 000ec000 08:01 5774909                    /usr/lib/x86_64-linux-gnu/libstdc++.so.6.0.17
7f71e29fa000-7f71e2a0f000 rw-p 00000000 00:00 0 
7f71e2a0f000-7f71e33ff000 r-xp 00000000 08:01 6557296                    /usr/lib/jvm/java-7-openjdk-amd64/jre/lib/amd64/server/libjvm.so
7f71e33ff000-7f71e35fe000 ---p 009f0000 08:01 6557296                    /usr/lib/jvm/java-7-openjdk-amd64/jre/lib/amd64/server/libjvm.so
7f71e35fe000-7f71e367d000 r--p 009ef000 08:01 6557296                    /usr/lib/jvm/java-7-openjdk-amd64/jre/lib/amd64/server/libjvm.so
7f71e367d000-7f71e36a0000 rw-p 00a6e000 08:01 6557296                    /usr/lib/jvm/java-7-openjdk-amd64/jre/lib/amd64/server/libjvm.so
7f71e36a0000-7f71e36cb000 rw-p 00000000 00:00 0 
7f71e36cb000-7f71e36e1000 r-xp 00000000 08:01 7343885                    /lib/x86_64-linux-gnu/libz.so.1.2.7
7f71e36e1000-7f71e38e0000 ---p 00016000 08:01 7343885                    /lib/x86_64-linux-gnu/libz.so.1.2.7
7f71e38e0000-7f71e38e1000 r--p 00015000 08:01 7343885                    /lib/x86_64-linux-gnu/libz.so.1.2.7
7f71e38e1000-7f71e38e2000 rw-p 00016000 08:01 7343885                    /lib/x86_64-linux-gnu/libz.so.1.2.7
7f71e38e2000-7f71e38fa000 r-xp 00000000 08:01 7343449                    /lib/x86_64-linux-gnu/libpthread-2.17.so
7f71e38fa000-7f71e3af9000 ---p 00018000 08:01 7343449                    /lib/x86_64-linux-gnu/libpthread-2.17.so
7f71e3af9000-7f71e3afa000 r--p 00017000 08:01 7343449                    /lib/x86_64-linux-gnu/libpthread-2.17.so
7f71e3afa000-7f71e3afb000 rw-p 00018000 08:01 7343449                    /lib/x86_64-linux-gnu/libpthread-2.17.so
7f71e3afb000-7f71e3aff000 rw-p 00000000 00:00 0 
7f71e3aff000-7f71e3b02000 r-xp 00000000 08:01 7343454                    /lib/x86_64-linux-gnu/libdl-2.17.so
7f71e3b02000-7f71e3d01000 ---p 00003000 08:01 7343454                    /lib/x86_64-linux-gnu/libdl-2.17.so
7f71e3d01000-7f71e3d02000 r--p 00002000 08:01 7343454                    /lib/x86_64-linux-gnu/libdl-2.17.so
7f71e3d02000-7f71e3d03000 rw-p 00003000 08:01 7343454                    /lib/x86_64-linux-gnu/libdl-2.17.so
7f71e3d03000-7f71e3ec2000 r-xp 00000000 08:01 7343472                    /lib/x86_64-linux-gnu/libc-2.17.so
7f71e3ec2000-7f71e40c1000 ---p 001bf000 08:01 7343472                    /lib/x86_64-linux-gnu/libc-2.17.so
7f71e40c1000-7f71e40c5000 r--p 001be000 08:01 7343472                    /lib/x86_64-linux-gnu/libc-2.17.so
7f71e40c5000-7f71e40c7000 rw-p 001c2000 08:01 7343472                    /lib/x86_64-linux-gnu/libc-2.17.so
7f71e40c7000-7f71e40cc000 rw-p 00000000 00:00 0 
7f71e40cc000-7f71e40d9000 r-xp 00000000 08:01 6557275                    /usr/lib/jvm/java-7-openjdk-amd64/jre/lib/amd64/jli/libjli.so
7f71e40d9000-7f71e42d8000 ---p 0000d000 08:01 6557275                    /usr/lib/jvm/java-7-openjdk-amd64/jre/lib/amd64/jli/libjli.so
7f71e42d8000-7f71e42d9000 r--p 0000c000 08:01 6557275                    /usr/lib/jvm/java-7-openjdk-amd64/jre/lib/amd64/jli/libjli.so
7f71e42d9000-7f71e42da000 rw-p 0000d000 08:01 6557275                    /usr/lib/jvm/java-7-openjdk-amd64/jre/lib/amd64/jli/libjli.so
7f71e42da000-7f71e42fd000 r-xp 00000000 08:01 7342576                    /lib/x86_64-linux-gnu/ld-2.17.so
7f71e4317000-7f71e4321000 rw-p 00000000 00:00 0 
7f71e4321000-7f71e43d7000 rw-p 00000000 00:00 0 
7f71e43d7000-7f71e43da000 ---p 00000000 00:00 0 
7f71e43da000-7f71e44dd000 rw-p 00000000 00:00 0                          [stack:580]
7f71e44ee000-7f71e44f0000 rw-p 00000000 00:00 0 
7f71e44f0000-7f71e44f8000 rw-s 00000000 08:01 6030532                    /tmp/hsperfdata_meddan/576
7f71e44f8000-7f71e44f9000 rw-p 00000000 00:00 0 
7f71e44f9000-7f71e44fa000 r--p 00000000 00:00 0 
7f71e44fa000-7f71e44fc000 rw-p 00000000 00:00 0 
7f71e44fc000-7f71e44fd000 r--p 00022000 08:01 7342576                    /lib/x86_64-linux-gnu/ld-2.17.so
7f71e44fd000-7f71e44ff000 rw-p 00023000 08:01 7342576                    /lib/x86_64-linux-gnu/ld-2.17.so
7fff5307c000-7fff5309e000 rw-p 00000000 00:00 0                          [stack]
7fff531b6000-7fff531b8000 r-xp 00000000 00:00 0                          [vdso]
ffffffffff600000-ffffffffff601000 r-xp 00000000 00:00 0                  [vsyscall]

VM Arguments:
jvm_args: -Dfile.encoding=UTF-8 -Xbootclasspath:/home/meddan/android-sdks/platforms/android-15/android.jar 
java_command: org.eclipse.jdt.internal.junit.runner.RemoteTestRunner -version 3 -port 36628 -testLoaderClass org.eclipse.jdt.internal.junit.runner.junit3.JUnit3TestLoader -loaderpluginname org.eclipse.jdt.junit.runtime -classNames tests.SaveManagerTest
Launcher Type: SUN_STANDARD

Environment Variables:
PATH=/home/meddan/bin:/usr/lib/lightdm/lightdm:/usr/local/sbin:/usr/local/bin:/usr/sbin:/usr/bin:/sbin:/bin:/usr/games:/usr/local/games:/home/meddan/bin:/home/meddan/android-sdks/tools:/home/meddan/android-sdks/platform-tools
SHELL=/bin/bash
DISPLAY=:0.0

Signal Handlers:
SIGSEGV: [libjvm.so+0x84f410], sa_mask[0]=0x7ffbfeff, sa_flags=0x10000004
SIGBUS: [libjvm.so+0x84f410], sa_mask[0]=0x7ffbfeff, sa_flags=0x10000004
SIGFPE: [libjvm.so+0x6f19a0], sa_mask[0]=0x7ffbfeff, sa_flags=0x10000004
SIGPIPE: [libjvm.so+0x6f19a0], sa_mask[0]=0x7ffbfeff, sa_flags=0x10000004
SIGXFSZ: [libjvm.so+0x6f19a0], sa_mask[0]=0x7ffbfeff, sa_flags=0x10000004
SIGILL: [libjvm.so+0x6f19a0], sa_mask[0]=0x7ffbfeff, sa_flags=0x10000004
SIGUSR1: SIG_DFL, sa_mask[0]=0x00000000, sa_flags=0x00000000
SIGUSR2: [libjvm.so+0x6f1d70], sa_mask[0]=0x00000004, sa_flags=0x10000004
SIGHUP: SIG_DFL, sa_mask[0]=0x00000000, sa_flags=0x00000000
SIGINT: SIG_DFL, sa_mask[0]=0x00000000, sa_flags=0x00000000
SIGTERM: SIG_DFL, sa_mask[0]=0x00000000, sa_flags=0x00000000
SIGQUIT: SIG_DFL, sa_mask[0]=0x00000000, sa_flags=0x00000000


---------------  S Y S T E M  ---------------

OS:Ubuntu 13.04 (raring)
uname:Linux 3.8.0-30-generic #44-Ubuntu SMP Thu Aug 22 20:52:24 UTC 2013 x86_64
libc:glibc 2.17 NPTL 2.17 
rlimit: STACK 8192k, CORE 0k, NPROC 28309, NOFILE 4096, AS infinity
load average:2.32 2.47 1.98

/proc/meminfo:
MemTotal:        3642740 kB
MemFree:          725636 kB
Buffers:          122188 kB
Cached:           952056 kB
SwapCached:        59196 kB
Active:          1779008 kB
Inactive:         702000 kB
Active(anon):    1221672 kB
Inactive(anon):   195596 kB
Active(file):     557336 kB
Inactive(file):   506404 kB
Unevictable:          48 kB
Mlocked:              48 kB
SwapTotal:       3779580 kB
SwapFree:        3530980 kB
Dirty:              5432 kB
Writeback:             0 kB
AnonPages:       1389160 kB
Mapped:           137192 kB
Shmem:             10504 kB
Slab:             189636 kB
SReclaimable:     123828 kB
SUnreclaim:        65808 kB
KernelStack:        4232 kB
PageTables:        40044 kB
NFS_Unstable:          0 kB
Bounce:                0 kB
WritebackTmp:          0 kB
CommitLimit:     5600948 kB
Committed_AS:    5068816 kB
VmallocTotal:   34359738367 kB
VmallocUsed:      284104 kB
VmallocChunk:   34359411572 kB
HardwareCorrupted:     0 kB
AnonHugePages:         0 kB
HugePages_Total:       0
HugePages_Free:        0
HugePages_Rsvd:        0
HugePages_Surp:        0
Hugepagesize:       2048 kB
DirectMap4k:       50172 kB
DirectMap2M:     2684928 kB
DirectMap1G:     1048576 kB


CPU:total 2 (2 cores per cpu, 1 threads per core) family 20 model 2 stepping 0, cmov, cx8, fxsr, mmx, sse, sse2, sse3, ssse3, popcnt, mmxext, lzcnt, sse4a, tsc, tscinvbit, tscinv

/proc/cpuinfo:
processor	: 0
vendor_id	: AuthenticAMD
cpu family	: 20
model		: 2
model name	: AMD E-450 APU with Radeon(tm) HD Graphics
stepping	: 0
microcode	: 0x500010d
cpu MHz		: 1650.000
cache size	: 512 KB
physical id	: 0
siblings	: 2
core id		: 0
cpu cores	: 2
apicid		: 0
initial apicid	: 0
fpu		: yes
fpu_exception	: yes
cpuid level	: 6
wp		: yes
flags		: fpu vme de pse tsc msr pae mce cx8 apic sep mtrr pge mca cmov pat pse36 clflush mmx fxsr sse sse2 ht syscall nx mmxext fxsr_opt pdpe1gb rdtscp lm constant_tsc rep_good nopl nonstop_tsc extd_apicid aperfmperf pni monitor ssse3 cx16 popcnt lahf_lm cmp_legacy svm extapic cr8_legacy abm sse4a misalignsse 3dnowprefetch ibs skinit wdt arat hw_pstate npt lbrv svm_lock nrip_save pausefilter
bogomips	: 3293.06
TLB size	: 1024 4K pages
clflush size	: 64
cache_alignment	: 64
address sizes	: 36 bits physical, 48 bits virtual
power management: ts ttp tm stc 100mhzsteps hwpstate

processor	: 1
vendor_id	: AuthenticAMD
cpu family	: 20
model		: 2
model name	: AMD E-450 APU with Radeon(tm) HD Graphics
stepping	: 0
microcode	: 0x500010d
cpu MHz		: 1650.000
cache size	: 512 KB
physical id	: 0
siblings	: 2
core id		: 1
cpu cores	: 2
apicid		: 1
initial apicid	: 1
fpu		: yes
fpu_exception	: yes
cpuid level	: 6
wp		: yes
flags		: fpu vme de pse tsc msr pae mce cx8 apic sep mtrr pge mca cmov pat pse36 clflush mmx fxsr sse sse2 ht syscall nx mmxext fxsr_opt pdpe1gb rdtscp lm constant_tsc rep_good nopl nonstop_tsc extd_apicid aperfmperf pni monitor ssse3 cx16 popcnt lahf_lm cmp_legacy svm extapic cr8_legacy abm sse4a misalignsse 3dnowprefetch ibs skinit wdt arat hw_pstate npt lbrv svm_lock nrip_save pausefilter
bogomips	: 3293.06
TLB size	: 1024 4K pages
clflush size	: 64
cache_alignment	: 64
address sizes	: 36 bits physical, 48 bits virtual
power management: ts ttp tm stc 100mhzsteps hwpstate



Memory: 4k page, physical 3642740k(725636k free), swap 3779580k(3530980k free)

vm_info: OpenJDK 64-Bit Server VM (23.7-b01) for linux-amd64 JRE (1.7.0_25-b30), built on Jul  3 2013 13:50:39 by "buildd" with gcc 4.7.3

time: Tue Oct 22 22:29:54 2013
elapsed time: 0 seconds

